

Processing UsersController#new (for ::1 at 2009-11-25 02:52:30) [GET]

ActiveRecord::StatementInvalid (Could not find table 'users'):
  app/controllers/users_controller.rb:8:in `new'
  app/controllers/users_controller.rb:8:in `new'
  /usr/local/lib/ruby/1.8/webrick/httpserver.rb:104:in `service'
  /usr/local/lib/ruby/1.8/webrick/httpserver.rb:65:in `run'
  /usr/local/lib/ruby/1.8/webrick/server.rb:173:in `start_thread'
  /usr/local/lib/ruby/1.8/webrick/server.rb:162:in `start'
  /usr/local/lib/ruby/1.8/webrick/server.rb:162:in `start_thread'
  /usr/local/lib/ruby/1.8/webrick/server.rb:95:in `start'
  /usr/local/lib/ruby/1.8/webrick/server.rb:92:in `each'
  /usr/local/lib/ruby/1.8/webrick/server.rb:92:in `start'
  /usr/local/lib/ruby/1.8/webrick/server.rb:23:in `start'
  /usr/local/lib/ruby/1.8/webrick/server.rb:82:in `start'

Rendered rescues/_trace (149.6ms)
Rendered rescues/_request_and_response (2.7ms)
Rendering rescues/layout (internal_server_error)
  [4;36;1mSQL (0.4ms)[0m   [0;1m SELECT name
 FROM sqlite_master
 WHERE type = 'table' AND NOT name = 'sqlite_sequence'
[0m
  [4;35;1mSQL (0.3ms)[0m   [0mselect sqlite_version(*)[0m
  [4;36;1mSQL (2.2ms)[0m   [0;1mCREATE TABLE "schema_migrations" ("version" varchar(255) NOT NULL) [0m
  [4;35;1mSQL (28.8ms)[0m   [0mCREATE UNIQUE INDEX "unique_schema_migrations" ON "schema_migrations" ("version")[0m
  [4;36;1mSQL (0.4ms)[0m   [0;1m SELECT name
 FROM sqlite_master
 WHERE type = 'table' AND NOT name = 'sqlite_sequence'
[0m
  [4;35;1mSQL (0.2ms)[0m   [0mSELECT version FROM schema_migrations[0m
Migrating to CreateUsers (20091125075131)
  [4;36;1mSQL (0.5ms)[0m   [0;1m SELECT name
 FROM sqlite_master
 WHERE type = 'table' AND NOT name = 'sqlite_sequence'
[0m
  [4;35;1mSQL (0.7ms)[0m   [0mCREATE TABLE "users" ("id" INTEGER PRIMARY KEY AUTOINCREMENT NOT NULL, "login" varchar(40), "name" varchar(100) DEFAULT '', "email" varchar(100), "crypted_password" varchar(40), "salt" varchar(40), "created_at" datetime, "updated_at" datetime, "remember_token" varchar(40), "remember_token_expires_at" datetime) [0m
  [4;36;1mSQL (20.4ms)[0m   [0;1mCREATE UNIQUE INDEX "index_users_on_login" ON "users" ("login")[0m
  [4;35;1mSQL (0.3ms)[0m   [0mINSERT INTO schema_migrations (version) VALUES ('20091125075131')[0m
  [4;36;1mSQL (0.5ms)[0m   [0;1m SELECT name
 FROM sqlite_master
 WHERE type = 'table' AND NOT name = 'sqlite_sequence'
[0m
  [4;35;1mSQL (0.3ms)[0m   [0mSELECT version FROM schema_migrations[0m
  [4;36;1mSQL (0.3ms)[0m   [0;1m SELECT name
 FROM sqlite_master
 WHERE type = 'table' AND NOT name = 'sqlite_sequence'
[0m
  [4;35;1mSQL (0.4ms)[0m   [0mPRAGMA index_list("users")[0m
  [4;36;1mSQL (0.3ms)[0m   [0;1mPRAGMA index_info('index_users_on_login')[0m
  [4;36;1mSQL (0.8ms)[0m   [0;1m SELECT name
 FROM sqlite_master
 WHERE type = 'table' AND NOT name = 'sqlite_sequence'
[0m
  [4;35;1mSQL (0.3ms)[0m   [0mSELECT version FROM schema_migrations[0m
Migrating to CreateUsers (20091125075407)
  [4;36;1mSQL (0.2ms)[0m   [0;1mselect sqlite_version(*)[0m
  [4;35;1mSQL (0.5ms)[0m   [0m SELECT name
 FROM sqlite_master
 WHERE type = 'table' AND NOT name = 'sqlite_sequence'
[0m
  [4;36;1mSQL (21.8ms)[0m   [0;1mDROP TABLE "users"[0m
  [4;35;1mSQL (0.4ms)[0m   [0mCREATE TABLE "users" ("id" INTEGER PRIMARY KEY AUTOINCREMENT NOT NULL, "login" varchar(40), "name" varchar(100) DEFAULT '', "email" varchar(100), "crypted_password" varchar(40), "salt" varchar(40), "created_at" datetime, "updated_at" datetime, "remember_token" varchar(40), "remember_token_expires_at" datetime, "activation_code" varchar(40), "activated_at" datetime) [0m
  [4;36;1mSQL (0.4ms)[0m   [0;1mCREATE UNIQUE INDEX "index_users_on_login" ON "users" ("login")[0m
  [4;35;1mSQL (0.2ms)[0m   [0mINSERT INTO schema_migrations (version) VALUES ('20091125075407')[0m
  [4;36;1mSQL (0.5ms)[0m   [0;1m SELECT name
 FROM sqlite_master
 WHERE type = 'table' AND NOT name = 'sqlite_sequence'
[0m
  [4;35;1mSQL (0.3ms)[0m   [0mSELECT version FROM schema_migrations[0m
  [4;36;1mSQL (0.3ms)[0m   [0;1m SELECT name
 FROM sqlite_master
 WHERE type = 'table' AND NOT name = 'sqlite_sequence'
[0m
  [4;35;1mSQL (0.3ms)[0m   [0mPRAGMA index_list("users")[0m
  [4;36;1mSQL (0.3ms)[0m   [0;1mPRAGMA index_info('index_users_on_login')[0m


Processing UsersController#new (for ::1 at 2009-11-25 02:56:05) [GET]
Rendering users/new
Completed in 279ms (View: 268, DB: 0) | 200 OK [http://localhost/signup]


Processing UsersController#create (for ::1 at 2009-11-25 02:56:20) [POST]
  Parameters: {"commit"=>"Sign up", "authenticity_token"=>"l0ESKJHfbdS6I/UZ1TW9rp70F/eNrAo9GQ0DpxVKEZI=", "user"=>{"password_confirmation"=>"rabbit2.5", "password"=>"rabbit2.5", "login"=>"Ellis", "email"=>"eberner@gmail.com"}}
  [4;36;1mUser Load (0.4ms)[0m   [0;1mSELECT "users".id FROM "users" WHERE ("users"."login" = 'ellis') LIMIT 1[0m
  [4;35;1mUser Load (0.2ms)[0m   [0mSELECT "users".id FROM "users" WHERE ("users"."email" = 'eberner@gmail.com') LIMIT 1[0m
  [4;36;1mUser Create (0.6ms)[0m   [0;1mINSERT INTO "users" ("name", "salt", "created_at", "activated_at", "crypted_password", "remember_token_expires_at", "updated_at", "activation_code", "remember_token", "login", "email") VALUES('', '10954e7a1ed44583d1801165932ef26d5445843b', '2009-11-25 07:56:20', NULL, 'bae91af9667657f55a07271e4fded7264cedec68', NULL, '2009-11-25 07:56:20', 'b4572f40647388dd4d6cd5cff80586cd595363c9', NULL, 'ellis', 'eberner@gmail.com')[0m
Sent mail to eberner@gmail.com

Date: Wed, 25 Nov 2009 02:56:20 -0500
From: ADMINEMAIL
To: eberner@gmail.com
Subject: [YOURSITE] Please activate your new account
Mime-Version: 1.0
Content-Type: text/plain; charset=utf-8

Your account has been created.

  Username: ellis
  Password: rabbit2.5

Visit this url to activate your account:

  http://YOURSITE/activate/b4572f40647388dd4d6cd5cff80586cd595363c9
Redirected to http://localhost:3000/
Completed in 149ms (DB: 1) | 302 Found [http://localhost/users]


Processing ApplicationController#index (for ::1 at 2009-11-25 02:57:17) [GET]

ActionController::RoutingError (No route matches "/activate/b4572f40647388dd4d6cd5cff80586cd595363c9" with {:method=>:get}):
  /usr/local/lib/ruby/1.8/webrick/httpserver.rb:104:in `service'
  /usr/local/lib/ruby/1.8/webrick/httpserver.rb:65:in `run'
  /usr/local/lib/ruby/1.8/webrick/server.rb:173:in `start_thread'
  /usr/local/lib/ruby/1.8/webrick/server.rb:162:in `start'
  /usr/local/lib/ruby/1.8/webrick/server.rb:162:in `start_thread'
  /usr/local/lib/ruby/1.8/webrick/server.rb:95:in `start'
  /usr/local/lib/ruby/1.8/webrick/server.rb:92:in `each'
  /usr/local/lib/ruby/1.8/webrick/server.rb:92:in `start'
  /usr/local/lib/ruby/1.8/webrick/server.rb:23:in `start'
  /usr/local/lib/ruby/1.8/webrick/server.rb:82:in `start'

Rendering rescues/layout (not_found)


Processing ApplicationController#index (for ::1 at 2009-11-25 02:57:22) [GET]

ActionController::RoutingError (No route matches "/activate/b4572f40647388dd4d6cd5cff80586cd595363c9" with {:method=>:get}):
  /usr/local/lib/ruby/1.8/webrick/httpserver.rb:104:in `service'
  /usr/local/lib/ruby/1.8/webrick/httpserver.rb:65:in `run'
  /usr/local/lib/ruby/1.8/webrick/server.rb:173:in `start_thread'
  /usr/local/lib/ruby/1.8/webrick/server.rb:162:in `start'
  /usr/local/lib/ruby/1.8/webrick/server.rb:162:in `start_thread'
  /usr/local/lib/ruby/1.8/webrick/server.rb:95:in `start'
  /usr/local/lib/ruby/1.8/webrick/server.rb:92:in `each'
  /usr/local/lib/ruby/1.8/webrick/server.rb:92:in `start'
  /usr/local/lib/ruby/1.8/webrick/server.rb:23:in `start'
  /usr/local/lib/ruby/1.8/webrick/server.rb:82:in `start'

Rendering rescues/layout (not_found)


Processing ApplicationController#index (for ::1 at 2009-11-25 02:57:36) [GET]

ActionController::RoutingError (No route matches "/activate/" with {:method=>:get}):
  /usr/local/lib/ruby/1.8/webrick/httpserver.rb:104:in `service'
  /usr/local/lib/ruby/1.8/webrick/httpserver.rb:65:in `run'
  /usr/local/lib/ruby/1.8/webrick/server.rb:173:in `start_thread'
  /usr/local/lib/ruby/1.8/webrick/server.rb:162:in `start'
  /usr/local/lib/ruby/1.8/webrick/server.rb:162:in `start_thread'
  /usr/local/lib/ruby/1.8/webrick/server.rb:95:in `start'
  /usr/local/lib/ruby/1.8/webrick/server.rb:92:in `each'
  /usr/local/lib/ruby/1.8/webrick/server.rb:92:in `start'
  /usr/local/lib/ruby/1.8/webrick/server.rb:23:in `start'
  /usr/local/lib/ruby/1.8/webrick/server.rb:82:in `start'

Rendering rescues/layout (not_found)


Processing UsersController#activate (for ::1 at 2009-11-25 02:58:28) [GET]
  Parameters: {"activation_code"=>"b4572f40647388dd4d6cd5cff80586cd595363c9"}
  [4;35;1mUser Load (0.9ms)[0m   [0mSELECT * FROM "users" WHERE ("users"."activation_code" = 'b4572f40647388dd4d6cd5cff80586cd595363c9') LIMIT 1[0m
  [4;36;1mUser Update (22.7ms)[0m   [0;1mUPDATE "users" SET "updated_at" = '2009-11-25 07:58:28', "activated_at" = '2009-11-25 07:58:28', "activation_code" = NULL WHERE "id" = 1[0m
Sent mail to eberner@gmail.com

Date: Wed, 25 Nov 2009 02:58:28 -0500
From: ADMINEMAIL
To: eberner@gmail.com
Subject: [YOURSITE] Your account has been activated!
Mime-Version: 1.0
Content-Type: text/plain; charset=utf-8

ellis, your account has been activated.  Welcome aboard!

  http://YOURSITE/
Redirected to http://localhost:3000/login
Completed in 561ms (DB: 24) | 302 Found [http://localhost/activate/b4572f40647388dd4d6cd5cff80586cd595363c9]


Processing SessionsController#new (for ::1 at 2009-11-25 02:58:29) [GET]
Rendering sessions/new
Completed in 175ms (View: 169, DB: 0) | 200 OK [http://localhost/login]


Processing SessionsController#create (for ::1 at 2009-11-25 02:58:35) [POST]
  Parameters: {"commit"=>"Log in", "authenticity_token"=>"l0ESKJHfbdS6I/UZ1TW9rp70F/eNrAo9GQ0DpxVKEZI=", "login"=>"eberner", "password"=>"test"}
  [4;35;1mUser Load (0.6ms)[0m   [0mSELECT * FROM "users" WHERE (login = 'eberner' and activated_at IS NOT NULL) LIMIT 1[0m
Failed login for 'eberner' from ::1 at Wed Nov 25 07:58:35 UTC 2009
Rendering sessions/new
Completed in 14ms (View: 6, DB: 1) | 200 OK [http://localhost/session]


Processing SessionsController#create (for ::1 at 2009-11-25 02:58:39) [POST]
  Parameters: {"commit"=>"Log in", "authenticity_token"=>"l0ESKJHfbdS6I/UZ1TW9rp70F/eNrAo9GQ0DpxVKEZI=", "login"=>"eberner", "password"=>"rabbit2.5"}
  [4;36;1mUser Load (0.5ms)[0m   [0;1mSELECT * FROM "users" WHERE (login = 'eberner' and activated_at IS NOT NULL) LIMIT 1[0m
Failed login for 'eberner' from ::1 at Wed Nov 25 07:58:39 UTC 2009
Rendering sessions/new
Completed in 14ms (View: 6, DB: 1) | 200 OK [http://localhost/session]


Processing SessionsController#create (for ::1 at 2009-11-25 02:58:53) [POST]
  Parameters: {"commit"=>"Log in", "authenticity_token"=>"l0ESKJHfbdS6I/UZ1TW9rp70F/eNrAo9GQ0DpxVKEZI=", "login"=>"ellis", "password"=>"rabbit2.5"}
  [4;35;1mUser Load (1.1ms)[0m   [0mSELECT * FROM "users" WHERE (login = 'ellis' and activated_at IS NOT NULL) LIMIT 1[0m
Redirected to http://localhost:3000/
Completed in 19ms (DB: 1) | 302 Found [http://localhost/session]
  [4;36;1mUser Load (0.8ms)[0m   [0;1mSELECT * FROM "users" WHERE ("users"."id" = 1) [0m


Processing UsersController#index (for ::1 at 2009-11-25 03:12:44) [GET]

ActionController::UnknownAction (No action responded to index. Actions: activate, create, and new):
  /usr/local/lib/ruby/1.8/webrick/httpserver.rb:104:in `service'
  /usr/local/lib/ruby/1.8/webrick/httpserver.rb:65:in `run'
  /usr/local/lib/ruby/1.8/webrick/server.rb:173:in `start_thread'
  /usr/local/lib/ruby/1.8/webrick/server.rb:162:in `start'
  /usr/local/lib/ruby/1.8/webrick/server.rb:162:in `start_thread'
  /usr/local/lib/ruby/1.8/webrick/server.rb:95:in `start'
  /usr/local/lib/ruby/1.8/webrick/server.rb:92:in `each'
  /usr/local/lib/ruby/1.8/webrick/server.rb:92:in `start'
  /usr/local/lib/ruby/1.8/webrick/server.rb:23:in `start'
  /usr/local/lib/ruby/1.8/webrick/server.rb:82:in `start'

Rendering rescues/layout (not_found)


Processing UsersController#index (for ::1 at 2009-11-25 03:12:58) [GET]

ActionView::MissingTemplate (Missing template users/index.erb in view path app/views):
  /usr/local/lib/ruby/1.8/webrick/httpserver.rb:104:in `service'
  /usr/local/lib/ruby/1.8/webrick/httpserver.rb:65:in `run'
  /usr/local/lib/ruby/1.8/webrick/server.rb:173:in `start_thread'
  /usr/local/lib/ruby/1.8/webrick/server.rb:162:in `start'
  /usr/local/lib/ruby/1.8/webrick/server.rb:162:in `start_thread'
  /usr/local/lib/ruby/1.8/webrick/server.rb:95:in `start'
  /usr/local/lib/ruby/1.8/webrick/server.rb:92:in `each'
  /usr/local/lib/ruby/1.8/webrick/server.rb:92:in `start'
  /usr/local/lib/ruby/1.8/webrick/server.rb:23:in `start'
  /usr/local/lib/ruby/1.8/webrick/server.rb:82:in `start'

Rendering rescues/layout (internal_server_error)


Processing UsersController#index (for ::1 at 2009-11-25 03:13:18) [GET]
Rendering users/index
Completed in 324ms (View: 319, DB: 0) | 200 OK [http://localhost/]


Processing UsersController#index (for ::1 at 2009-11-25 03:13:23) [GET]
Rendering users/index
Completed in 15ms (View: 10, DB: 0) | 200 OK [http://localhost/]


Processing UsersController#index (for ::1 at 2009-11-25 03:31:27) [GET]
Rendering users/index
Completed in 7ms (View: 1, DB: 0) | 200 OK [http://localhost/]


Processing UsersController#new (for ::1 at 2009-11-25 03:31:31) [GET]
Rendering users/new
Completed in 201ms (View: 164, DB: 0) | 200 OK [http://localhost/signup]


Processing UsersController#create (for ::1 at 2009-11-25 03:31:49) [POST]
  Parameters: {"commit"=>"Sign up", "authenticity_token"=>"l0ESKJHfbdS6I/UZ1TW9rp70F/eNrAo9GQ0DpxVKEZI=", "user"=>{"uploaded_data"=>#<File:/var/folders/LW/LW9uCMSvEu8AD+13pAJeWE+++TI/-Tmp-/RackMultipart73302-0>, "password_confirmation"=>"rabbit2.5", "password"=>"rabbit2.5", "login"=>"eberner", "email"=>"bernee@rpi.edu"}}
WARNING: Can't mass-assign these protected attributes: uploaded_data
  [4;36;1mUser Load (0.3ms)[0m   [0;1mSELECT "users".id FROM "users" WHERE ("users"."login" = 'eberner') LIMIT 1[0m
  [4;35;1mUser Load (0.2ms)[0m   [0mSELECT "users".id FROM "users" WHERE ("users"."email" = 'bernee@rpi.edu') LIMIT 1[0m
  [4;36;1mUser Create (0.7ms)[0m   [0;1mINSERT INTO "users" ("name", "salt", "created_at", "activated_at", "crypted_password", "remember_token_expires_at", "updated_at", "activation_code", "remember_token", "login", "email") VALUES('', '88c06315109ab277954d7c297337a0c204b35c5f', '2009-11-25 08:31:49', NULL, '2b658c0689d87b8bc2f23254900ffe3d91db93ef', NULL, '2009-11-25 08:31:49', 'f84a7700ba47fbf705f866de6ef187feb9e23e16', NULL, 'eberner', 'bernee@rpi.edu')[0m
Sent mail to bernee@rpi.edu

Date: Wed, 25 Nov 2009 03:31:49 -0500
From: PicPocket
To: bernee@rpi.edu
Subject: Activate your Account | PicPocketPlease activate your new account
Mime-Version: 1.0
Content-Type: text/plain; charset=utf-8

Your account has been created.

  Username: eberner
  Password: rabbit2.5

Visit this url to activate your account:

  http://localhost:3000/activate/f84a7700ba47fbf705f866de6ef187feb9e23e16
Redirected to http://localhost:3000/
Completed in 1721ms (DB: 1) | 302 Found [http://localhost/users]


Processing UsersController#index (for ::1 at 2009-11-25 03:31:51) [GET]
Rendering users/index
Completed in 7ms (View: 1, DB: 0) | 200 OK [http://localhost/]


Processing UsersController#index (for ::1 at 2009-11-25 03:32:45) [GET]
Rendering users/index

ActionView::TemplateError (You have a nil object when you didn't expect it!
You might have expected an instance of Array.
The error occurred while evaluating nil.each) on line #2 of app/views/users/index.html.erb:
1: <h1>All User Pictures</h1>
2: <% for user in @users -%>
3:   <%= link_to image_tag(user.public_filename(:thumb)), user.public_filename %>
4: <% end -%>

    app/views/users/index.html.erb:2
    /usr/local/lib/ruby/1.8/webrick/httpserver.rb:104:in `service'
    /usr/local/lib/ruby/1.8/webrick/httpserver.rb:65:in `run'
    /usr/local/lib/ruby/1.8/webrick/server.rb:173:in `start_thread'
    /usr/local/lib/ruby/1.8/webrick/server.rb:162:in `start'
    /usr/local/lib/ruby/1.8/webrick/server.rb:162:in `start_thread'
    /usr/local/lib/ruby/1.8/webrick/server.rb:95:in `start'
    /usr/local/lib/ruby/1.8/webrick/server.rb:92:in `each'
    /usr/local/lib/ruby/1.8/webrick/server.rb:92:in `start'
    /usr/local/lib/ruby/1.8/webrick/server.rb:23:in `start'
    /usr/local/lib/ruby/1.8/webrick/server.rb:82:in `start'

Rendered rescues/_trace (87.7ms)
Rendered rescues/_request_and_response (2.8ms)
Rendering rescues/layout (internal_server_error)
  [4;36;1mSQL (0.8ms)[0m   [0;1m SELECT name
 FROM sqlite_master
 WHERE type = 'table' AND NOT name = 'sqlite_sequence'
[0m
  [4;35;1mSQL (0.3ms)[0m   [0mSELECT version FROM schema_migrations[0m
  [4;36;1mSQL (0.3ms)[0m   [0;1m SELECT name
 FROM sqlite_master
 WHERE type = 'table' AND NOT name = 'sqlite_sequence'
[0m
  [4;35;1mSQL (0.4ms)[0m   [0mSELECT version FROM schema_migrations[0m
Migrating to CreateUsers (20091125075407)
  [4;36;1mSQL (0.2ms)[0m   [0;1mselect sqlite_version(*)[0m
  [4;35;1mSQL (45.4ms)[0m   [0mDROP TABLE "users"[0m
  [4;36;1mSQL (0.3ms)[0m   [0;1mDELETE FROM schema_migrations WHERE version = '20091125075407'[0m
  [4;35;1mSQL (0.5ms)[0m   [0m SELECT name
 FROM sqlite_master
 WHERE type = 'table' AND NOT name = 'sqlite_sequence'
[0m
  [4;36;1mSQL (0.3ms)[0m   [0;1mSELECT version FROM schema_migrations[0m
  [4;35;1mSQL (0.3ms)[0m   [0m SELECT name
 FROM sqlite_master
 WHERE type = 'table' AND NOT name = 'sqlite_sequence'
[0m
  [4;36;1mSQL (0.8ms)[0m   [0;1m SELECT name
 FROM sqlite_master
 WHERE type = 'table' AND NOT name = 'sqlite_sequence'
[0m
  [4;35;1mSQL (0.3ms)[0m   [0mSELECT version FROM schema_migrations[0m
Migrating to CreateUsers (20091125075407)
  [4;36;1mSQL (0.2ms)[0m   [0;1mselect sqlite_version(*)[0m
  [4;35;1mSQL (0.4ms)[0m   [0m SELECT name
 FROM sqlite_master
 WHERE type = 'table' AND NOT name = 'sqlite_sequence'
[0m
  [4;36;1mSQL (0.6ms)[0m   [0;1mCREATE TABLE "users" ("id" INTEGER PRIMARY KEY AUTOINCREMENT NOT NULL, "login" varchar(40), "name" varchar(100) DEFAULT '', "email" varchar(100), "crypted_password" varchar(40), "salt" varchar(40), "created_at" datetime, "updated_at" datetime, "remember_token" varchar(40), "remember_token_expires_at" datetime, "activation_code" varchar(40), "activated_at" datetime) [0m
  [4;35;1mSQL (0.5ms)[0m   [0mCREATE UNIQUE INDEX "index_users_on_login" ON "users" ("login")[0m
  [4;36;1mSQL (0.2ms)[0m   [0;1mINSERT INTO schema_migrations (version) VALUES ('20091125075407')[0m
Migrating to CreatePhotos (20091125082400)
  [4;35;1mSQL (0.6ms)[0m   [0mCREATE TABLE "photos" ("id" INTEGER PRIMARY KEY AUTOINCREMENT NOT NULL, "size" integer, "height" integer, "width" integer, "parent_id" integer, "attachable_id" integer, "position" integer, "content_type" varchar(255), "filename" varchar(255), "thumbnail" varchar(255), "attachable_type" varchar(255), "created_at" datetime, "updated_at" datetime) [0m
  [4;36;1mSQL (0.3ms)[0m   [0;1mINSERT INTO schema_migrations (version) VALUES ('20091125082400')[0m
  [4;35;1mSQL (0.6ms)[0m   [0m SELECT name
 FROM sqlite_master
 WHERE type = 'table' AND NOT name = 'sqlite_sequence'
[0m
  [4;36;1mSQL (0.4ms)[0m   [0;1mSELECT version FROM schema_migrations[0m
  [4;35;1mSQL (0.4ms)[0m   [0m SELECT name
 FROM sqlite_master
 WHERE type = 'table' AND NOT name = 'sqlite_sequence'
[0m
  [4;36;1mSQL (0.2ms)[0m   [0;1mPRAGMA index_list("photos")[0m
  [4;35;1mSQL (0.4ms)[0m   [0mPRAGMA index_list("users")[0m
  [4;36;1mSQL (0.3ms)[0m   [0;1mPRAGMA index_info('index_users_on_login')[0m


Processing UsersController#index (for ::1 at 2009-11-25 04:10:26) [GET]
Rendering users/index
Completed in 317ms (View: 311, DB: 0) | 200 OK [http://localhost/]


Processing UsersController#new (for ::1 at 2009-11-25 04:10:31) [GET]
Rendering users/new
Completed in 1298ms (View: 80, DB: 0) | 200 OK [http://localhost/signup]


Processing UsersController#new (for ::1 at 2009-11-25 04:40:28) [GET]
Rendering users/new
Completed in 380ms (View: 267, DB: 0) | 200 OK [http://localhost/signup]


Processing UsersController#index (for ::1 at 2009-11-25 04:41:16) [GET]
Rendering users/index
Completed in 7ms (View: 1, DB: 0) | 200 OK [http://localhost/]


Processing UsersController#new (for ::1 at 2009-11-25 04:41:23) [GET]
Rendering users/new
Completed in 94ms (View: 14, DB: 0) | 200 OK [http://localhost/signup]


Processing SessionsController#new (for ::1 at 2009-11-25 10:54:53) [GET]
Rendering sessions/new
Completed in 393ms (View: 387, DB: 0) | 200 OK [http://localhost/login]


Processing SessionsController#destroy (for ::1 at 2009-11-25 10:55:00) [GET]
Redirected to http://localhost:3000/
Completed in 7ms (DB: 0) | 302 Found [http://localhost/logout]


Processing UsersController#index (for ::1 at 2009-11-25 10:55:02) [GET]
Rendering users/index
Completed in 7ms (View: 1, DB: 0) | 200 OK [http://localhost/]


Processing UsersController#index (for ::1 at 2009-11-25 20:12:35) [GET]
Rendering users/index
Completed in 137ms (View: 131, DB: 0) | 200 OK [http://localhost/]


Processing UsersController#index (for ::1 at 2009-11-25 20:12:39) [GET]
Rendering users/index
Completed in 7ms (View: 1, DB: 0) | 200 OK [http://localhost/users]


Processing UsersController#new (for ::1 at 2009-11-25 20:12:44) [GET]
Rendering users/new
Completed in 1348ms (View: 175, DB: 0) | 200 OK [http://localhost/signup]
  [4;36;1mUser Load (0.8ms)[0m   [0;1mSELECT * FROM "users" WHERE ("users"."id" = 1) [0m
  [4;36;1mSQL (1.2ms)[0m   [0;1m SELECT name
 FROM sqlite_master
 WHERE type = 'table' AND NOT name = 'sqlite_sequence'
[0m
  [4;35;1mSQL (0.6ms)[0m   [0mSELECT version FROM schema_migrations[0m
  [4;36;1mSQL (0.4ms)[0m   [0;1m SELECT name
 FROM sqlite_master
 WHERE type = 'table' AND NOT name = 'sqlite_sequence'
[0m
  [4;35;1mSQL (0.4ms)[0m   [0mSELECT version FROM schema_migrations[0m
Migrating to CreatePhotos (20091125082400)
  [4;36;1mSQL (0.2ms)[0m   [0;1mselect sqlite_version(*)[0m
  [4;35;1mSQL (0.0ms)[0m   [0mSQLite3::SQLException: no such index: index_photos_on_parent_id: DROP INDEX "index_photos_on_parent_id"[0m
  [4;36;1mSQL (0.9ms)[0m   [0;1m SELECT name
 FROM sqlite_master
 WHERE type = 'table' AND NOT name = 'sqlite_sequence'
[0m
  [4;35;1mSQL (0.6ms)[0m   [0mSELECT version FROM schema_migrations[0m
Migrating to CreateUsers (20091125075407)
Migrating to CreatePhotos (20091125082400)
  [4;36;1mSQL (0.3ms)[0m   [0;1mselect sqlite_version(*)[0m
  [4;35;1mSQL (0.5ms)[0m   [0m SELECT name
 FROM sqlite_master
 WHERE type = 'table' AND NOT name = 'sqlite_sequence'
[0m
  [4;36;1mSQL (0.4ms)[0m   [0;1mSELECT version FROM schema_migrations[0m
  [4;35;1mSQL (0.4ms)[0m   [0m SELECT name
 FROM sqlite_master
 WHERE type = 'table' AND NOT name = 'sqlite_sequence'
[0m
  [4;36;1mSQL (0.1ms)[0m   [0;1mPRAGMA index_list("photos")[0m
  [4;35;1mSQL (0.3ms)[0m   [0mPRAGMA index_list("users")[0m
  [4;36;1mSQL (0.3ms)[0m   [0;1mPRAGMA index_info('index_users_on_login')[0m
  [4;36;1mUser Load (1.1ms)[0m   [0;1mSELECT * FROM "users" WHERE ("users"."id" = 1) [0m
  [4;36;1mUser Load (20.7ms)[0m   [0;1mSELECT * FROM "users" WHERE ("users"."email" IN ('eberner@gmail.com')) LIMIT 1[0m
  [4;35;1mUser Load (1.0ms)[0m   [0mSELECT * FROM "users" WHERE ("users"."email" IN ('eberner@gmail.com')) LIMIT 1[0m
  [4;36;1mUser Load (13.7ms)[0m   [0;1mSELECT * FROM "users" WHERE ("users"."id" = 1) [0m
  [4;35;1mPhoto Create (40.4ms)[0m   [0mINSERT INTO "photos" ("position", "size", "created_at", "content_type", "thumbnail", "updated_at", "height", "parent_id", "filename", "attachable_type", "attachable_id", "width") VALUES(NULL, 15995, '2009-11-26 17:48:29', 'image/png', NULL, '2009-11-26 17:48:29', 128, NULL, '45.png', NULL, NULL, 128)[0m
  [4;36;1mUser Load (0.9ms)[0m   [0;1mSELECT * FROM "users" WHERE ("users"."email" IN ('eberner@gmail.com')) LIMIT 1[0m
  [4;36;1mUser Load (1.2ms)[0m   [0;1mSELECT * FROM "users" WHERE ("users"."id" = 1) [0m


Processing UsersController#index (for ::1 at 2009-11-26 23:23:49) [GET]
Rendering users/index

ActionView::TemplateError (You have a nil object when you didn't expect it!
You might have expected an instance of Array.
The error occurred while evaluating nil.each) on line #1 of app/views/users/index.html.erb:
1: <% for user in @users %>
2: 	<%= h user.username %>
3: <% end %>

    app/views/users/index.html.erb:1
    /usr/local/lib/ruby/1.8/webrick/httpserver.rb:104:in `service'
    /usr/local/lib/ruby/1.8/webrick/httpserver.rb:65:in `run'
    /usr/local/lib/ruby/1.8/webrick/server.rb:173:in `start_thread'
    /usr/local/lib/ruby/1.8/webrick/server.rb:162:in `start'
    /usr/local/lib/ruby/1.8/webrick/server.rb:162:in `start_thread'
    /usr/local/lib/ruby/1.8/webrick/server.rb:95:in `start'
    /usr/local/lib/ruby/1.8/webrick/server.rb:92:in `each'
    /usr/local/lib/ruby/1.8/webrick/server.rb:92:in `start'
    /usr/local/lib/ruby/1.8/webrick/server.rb:23:in `start'
    /usr/local/lib/ruby/1.8/webrick/server.rb:82:in `start'

Rendered rescues/_trace (138.6ms)
Rendered rescues/_request_and_response (3.0ms)
Rendering rescues/layout (internal_server_error)


Processing UsersController#index (for ::1 at 2009-11-26 23:24:18) [GET]

NameError (uninitialized constant UsersController::Users):
  app/controllers/users_controller.rb:6:in `index'
  /usr/local/lib/ruby/1.8/webrick/httpserver.rb:104:in `service'
  /usr/local/lib/ruby/1.8/webrick/httpserver.rb:65:in `run'
  /usr/local/lib/ruby/1.8/webrick/server.rb:173:in `start_thread'
  /usr/local/lib/ruby/1.8/webrick/server.rb:162:in `start'
  /usr/local/lib/ruby/1.8/webrick/server.rb:162:in `start_thread'
  /usr/local/lib/ruby/1.8/webrick/server.rb:95:in `start'
  /usr/local/lib/ruby/1.8/webrick/server.rb:92:in `each'
  /usr/local/lib/ruby/1.8/webrick/server.rb:92:in `start'
  /usr/local/lib/ruby/1.8/webrick/server.rb:23:in `start'
  /usr/local/lib/ruby/1.8/webrick/server.rb:82:in `start'

Rendered rescues/_trace (70.0ms)
Rendered rescues/_request_and_response (1.6ms)
Rendering rescues/layout (internal_server_error)


Processing UsersController#index (for ::1 at 2009-11-26 23:24:28) [GET]
  [4;36;1mSQL (1.1ms)[0m   [0;1m SELECT name
 FROM sqlite_master
 WHERE type = 'table' AND NOT name = 'sqlite_sequence'
[0m

NoMethodError (undefined method `find_all' for #<Class:0x10418a0d8>):
  app/controllers/users_controller.rb:6:in `index'
  /usr/local/lib/ruby/1.8/webrick/httpserver.rb:104:in `service'
  /usr/local/lib/ruby/1.8/webrick/httpserver.rb:65:in `run'
  /usr/local/lib/ruby/1.8/webrick/server.rb:173:in `start_thread'
  /usr/local/lib/ruby/1.8/webrick/server.rb:162:in `start'
  /usr/local/lib/ruby/1.8/webrick/server.rb:162:in `start_thread'
  /usr/local/lib/ruby/1.8/webrick/server.rb:95:in `start'
  /usr/local/lib/ruby/1.8/webrick/server.rb:92:in `each'
  /usr/local/lib/ruby/1.8/webrick/server.rb:92:in `start'
  /usr/local/lib/ruby/1.8/webrick/server.rb:23:in `start'
  /usr/local/lib/ruby/1.8/webrick/server.rb:82:in `start'

Rendered rescues/_trace (81.3ms)
Rendered rescues/_request_and_response (0.5ms)
Rendering rescues/layout (internal_server_error)


Processing UsersController#index (for ::1 at 2009-11-26 23:24:35) [GET]
  [4;35;1mUser Load (52.4ms)[0m   [0mSELECT * FROM "users" [0m
Rendering users/index

ActionView::TemplateError (undefined method `username' for #<User:0x10431ed18>) on line #2 of app/views/users/index.html.erb:
1: <% for user in @users %>
2: 	<%= h user.username %>
3: <% end %>

    app/views/users/index.html.erb:2
    app/views/users/index.html.erb:1:in `each'
    app/views/users/index.html.erb:1
    /usr/local/lib/ruby/1.8/webrick/httpserver.rb:104:in `service'
    /usr/local/lib/ruby/1.8/webrick/httpserver.rb:65:in `run'
    /usr/local/lib/ruby/1.8/webrick/server.rb:173:in `start_thread'
    /usr/local/lib/ruby/1.8/webrick/server.rb:162:in `start'
    /usr/local/lib/ruby/1.8/webrick/server.rb:162:in `start_thread'
    /usr/local/lib/ruby/1.8/webrick/server.rb:95:in `start'
    /usr/local/lib/ruby/1.8/webrick/server.rb:92:in `each'
    /usr/local/lib/ruby/1.8/webrick/server.rb:92:in `start'
    /usr/local/lib/ruby/1.8/webrick/server.rb:23:in `start'
    /usr/local/lib/ruby/1.8/webrick/server.rb:82:in `start'

Rendered rescues/_trace (86.2ms)
Rendered rescues/_request_and_response (0.5ms)
Rendering rescues/layout (internal_server_error)


Processing UsersController#index (for ::1 at 2009-11-26 23:24:55) [GET]
  [4;36;1mUser Load (1.1ms)[0m   [0;1mSELECT * FROM "users" [0m
Rendering users/index

ActionView::TemplateError (undefined method `username' for #<User:0x104482628>) on line #2 of app/views/users/index.html.erb:
1: <% for user in @users %>
2: 	<%= h user.username %>
3: <% end %>

    app/views/users/index.html.erb:2
    app/views/users/index.html.erb:1:in `each'
    app/views/users/index.html.erb:1
    /usr/local/lib/ruby/1.8/webrick/httpserver.rb:104:in `service'
    /usr/local/lib/ruby/1.8/webrick/httpserver.rb:65:in `run'
    /usr/local/lib/ruby/1.8/webrick/server.rb:173:in `start_thread'
    /usr/local/lib/ruby/1.8/webrick/server.rb:162:in `start'
    /usr/local/lib/ruby/1.8/webrick/server.rb:162:in `start_thread'
    /usr/local/lib/ruby/1.8/webrick/server.rb:95:in `start'
    /usr/local/lib/ruby/1.8/webrick/server.rb:92:in `each'
    /usr/local/lib/ruby/1.8/webrick/server.rb:92:in `start'
    /usr/local/lib/ruby/1.8/webrick/server.rb:23:in `start'
    /usr/local/lib/ruby/1.8/webrick/server.rb:82:in `start'

Rendered rescues/_trace (84.8ms)
Rendered rescues/_request_and_response (0.9ms)
Rendering rescues/layout (internal_server_error)


Processing UsersController#index (for ::1 at 2009-11-26 23:26:41) [GET]
  [4;35;1mUser Load (11.5ms)[0m   [0mSELECT * FROM "users" [0m
Rendering users/index
Completed in 38ms (View: 20, DB: 12) | 200 OK [http://localhost/]


Processing UsersController#index (for ::1 at 2009-11-26 23:26:45) [GET]
  [4;36;1mUser Load (1.1ms)[0m   [0;1mSELECT * FROM "users" [0m
Rendering users/index
Completed in 147ms (View: 138, DB: 1) | 200 OK [http://localhost/]


Processing UsersController#index (for ::1 at 2009-11-26 23:54:04) [GET]
  [4;35;1mUser Load (11.2ms)[0m   [0mSELECT * FROM "users" [0m
Rendering users/index
Completed in 49ms (View: 10, DB: 11) | 200 OK [http://localhost/]


Processing UsersController#index (for ::1 at 2009-11-26 23:54:15) [GET]
  [4;36;1mUser Load (1.4ms)[0m   [0;1mSELECT * FROM "users" [0m
Rendering users/index
Completed in 18ms (View: 10, DB: 1) | 200 OK [http://localhost/]


Processing UsersController#index (for ::1 at 2009-11-26 23:59:58) [GET]
  [4;35;1mUser Load (1.5ms)[0m   [0mSELECT * FROM "users" [0m
Rendering template within layouts/application
Rendering users/index
Completed in 416ms (View: 408, DB: 2) | 200 OK [http://localhost/]


Processing UsersController#index (for ::1 at 2009-11-27 00:13:20) [GET]
  [4;36;1mUser Load (1.6ms)[0m   [0;1mSELECT * FROM "users" [0m
Rendering template within layouts/application
Rendering users/index
Completed in 47ms (View: 37, DB: 2) | 200 OK [http://localhost/]


Processing UsersController#index (for ::1 at 2009-11-27 00:13:32) [GET]
  [4;35;1mUser Load (1.1ms)[0m   [0mSELECT * FROM "users" [0m
Rendering template within layouts/application
Rendering users/index
Completed in 53ms (View: 45, DB: 1) | 200 OK [http://localhost/]


Processing UsersController#index (for ::1 at 2009-11-27 00:13:51) [GET]
  [4;36;1mUser Load (1.1ms)[0m   [0;1mSELECT * FROM "users" [0m
Rendering template within layouts/application
Rendering users/index
Completed in 95ms (View: 87, DB: 1) | 200 OK [http://localhost/]


Processing UsersController#index (for ::1 at 2009-11-27 00:14:05) [GET]
  [4;35;1mUser Load (1.1ms)[0m   [0mSELECT * FROM "users" [0m
Rendering template within layouts/application
Rendering users/index
Completed in 110ms (View: 19, DB: 1) | 200 OK [http://localhost/]


Processing UsersController#index (for ::1 at 2009-11-27 00:14:36) [GET]
  [4;36;1mUser Load (1.1ms)[0m   [0;1mSELECT * FROM "users" [0m
Rendering template within layouts/application
Rendering users/index
ERROR: compiling _run_erb_app47views47users47index46html46erb RAISED compile error
/Users/ellis/src/PicPocket/app/views/users/index.html.erb:3: syntax error, unexpected tIDENTIFIER, expecting kDO or '{' or '('
....concat(( link_to user, h user.login ).to_s); @output_buffer...
                              ^
Function body:           def _run_erb_app47views47users47index46html46erb(local_assigns)
            old_output_buffer = output_buffer;;@output_buffer = '';  __in_erb_template=true ;  title 'Listing Users' ; @output_buffer.concat "\n"
;  for user in @users ; @output_buffer.concat "\n\t"
; @output_buffer.concat(( link_to user, h user.login ).to_s); @output_buffer.concat "\n"
;  end ; @output_buffer
          ensure
            self.output_buffer = old_output_buffer
          end
Backtrace: /Users/ellis/src/PicPocket/app/views/users/index.html.erb:7:in `compile!'
/usr/local/lib/ruby/gems/1.8/gems/actionpack-2.3.4/lib/action_view/renderable.rb:61:in `compile'
/usr/local/lib/ruby/gems/1.8/gems/actionpack-2.3.4/lib/action_view/renderable.rb:28:in `render'
/usr/local/lib/ruby/gems/1.8/gems/actionpack-2.3.4/lib/action_view/template.rb:199:in `render_template'
/usr/local/lib/ruby/gems/1.8/gems/actionpack-2.3.4/lib/action_view/base.rb:260:in `render'
/usr/local/lib/ruby/gems/1.8/gems/actionpack-2.3.4/lib/action_view/base.rb:343:in `_render_with_layout'
/usr/local/lib/ruby/gems/1.8/gems/actionpack-2.3.4/lib/action_view/base.rb:257:in `render'
/usr/local/lib/ruby/gems/1.8/gems/actionpack-2.3.4/lib/action_controller/base.rb:1250:in `render_for_file'
/usr/local/lib/ruby/gems/1.8/gems/actionpack-2.3.4/lib/action_controller/base.rb:945:in `render_without_benchmark'
/usr/local/lib/ruby/gems/1.8/gems/actionpack-2.3.4/lib/action_controller/benchmarking.rb:51:in `render'
/usr/local/lib/ruby/gems/1.8/gems/activesupport-2.3.4/lib/active_support/core_ext/benchmark.rb:17:in `ms'
/usr/local/lib/ruby/1.8/benchmark.rb:308:in `realtime'
/usr/local/lib/ruby/gems/1.8/gems/activesupport-2.3.4/lib/active_support/core_ext/benchmark.rb:17:in `ms'
/usr/local/lib/ruby/gems/1.8/gems/actionpack-2.3.4/lib/action_controller/benchmarking.rb:51:in `render'
/usr/local/lib/ruby/gems/1.8/gems/actionpack-2.3.4/lib/action_controller/base.rb:1326:in `default_render'
/usr/local/lib/ruby/gems/1.8/gems/actionpack-2.3.4/lib/action_controller/base.rb:1332:in `perform_action_without_filters'
/usr/local/lib/ruby/gems/1.8/gems/actionpack-2.3.4/lib/action_controller/filters.rb:617:in `call_filters'
/usr/local/lib/ruby/gems/1.8/gems/actionpack-2.3.4/lib/action_controller/filters.rb:610:in `perform_action_without_benchmark'
/usr/local/lib/ruby/gems/1.8/gems/actionpack-2.3.4/lib/action_controller/benchmarking.rb:68:in `perform_action_without_rescue'
/usr/local/lib/ruby/gems/1.8/gems/activesupport-2.3.4/lib/active_support/core_ext/benchmark.rb:17:in `ms'
/usr/local/lib/ruby/1.8/benchmark.rb:308:in `realtime'
/usr/local/lib/ruby/gems/1.8/gems/activesupport-2.3.4/lib/active_support/core_ext/benchmark.rb:17:in `ms'
/usr/local/lib/ruby/gems/1.8/gems/actionpack-2.3.4/lib/action_controller/benchmarking.rb:68:in `perform_action_without_rescue'
/usr/local/lib/ruby/gems/1.8/gems/actionpack-2.3.4/lib/action_controller/rescue.rb:160:in `perform_action_without_flash'
/usr/local/lib/ruby/gems/1.8/gems/actionpack-2.3.4/lib/action_controller/flash.rb:146:in `perform_action'
/usr/local/lib/ruby/gems/1.8/gems/actionpack-2.3.4/lib/action_controller/base.rb:532:in `send'
/usr/local/lib/ruby/gems/1.8/gems/actionpack-2.3.4/lib/action_controller/base.rb:532:in `process_without_filters'
/usr/local/lib/ruby/gems/1.8/gems/actionpack-2.3.4/lib/action_controller/filters.rb:606:in `process'
/usr/local/lib/ruby/gems/1.8/gems/actionpack-2.3.4/lib/action_controller/base.rb:391:in `process'
/usr/local/lib/ruby/gems/1.8/gems/actionpack-2.3.4/lib/action_controller/base.rb:386:in `call'
/usr/local/lib/ruby/gems/1.8/gems/actionpack-2.3.4/lib/action_controller/routing/route_set.rb:437:in `call'
/usr/local/lib/ruby/gems/1.8/gems/actionpack-2.3.4/lib/action_controller/dispatcher.rb:87:in `dispatch'
/usr/local/lib/ruby/gems/1.8/gems/actionpack-2.3.4/lib/action_controller/dispatcher.rb:121:in `_call'
/usr/local/lib/ruby/gems/1.8/gems/actionpack-2.3.4/lib/action_controller/dispatcher.rb:130:in `build_middleware_stack'
/usr/local/lib/ruby/gems/1.8/gems/activerecord-2.3.4/lib/active_record/query_cache.rb:29:in `call'
/usr/local/lib/ruby/gems/1.8/gems/activerecord-2.3.4/lib/active_record/query_cache.rb:29:in `call'
/usr/local/lib/ruby/gems/1.8/gems/activerecord-2.3.4/lib/active_record/connection_adapters/abstract/query_cache.rb:34:in `cache'
/usr/local/lib/ruby/gems/1.8/gems/activerecord-2.3.4/lib/active_record/query_cache.rb:9:in `cache'
/usr/local/lib/ruby/gems/1.8/gems/activerecord-2.3.4/lib/active_record/query_cache.rb:28:in `call'
/usr/local/lib/ruby/gems/1.8/gems/activerecord-2.3.4/lib/active_record/connection_adapters/abstract/connection_pool.rb:361:in `call'
/usr/local/lib/ruby/gems/1.8/gems/rack-1.0.0/lib/rack/head.rb:9:in `call'
/usr/local/lib/ruby/gems/1.8/gems/rack-1.0.0/lib/rack/methodoverride.rb:24:in `call'
/usr/local/lib/ruby/gems/1.8/gems/actionpack-2.3.4/lib/action_controller/params_parser.rb:15:in `call'
/usr/local/lib/ruby/gems/1.8/gems/actionpack-2.3.4/lib/action_controller/session/cookie_store.rb:93:in `call'
/usr/local/lib/ruby/gems/1.8/gems/actionpack-2.3.4/lib/action_controller/failsafe.rb:26:in `call'
/usr/local/lib/ruby/gems/1.8/gems/rack-1.0.0/lib/rack/lock.rb:11:in `call'
/usr/local/lib/ruby/gems/1.8/gems/rack-1.0.0/lib/rack/lock.rb:11:in `synchronize'
/usr/local/lib/ruby/gems/1.8/gems/rack-1.0.0/lib/rack/lock.rb:11:in `call'
/usr/local/lib/ruby/gems/1.8/gems/actionpack-2.3.4/lib/action_controller/dispatcher.rb:114:in `call'
/usr/local/lib/ruby/gems/1.8/gems/actionpack-2.3.4/lib/action_controller/reloader.rb:34:in `run'
/usr/local/lib/ruby/gems/1.8/gems/actionpack-2.3.4/lib/action_controller/dispatcher.rb:108:in `call'
/usr/local/lib/ruby/gems/1.8/gems/rails-2.3.4/lib/rails/rack/static.rb:31:in `call'
/usr/local/lib/ruby/gems/1.8/gems/rack-1.0.0/lib/rack/urlmap.rb:46:in `call'
/usr/local/lib/ruby/gems/1.8/gems/rack-1.0.0/lib/rack/urlmap.rb:40:in `each'
/usr/local/lib/ruby/gems/1.8/gems/rack-1.0.0/lib/rack/urlmap.rb:40:in `call'
/usr/local/lib/ruby/gems/1.8/gems/rails-2.3.4/lib/rails/rack/log_tailer.rb:17:in `call'
/usr/local/lib/ruby/gems/1.8/gems/rack-1.0.0/lib/rack/content_length.rb:13:in `call'
/usr/local/lib/ruby/gems/1.8/gems/rack-1.0.0/lib/rack/handler/webrick.rb:46:in `service'
/usr/local/lib/ruby/1.8/webrick/httpserver.rb:104:in `service'
/usr/local/lib/ruby/1.8/webrick/httpserver.rb:65:in `run'
/usr/local/lib/ruby/1.8/webrick/server.rb:173:in `start_thread'
/usr/local/lib/ruby/1.8/webrick/server.rb:162:in `start'
/usr/local/lib/ruby/1.8/webrick/server.rb:162:in `start_thread'
/usr/local/lib/ruby/1.8/webrick/server.rb:95:in `start'
/usr/local/lib/ruby/1.8/webrick/server.rb:92:in `each'
/usr/local/lib/ruby/1.8/webrick/server.rb:92:in `start'
/usr/local/lib/ruby/1.8/webrick/server.rb:23:in `start'
/usr/local/lib/ruby/1.8/webrick/server.rb:82:in `start'
/usr/local/lib/ruby/gems/1.8/gems/rack-1.0.0/lib/rack/handler/webrick.rb:13:in `run'
/usr/local/lib/ruby/gems/1.8/gems/rails-2.3.4/lib/commands/server.rb:111
/usr/local/lib/ruby/site_ruby/1.8/rubygems/custom_require.rb:31:in `gem_original_require'
/usr/local/lib/ruby/site_ruby/1.8/rubygems/custom_require.rb:31:in `require'
script/server:3

ActionView::TemplateError (compile error
/Users/ellis/src/PicPocket/app/views/users/index.html.erb:3: syntax error, unexpected tIDENTIFIER, expecting kDO or '{' or '('
....concat(( link_to user, h user.login ).to_s); @output_buffer...
                              ^) on line #3 of app/views/users/index.html.erb:
1: <%- title 'Listing Users' %>
2: <% for user in @users %>
3: 	<%= link_to user, h user.login %>
4: <% end %>

    app/views/users/index.html.erb:7:in `compile!'
    /usr/local/lib/ruby/1.8/webrick/httpserver.rb:104:in `service'
    /usr/local/lib/ruby/1.8/webrick/httpserver.rb:65:in `run'
    /usr/local/lib/ruby/1.8/webrick/server.rb:173:in `start_thread'
    /usr/local/lib/ruby/1.8/webrick/server.rb:162:in `start'
    /usr/local/lib/ruby/1.8/webrick/server.rb:162:in `start_thread'
    /usr/local/lib/ruby/1.8/webrick/server.rb:95:in `start'
    /usr/local/lib/ruby/1.8/webrick/server.rb:92:in `each'
    /usr/local/lib/ruby/1.8/webrick/server.rb:92:in `start'
    /usr/local/lib/ruby/1.8/webrick/server.rb:23:in `start'
    /usr/local/lib/ruby/1.8/webrick/server.rb:82:in `start'

Rendered rescues/_trace (82.7ms)
Rendered rescues/_request_and_response (0.5ms)
Rendering rescues/layout (internal_server_error)


Processing UsersController#index (for ::1 at 2009-11-27 00:14:45) [GET]
  [4;35;1mUser Load (1.1ms)[0m   [0mSELECT * FROM "users" [0m
Rendering template within layouts/application
Rendering users/index
Completed in 287ms (View: 279, DB: 1) | 200 OK [http://localhost/]


Processing ApplicationController#index (for ::1 at 2009-11-27 00:14:49) [GET]

ActionController::RoutingError (No route matches "/ellis" with {:method=>:get}):
  /usr/local/lib/ruby/1.8/webrick/httpserver.rb:104:in `service'
  /usr/local/lib/ruby/1.8/webrick/httpserver.rb:65:in `run'
  /usr/local/lib/ruby/1.8/webrick/server.rb:173:in `start_thread'
  /usr/local/lib/ruby/1.8/webrick/server.rb:162:in `start'
  /usr/local/lib/ruby/1.8/webrick/server.rb:162:in `start_thread'
  /usr/local/lib/ruby/1.8/webrick/server.rb:95:in `start'
  /usr/local/lib/ruby/1.8/webrick/server.rb:92:in `each'
  /usr/local/lib/ruby/1.8/webrick/server.rb:92:in `start'
  /usr/local/lib/ruby/1.8/webrick/server.rb:23:in `start'
  /usr/local/lib/ruby/1.8/webrick/server.rb:82:in `start'

Rendering rescues/layout (not_found)


Processing UsersController#index (for ::1 at 2009-11-27 00:15:00) [GET]
  [4;36;1mUser Load (1.1ms)[0m   [0;1mSELECT * FROM "users" [0m
Rendering template within layouts/application
Rendering users/index
ERROR: compiling _run_erb_app47views47users47index46html46erb RAISED compile error
/Users/ellis/src/PicPocket/app/views/users/index.html.erb:3: syntax error, unexpected ')', expecting kEND
... (h user.login), user) ).to_s); @output_buffer.concat "\n"
                              ^
Function body:           def _run_erb_app47views47users47index46html46erb(local_assigns)
            old_output_buffer = output_buffer;;@output_buffer = '';  __in_erb_template=true ;  title 'Listing Users' ; @output_buffer.concat "\n"
;  for user in @users ; @output_buffer.concat "\n\t"
; @output_buffer.concat(( link_to (h user.login), user) ).to_s); @output_buffer.concat "\n"
;  end ; @output_buffer
          ensure
            self.output_buffer = old_output_buffer
          end
Backtrace: /Users/ellis/src/PicPocket/app/views/users/index.html.erb:7:in `compile!'
/usr/local/lib/ruby/gems/1.8/gems/actionpack-2.3.4/lib/action_view/renderable.rb:61:in `compile'
/usr/local/lib/ruby/gems/1.8/gems/actionpack-2.3.4/lib/action_view/renderable.rb:28:in `render'
/usr/local/lib/ruby/gems/1.8/gems/actionpack-2.3.4/lib/action_view/template.rb:199:in `render_template'
/usr/local/lib/ruby/gems/1.8/gems/actionpack-2.3.4/lib/action_view/base.rb:260:in `render'
/usr/local/lib/ruby/gems/1.8/gems/actionpack-2.3.4/lib/action_view/base.rb:343:in `_render_with_layout'
/usr/local/lib/ruby/gems/1.8/gems/actionpack-2.3.4/lib/action_view/base.rb:257:in `render'
/usr/local/lib/ruby/gems/1.8/gems/actionpack-2.3.4/lib/action_controller/base.rb:1250:in `render_for_file'
/usr/local/lib/ruby/gems/1.8/gems/actionpack-2.3.4/lib/action_controller/base.rb:945:in `render_without_benchmark'
/usr/local/lib/ruby/gems/1.8/gems/actionpack-2.3.4/lib/action_controller/benchmarking.rb:51:in `render'
/usr/local/lib/ruby/gems/1.8/gems/activesupport-2.3.4/lib/active_support/core_ext/benchmark.rb:17:in `ms'
/usr/local/lib/ruby/1.8/benchmark.rb:308:in `realtime'
/usr/local/lib/ruby/gems/1.8/gems/activesupport-2.3.4/lib/active_support/core_ext/benchmark.rb:17:in `ms'
/usr/local/lib/ruby/gems/1.8/gems/actionpack-2.3.4/lib/action_controller/benchmarking.rb:51:in `render'
/usr/local/lib/ruby/gems/1.8/gems/actionpack-2.3.4/lib/action_controller/base.rb:1326:in `default_render'
/usr/local/lib/ruby/gems/1.8/gems/actionpack-2.3.4/lib/action_controller/base.rb:1332:in `perform_action_without_filters'
/usr/local/lib/ruby/gems/1.8/gems/actionpack-2.3.4/lib/action_controller/filters.rb:617:in `call_filters'
/usr/local/lib/ruby/gems/1.8/gems/actionpack-2.3.4/lib/action_controller/filters.rb:610:in `perform_action_without_benchmark'
/usr/local/lib/ruby/gems/1.8/gems/actionpack-2.3.4/lib/action_controller/benchmarking.rb:68:in `perform_action_without_rescue'
/usr/local/lib/ruby/gems/1.8/gems/activesupport-2.3.4/lib/active_support/core_ext/benchmark.rb:17:in `ms'
/usr/local/lib/ruby/1.8/benchmark.rb:308:in `realtime'
/usr/local/lib/ruby/gems/1.8/gems/activesupport-2.3.4/lib/active_support/core_ext/benchmark.rb:17:in `ms'
/usr/local/lib/ruby/gems/1.8/gems/actionpack-2.3.4/lib/action_controller/benchmarking.rb:68:in `perform_action_without_rescue'
/usr/local/lib/ruby/gems/1.8/gems/actionpack-2.3.4/lib/action_controller/rescue.rb:160:in `perform_action_without_flash'
/usr/local/lib/ruby/gems/1.8/gems/actionpack-2.3.4/lib/action_controller/flash.rb:146:in `perform_action'
/usr/local/lib/ruby/gems/1.8/gems/actionpack-2.3.4/lib/action_controller/base.rb:532:in `send'
/usr/local/lib/ruby/gems/1.8/gems/actionpack-2.3.4/lib/action_controller/base.rb:532:in `process_without_filters'
/usr/local/lib/ruby/gems/1.8/gems/actionpack-2.3.4/lib/action_controller/filters.rb:606:in `process'
/usr/local/lib/ruby/gems/1.8/gems/actionpack-2.3.4/lib/action_controller/base.rb:391:in `process'
/usr/local/lib/ruby/gems/1.8/gems/actionpack-2.3.4/lib/action_controller/base.rb:386:in `call'
/usr/local/lib/ruby/gems/1.8/gems/actionpack-2.3.4/lib/action_controller/routing/route_set.rb:437:in `call'
/usr/local/lib/ruby/gems/1.8/gems/actionpack-2.3.4/lib/action_controller/dispatcher.rb:87:in `dispatch'
/usr/local/lib/ruby/gems/1.8/gems/actionpack-2.3.4/lib/action_controller/dispatcher.rb:121:in `_call'
/usr/local/lib/ruby/gems/1.8/gems/actionpack-2.3.4/lib/action_controller/dispatcher.rb:130:in `build_middleware_stack'
/usr/local/lib/ruby/gems/1.8/gems/activerecord-2.3.4/lib/active_record/query_cache.rb:29:in `call'
/usr/local/lib/ruby/gems/1.8/gems/activerecord-2.3.4/lib/active_record/query_cache.rb:29:in `call'
/usr/local/lib/ruby/gems/1.8/gems/activerecord-2.3.4/lib/active_record/connection_adapters/abstract/query_cache.rb:34:in `cache'
/usr/local/lib/ruby/gems/1.8/gems/activerecord-2.3.4/lib/active_record/query_cache.rb:9:in `cache'
/usr/local/lib/ruby/gems/1.8/gems/activerecord-2.3.4/lib/active_record/query_cache.rb:28:in `call'
/usr/local/lib/ruby/gems/1.8/gems/activerecord-2.3.4/lib/active_record/connection_adapters/abstract/connection_pool.rb:361:in `call'
/usr/local/lib/ruby/gems/1.8/gems/rack-1.0.0/lib/rack/head.rb:9:in `call'
/usr/local/lib/ruby/gems/1.8/gems/rack-1.0.0/lib/rack/methodoverride.rb:24:in `call'
/usr/local/lib/ruby/gems/1.8/gems/actionpack-2.3.4/lib/action_controller/params_parser.rb:15:in `call'
/usr/local/lib/ruby/gems/1.8/gems/actionpack-2.3.4/lib/action_controller/session/cookie_store.rb:93:in `call'
/usr/local/lib/ruby/gems/1.8/gems/actionpack-2.3.4/lib/action_controller/failsafe.rb:26:in `call'
/usr/local/lib/ruby/gems/1.8/gems/rack-1.0.0/lib/rack/lock.rb:11:in `call'
/usr/local/lib/ruby/gems/1.8/gems/rack-1.0.0/lib/rack/lock.rb:11:in `synchronize'
/usr/local/lib/ruby/gems/1.8/gems/rack-1.0.0/lib/rack/lock.rb:11:in `call'
/usr/local/lib/ruby/gems/1.8/gems/actionpack-2.3.4/lib/action_controller/dispatcher.rb:114:in `call'
/usr/local/lib/ruby/gems/1.8/gems/actionpack-2.3.4/lib/action_controller/reloader.rb:34:in `run'
/usr/local/lib/ruby/gems/1.8/gems/actionpack-2.3.4/lib/action_controller/dispatcher.rb:108:in `call'
/usr/local/lib/ruby/gems/1.8/gems/rails-2.3.4/lib/rails/rack/static.rb:31:in `call'
/usr/local/lib/ruby/gems/1.8/gems/rack-1.0.0/lib/rack/urlmap.rb:46:in `call'
/usr/local/lib/ruby/gems/1.8/gems/rack-1.0.0/lib/rack/urlmap.rb:40:in `each'
/usr/local/lib/ruby/gems/1.8/gems/rack-1.0.0/lib/rack/urlmap.rb:40:in `call'
/usr/local/lib/ruby/gems/1.8/gems/rails-2.3.4/lib/rails/rack/log_tailer.rb:17:in `call'
/usr/local/lib/ruby/gems/1.8/gems/rack-1.0.0/lib/rack/content_length.rb:13:in `call'
/usr/local/lib/ruby/gems/1.8/gems/rack-1.0.0/lib/rack/handler/webrick.rb:46:in `service'
/usr/local/lib/ruby/1.8/webrick/httpserver.rb:104:in `service'
/usr/local/lib/ruby/1.8/webrick/httpserver.rb:65:in `run'
/usr/local/lib/ruby/1.8/webrick/server.rb:173:in `start_thread'
/usr/local/lib/ruby/1.8/webrick/server.rb:162:in `start'
/usr/local/lib/ruby/1.8/webrick/server.rb:162:in `start_thread'
/usr/local/lib/ruby/1.8/webrick/server.rb:95:in `start'
/usr/local/lib/ruby/1.8/webrick/server.rb:92:in `each'
/usr/local/lib/ruby/1.8/webrick/server.rb:92:in `start'
/usr/local/lib/ruby/1.8/webrick/server.rb:23:in `start'
/usr/local/lib/ruby/1.8/webrick/server.rb:82:in `start'
/usr/local/lib/ruby/gems/1.8/gems/rack-1.0.0/lib/rack/handler/webrick.rb:13:in `run'
/usr/local/lib/ruby/gems/1.8/gems/rails-2.3.4/lib/commands/server.rb:111
/usr/local/lib/ruby/site_ruby/1.8/rubygems/custom_require.rb:31:in `gem_original_require'
/usr/local/lib/ruby/site_ruby/1.8/rubygems/custom_require.rb:31:in `require'
script/server:3

ActionView::TemplateError (compile error
/Users/ellis/src/PicPocket/app/views/users/index.html.erb:3: syntax error, unexpected ')', expecting kEND
... (h user.login), user) ).to_s); @output_buffer.concat "\n"
                              ^) on line #3 of app/views/users/index.html.erb:
1: <%- title 'Listing Users' %>
2: <% for user in @users %>
3: 	<%= link_to (h user.login), user) %>
4: <% end %>

    app/views/users/index.html.erb:7:in `compile!'
    /usr/local/lib/ruby/1.8/webrick/httpserver.rb:104:in `service'
    /usr/local/lib/ruby/1.8/webrick/httpserver.rb:65:in `run'
    /usr/local/lib/ruby/1.8/webrick/server.rb:173:in `start_thread'
    /usr/local/lib/ruby/1.8/webrick/server.rb:162:in `start'
    /usr/local/lib/ruby/1.8/webrick/server.rb:162:in `start_thread'
    /usr/local/lib/ruby/1.8/webrick/server.rb:95:in `start'
    /usr/local/lib/ruby/1.8/webrick/server.rb:92:in `each'
    /usr/local/lib/ruby/1.8/webrick/server.rb:92:in `start'
    /usr/local/lib/ruby/1.8/webrick/server.rb:23:in `start'
    /usr/local/lib/ruby/1.8/webrick/server.rb:82:in `start'

Rendered rescues/_trace (85.1ms)
Rendered rescues/_request_and_response (0.5ms)
Rendering rescues/layout (internal_server_error)


Processing UsersController#index (for ::1 at 2009-11-27 00:15:13) [GET]
  [4;35;1mUser Load (1.1ms)[0m   [0mSELECT * FROM "users" [0m
Rendering template within layouts/application
Rendering users/index
Completed in 29ms (View: 21, DB: 1) | 200 OK [http://localhost/]


Processing UsersController#show (for ::1 at 2009-11-27 00:15:16) [GET]
  Parameters: {"id"=>"1"}
  [4;36;1mUser Load (0.8ms)[0m   [0;1mSELECT * FROM "users" WHERE ("users"."id" = 1) [0m
Rendering template within layouts/application
Rendering users/show
  [4;35;1mPhoto Load (26.7ms)[0m   [0mSELECT * FROM "photos" WHERE ("photos".attachable_id = 1 AND "photos".attachable_type = 'User') [0m
Completed in 1544ms (View: 1505, DB: 27) | 200 OK [http://localhost/users/1]


Processing UsersController#show (for ::1 at 2009-11-27 00:15:20) [GET]
  Parameters: {"id"=>"1"}
  [4;36;1mUser Load (0.7ms)[0m   [0;1mSELECT * FROM "users" WHERE ("users"."id" = 1) [0m
Rendering template within layouts/application
Rendering users/show
  [4;35;1mPhoto Load (0.9ms)[0m   [0mSELECT * FROM "photos" WHERE ("photos".attachable_id = 1 AND "photos".attachable_type = 'User') [0m
Completed in 107ms (View: 94, DB: 2) | 200 OK [http://localhost/users/1]


Processing UsersController#index (for ::1 at 2009-11-27 00:15:44) [GET]
  [4;36;1mUser Load (1.1ms)[0m   [0;1mSELECT * FROM "users" [0m
Rendering template within layouts/application
Rendering users/index
Completed in 21ms (View: 13, DB: 1) | 200 OK [http://localhost/]


Processing UsersController#show (for ::1 at 2009-11-27 00:15:46) [GET]
  Parameters: {"id"=>"1"}
  [4;35;1mUser Load (0.7ms)[0m   [0mSELECT * FROM "users" WHERE ("users"."id" = 1) [0m
Rendering template within layouts/application
Rendering users/show
  [4;36;1mPhoto Load (0.9ms)[0m   [0;1mSELECT * FROM "photos" WHERE ("photos".attachable_id = 1 AND "photos".attachable_type = 'User') [0m
Completed in 69ms (View: 56, DB: 2) | 200 OK [http://localhost/users/1]


Processing UsersController#show (for ::1 at 2009-11-27 00:15:55) [GET]
  Parameters: {"id"=>"1"}
  [4;35;1mUser Load (0.8ms)[0m   [0mSELECT * FROM "users" WHERE ("users"."id" = 1) [0m
Rendering template within layouts/application
Rendering users/show
  [4;36;1mPhoto Load (0.9ms)[0m   [0;1mSELECT * FROM "photos" WHERE ("photos".attachable_id = 1 AND "photos".attachable_type = 'User') [0m
Completed in 72ms (View: 59, DB: 2) | 200 OK [http://localhost/users/1]


Processing AdsController#index (for ::1 at 2009-11-27 00:16:49) [GET]
  [4;35;1mAd Load (0.0ms)[0m   [0mSQLite3::SQLException: no such table: ads: SELECT * FROM "ads" [0m

ActiveRecord::StatementInvalid (SQLite3::SQLException: no such table: ads: SELECT * FROM "ads" ):
  app/controllers/ads_controller.rb:3:in `index'
  /usr/local/lib/ruby/1.8/webrick/httpserver.rb:104:in `service'
  /usr/local/lib/ruby/1.8/webrick/httpserver.rb:65:in `run'
  /usr/local/lib/ruby/1.8/webrick/server.rb:173:in `start_thread'
  /usr/local/lib/ruby/1.8/webrick/server.rb:162:in `start'
  /usr/local/lib/ruby/1.8/webrick/server.rb:162:in `start_thread'
  /usr/local/lib/ruby/1.8/webrick/server.rb:95:in `start'
  /usr/local/lib/ruby/1.8/webrick/server.rb:92:in `each'
  /usr/local/lib/ruby/1.8/webrick/server.rb:92:in `start'
  /usr/local/lib/ruby/1.8/webrick/server.rb:23:in `start'
  /usr/local/lib/ruby/1.8/webrick/server.rb:82:in `start'

Rendered rescues/_trace (83.5ms)
Rendered rescues/_request_and_response (0.5ms)
Rendering rescues/layout (internal_server_error)
  [4;36;1mSQL (0.9ms)[0m   [0;1m SELECT name
 FROM sqlite_master
 WHERE type = 'table' AND NOT name = 'sqlite_sequence'
[0m
  [4;35;1mSQL (0.4ms)[0m   [0mSELECT version FROM schema_migrations[0m
Migrating to CreateUsers (20091125075407)
Migrating to CreatePhotos (20091125082400)
Migrating to CreateAds (20091127050415)
  [4;36;1mSQL (0.2ms)[0m   [0;1mselect sqlite_version(*)[0m
  [4;35;1mSQL (43.6ms)[0m   [0mCREATE TABLE "ads" ("id" INTEGER PRIMARY KEY AUTOINCREMENT NOT NULL, "sponsor" varchar(255), "product_name" varchar(255), "video_length" time, "created_at" datetime, "updated_at" datetime) [0m
  [4;36;1mSQL (61.0ms)[0m   [0;1mINSERT INTO schema_migrations (version) VALUES ('20091127050415')[0m
  [4;35;1mSQL (1.1ms)[0m   [0m SELECT name
 FROM sqlite_master
 WHERE type = 'table' AND NOT name = 'sqlite_sequence'
[0m
  [4;36;1mSQL (0.5ms)[0m   [0;1mSELECT version FROM schema_migrations[0m
  [4;35;1mSQL (0.5ms)[0m   [0m SELECT name
 FROM sqlite_master
 WHERE type = 'table' AND NOT name = 'sqlite_sequence'
[0m
  [4;36;1mSQL (0.2ms)[0m   [0;1mPRAGMA index_list("ads")[0m
  [4;35;1mSQL (0.1ms)[0m   [0mPRAGMA index_list("photos")[0m
  [4;36;1mSQL (0.3ms)[0m   [0;1mPRAGMA index_list("users")[0m
  [4;35;1mSQL (0.3ms)[0m   [0mPRAGMA index_info('index_users_on_login')[0m


Processing AdsController#index (for ::1 at 2009-11-27 00:17:12) [GET]
  [4;36;1mAd Load (0.5ms)[0m   [0;1mSELECT * FROM "ads" [0m
Rendering template within layouts/application
Rendering ads/index
Completed in 91ms (View: 78, DB: 1) | 200 OK [http://localhost/ads]


Processing AdsController#new (for ::1 at 2009-11-27 00:17:34) [GET]
Rendering template within layouts/application
Rendering ads/new
Rendered ads/_form (258.9ms)
Completed in 309ms (View: 295, DB: 0) | 200 OK [http://localhost/ads/new]
  [4;36;1mSQL (0.9ms)[0m   [0;1m SELECT name
 FROM sqlite_master
 WHERE type = 'table' AND NOT name = 'sqlite_sequence'
[0m
  [4;35;1mSQL (0.5ms)[0m   [0mSELECT version FROM schema_migrations[0m
  [4;36;1mSQL (0.5ms)[0m   [0;1m SELECT name
 FROM sqlite_master
 WHERE type = 'table' AND NOT name = 'sqlite_sequence'
[0m
  [4;35;1mSQL (0.5ms)[0m   [0mSELECT version FROM schema_migrations[0m
Migrating to CreateAds (20091127050415)
  [4;36;1mSQL (0.2ms)[0m   [0;1mselect sqlite_version(*)[0m
  [4;35;1mSQL (45.9ms)[0m   [0mDROP TABLE "ads"[0m
  [4;36;1mSQL (0.3ms)[0m   [0;1mDELETE FROM schema_migrations WHERE version = '20091127050415'[0m
Migrating to CreatePhotos (20091125082400)
  [4;35;1mSQL (0.8ms)[0m   [0mDROP TABLE "photos"[0m
  [4;36;1mSQL (0.2ms)[0m   [0;1mDELETE FROM schema_migrations WHERE version = '20091125082400'[0m
Migrating to CreateUsers (20091125075407)
  [4;35;1mSQL (0.8ms)[0m   [0mDROP TABLE "users"[0m
  [4;36;1mSQL (0.2ms)[0m   [0;1mDELETE FROM schema_migrations WHERE version = '20091125075407'[0m
  [4;35;1mSQL (0.6ms)[0m   [0m SELECT name
 FROM sqlite_master
 WHERE type = 'table' AND NOT name = 'sqlite_sequence'
[0m
  [4;36;1mSQL (0.3ms)[0m   [0;1mSELECT version FROM schema_migrations[0m
  [4;35;1mSQL (0.3ms)[0m   [0m SELECT name
 FROM sqlite_master
 WHERE type = 'table' AND NOT name = 'sqlite_sequence'
[0m


Processing UsersController#index (for ::1 at 2009-11-27 00:46:03) [GET]
  Parameters: {"action"=>"index", "controller"=>"users"}
Rendering template within layouts/application
Rendering users/index

ActionView::TemplateError (You have a nil object when you didn't expect it!
You might have expected an instance of Array.
The error occurred while evaluating nil.each) on line #2 of app/views/users/index.html.erb:
1: <%- title 'Listing Users' %>
2: <% for user in @users %>
3: 	<%= link_to ((h user.login), user) %>
4: <% end %>

    app/views/users/index.html.erb:2
    /usr/local/lib/ruby/1.8/webrick/httpserver.rb:104:in `service'
    /usr/local/lib/ruby/1.8/webrick/httpserver.rb:65:in `run'
    /usr/local/lib/ruby/1.8/webrick/server.rb:173:in `start_thread'
    /usr/local/lib/ruby/1.8/webrick/server.rb:162:in `start'
    /usr/local/lib/ruby/1.8/webrick/server.rb:162:in `start_thread'
    /usr/local/lib/ruby/1.8/webrick/server.rb:95:in `start'
    /usr/local/lib/ruby/1.8/webrick/server.rb:92:in `each'
    /usr/local/lib/ruby/1.8/webrick/server.rb:92:in `start'
    /usr/local/lib/ruby/1.8/webrick/server.rb:23:in `start'
    /usr/local/lib/ruby/1.8/webrick/server.rb:82:in `start'

Rendered rescues/_trace (87.4ms)
Rendered rescues/_request_and_response (2.7ms)
Rendering rescues/layout (internal_server_error)


Processing UsersController#index (for ::1 at 2009-11-27 00:46:33) [GET]
  Parameters: {"action"=>"index", "controller"=>"users"}
  [4;36;1mUser Load (0.0ms)[0m   [0;1mSQLite3::SQLException: no such table: users: SELECT * FROM "users" [0m

ActiveRecord::StatementInvalid (SQLite3::SQLException: no such table: users: SELECT * FROM "users" ):
  app/controllers/users_controller.rb:3:in `index'
  /usr/local/lib/ruby/1.8/webrick/httpserver.rb:104:in `service'
  /usr/local/lib/ruby/1.8/webrick/httpserver.rb:65:in `run'
  /usr/local/lib/ruby/1.8/webrick/server.rb:173:in `start_thread'
  /usr/local/lib/ruby/1.8/webrick/server.rb:162:in `start'
  /usr/local/lib/ruby/1.8/webrick/server.rb:162:in `start_thread'
  /usr/local/lib/ruby/1.8/webrick/server.rb:95:in `start'
  /usr/local/lib/ruby/1.8/webrick/server.rb:92:in `each'
  /usr/local/lib/ruby/1.8/webrick/server.rb:92:in `start'
  /usr/local/lib/ruby/1.8/webrick/server.rb:23:in `start'
  /usr/local/lib/ruby/1.8/webrick/server.rb:82:in `start'

Rendered rescues/_trace (177.3ms)
Rendered rescues/_request_and_response (0.6ms)
Rendering rescues/layout (internal_server_error)
  [4;36;1mSQL (0.6ms)[0m   [0;1m SELECT name
 FROM sqlite_master
 WHERE type = 'table' AND NOT name = 'sqlite_sequence'
[0m
  [4;35;1mSQL (0.3ms)[0m   [0mSELECT version FROM schema_migrations[0m
Migrating to CreatePhotos (20091125082400)
  [4;36;1mSQL (0.2ms)[0m   [0;1mselect sqlite_version(*)[0m
  [4;35;1mSQL (0.8ms)[0m   [0mCREATE TABLE "photos" ("id" INTEGER PRIMARY KEY AUTOINCREMENT NOT NULL, "title" varchar(255), "size" integer, "height" integer, "width" integer, "parent_id" integer, "attachable_id" integer, "position" integer, "content_type" varchar(255), "filename" varchar(255), "thumbnail" varchar(255), "attachable_type" varchar(255), "created_at" datetime, "updated_at" datetime) [0m
  [4;36;1mSQL (0.2ms)[0m   [0;1mCREATE INDEX "index_photos_on_parent_id" ON "photos" ("parent_id")[0m
  [4;35;1mSQL (0.2ms)[0m   [0mCREATE INDEX "index_photos_on_attachable_id_and_attachable_type" ON "photos" ("attachable_id", "attachable_type")[0m
  [4;36;1mSQL (0.2ms)[0m   [0;1mINSERT INTO schema_migrations (version) VALUES ('20091125082400')[0m
Migrating to CreateAds (20091127050415)
  [4;35;1mSQL (0.6ms)[0m   [0mCREATE TABLE "ads" ("id" INTEGER PRIMARY KEY AUTOINCREMENT NOT NULL, "sponsor" varchar(255), "product_name" varchar(255), "video_length" time, "created_at" datetime, "updated_at" datetime) [0m
  [4;36;1mSQL (0.2ms)[0m   [0;1mINSERT INTO schema_migrations (version) VALUES ('20091127050415')[0m
Migrating to CreateUsers (20091127052835)
  [4;35;1mSQL (0.6ms)[0m   [0mCREATE TABLE "users" ("id" INTEGER PRIMARY KEY AUTOINCREMENT NOT NULL, "username" varchar(255), "email" varchar(255), "password_hash" varchar(255), "password_salt" varchar(255), "created_at" datetime, "updated_at" datetime) [0m
  [4;36;1mSQL (0.2ms)[0m   [0;1mINSERT INTO schema_migrations (version) VALUES ('20091127052835')[0m
  [4;35;1mSQL (0.8ms)[0m   [0m SELECT name
 FROM sqlite_master
 WHERE type = 'table' AND NOT name = 'sqlite_sequence'
[0m
  [4;36;1mSQL (0.5ms)[0m   [0;1mSELECT version FROM schema_migrations[0m
  [4;35;1mSQL (0.5ms)[0m   [0m SELECT name
 FROM sqlite_master
 WHERE type = 'table' AND NOT name = 'sqlite_sequence'
[0m
  [4;36;1mSQL (0.1ms)[0m   [0;1mPRAGMA index_list("ads")[0m
  [4;35;1mSQL (0.4ms)[0m   [0mPRAGMA index_list("photos")[0m
  [4;36;1mSQL (0.4ms)[0m   [0;1mPRAGMA index_info('index_photos_on_attachable_id_and_attachable_type')[0m
  [4;35;1mSQL (0.3ms)[0m   [0mPRAGMA index_info('index_photos_on_parent_id')[0m
  [4;36;1mSQL (0.1ms)[0m   [0;1mPRAGMA index_list("users")[0m


Processing UsersController#index (for ::1 at 2009-11-27 00:46:44) [GET]
  Parameters: {"action"=>"index", "controller"=>"users"}
  [4;35;1mUser Load (0.6ms)[0m   [0mSELECT * FROM "users" [0m
Rendering template within layouts/application
Rendering users/index

ActionView::TemplateError (You have a nil object when you didn't expect it!
You might have expected an instance of Array.
The error occurred while evaluating nil.each) on line #2 of app/views/users/index.html.erb:
1: <%- title 'Listing Users' %>
2: <% for user in @users %>
3: 	<%= link_to ((h user.login), user) %>
4: <% end %>

    app/views/users/index.html.erb:2
    /usr/local/lib/ruby/1.8/webrick/httpserver.rb:104:in `service'
    /usr/local/lib/ruby/1.8/webrick/httpserver.rb:65:in `run'
    /usr/local/lib/ruby/1.8/webrick/server.rb:173:in `start_thread'
    /usr/local/lib/ruby/1.8/webrick/server.rb:162:in `start'
    /usr/local/lib/ruby/1.8/webrick/server.rb:162:in `start_thread'
    /usr/local/lib/ruby/1.8/webrick/server.rb:95:in `start'
    /usr/local/lib/ruby/1.8/webrick/server.rb:92:in `each'
    /usr/local/lib/ruby/1.8/webrick/server.rb:92:in `start'
    /usr/local/lib/ruby/1.8/webrick/server.rb:23:in `start'
    /usr/local/lib/ruby/1.8/webrick/server.rb:82:in `start'

Rendered rescues/_trace (85.2ms)
Rendered rescues/_request_and_response (0.5ms)
Rendering rescues/layout (internal_server_error)


Processing UsersController#index (for ::1 at 2009-11-27 00:46:46) [GET]
  Parameters: {"action"=>"index", "controller"=>"users"}
  [4;36;1mUser Load (0.5ms)[0m   [0;1mSELECT * FROM "users" [0m
Rendering template within layouts/application
Rendering users/index

ActionView::TemplateError (You have a nil object when you didn't expect it!
You might have expected an instance of Array.
The error occurred while evaluating nil.each) on line #2 of app/views/users/index.html.erb:
1: <%- title 'Listing Users' %>
2: <% for user in @users %>
3: 	<%= link_to ((h user.login), user) %>
4: <% end %>

    app/views/users/index.html.erb:2
    /usr/local/lib/ruby/1.8/webrick/httpserver.rb:104:in `service'
    /usr/local/lib/ruby/1.8/webrick/httpserver.rb:65:in `run'
    /usr/local/lib/ruby/1.8/webrick/server.rb:173:in `start_thread'
    /usr/local/lib/ruby/1.8/webrick/server.rb:162:in `start'
    /usr/local/lib/ruby/1.8/webrick/server.rb:162:in `start_thread'
    /usr/local/lib/ruby/1.8/webrick/server.rb:95:in `start'
    /usr/local/lib/ruby/1.8/webrick/server.rb:92:in `each'
    /usr/local/lib/ruby/1.8/webrick/server.rb:92:in `start'
    /usr/local/lib/ruby/1.8/webrick/server.rb:23:in `start'
    /usr/local/lib/ruby/1.8/webrick/server.rb:82:in `start'

Rendered rescues/_trace (175.8ms)
Rendered rescues/_request_and_response (0.5ms)
Rendering rescues/layout (internal_server_error)


Processing UsersController#index (for ::1 at 2009-11-27 00:47:07) [GET]
  Parameters: {"action"=>"index", "controller"=>"users"}
  [4;35;1mUser Load (0.5ms)[0m   [0mSELECT * FROM "users" [0m
Rendering template within layouts/application
Rendering users/index
Completed in 19ms (View: 5, DB: 1) | 200 OK [http://localhost/]


Processing UsersController#index (for ::1 at 2009-11-27 00:47:14) [GET]
  Parameters: {"action"=>"index", "controller"=>"users"}
  [4;36;1mUser Load (0.5ms)[0m   [0;1mSELECT * FROM "users" [0m
Rendering template within layouts/application
Rendering users/index
Completed in 17ms (View: 3, DB: 1) | 200 OK [http://localhost/users]


Processing UsersController#index (for ::1 at 2009-11-27 00:47:17) [GET]
  Parameters: {"action"=>"index", "controller"=>"users"}
  [4;35;1mUser Load (0.5ms)[0m   [0mSELECT * FROM "users" [0m
Rendering template within layouts/application
Rendering users/index
Completed in 17ms (View: 3, DB: 1) | 200 OK [http://localhost/users]


Processing UsersController#new (for ::1 at 2009-11-27 00:48:04) [GET]
  Parameters: {"action"=>"new", "controller"=>"users"}
Rendering template within layouts/application
Rendering users/new
Completed in 192ms (View: 87, DB: 0) | 200 OK [http://localhost/users/new]


Processing SessionsController#new (for ::1 at 2009-11-27 00:48:17) [GET]
  Parameters: {"action"=>"new", "controller"=>"sessions"}
Rendering template within layouts/application
Rendering sessions/new
Completed in 24ms (View: 18, DB: 0) | 200 OK [http://localhost/sessions/new]


Processing SessionsController#new (for ::1 at 2009-11-27 00:48:21) [GET]
  Parameters: {"action"=>"new", "controller"=>"sessions"}
Rendering template within layouts/application
Rendering sessions/new
Completed in 12ms (View: 6, DB: 0) | 200 OK [http://localhost/login]


Processing UsersController#new (for ::1 at 2009-11-27 00:48:24) [GET]
  Parameters: {"action"=>"new", "controller"=>"users"}
Rendering template within layouts/application
Rendering users/new
Completed in 30ms (View: 14, DB: 0) | 200 OK [http://localhost/signup]


Processing UsersController#new (for ::1 at 2009-11-27 01:46:09) [GET]
  Parameters: {"action"=>"new", "controller"=>"users"}
Rendering template within layouts/application
Rendering users/new
Completed in 44ms (View: 26, DB: 0) | 200 OK [http://localhost/signup]


Processing UsersController#index (for ::1 at 2009-11-27 01:46:11) [GET]
  Parameters: {"action"=>"index", "controller"=>"users"}
  [4;36;1mUser Load (0.6ms)[0m   [0;1mSELECT * FROM "users" [0m
Rendering template within layouts/application
Rendering users/index
Completed in 100ms (View: 3, DB: 1) | 200 OK [http://localhost/]


Processing UsersController#show (for ::1 at 2009-11-27 01:46:28) [GET]
  Parameters: {"action"=>"show", "id"=>"1", "controller"=>"users"}
Rendering template within layouts/application
Rendering users/show

ActionView::TemplateError (You have a nil object when you didn't expect it!
The error occurred while evaluating nil.login) on line #1 of app/views/users/show.html.erb:
1: <% title @user.login %>
2: <% for photo in @user.photos %>
3: 	<%= image_tag photo.public_filename %>
4: <% end %>

    app/views/users/show.html.erb:1
    /usr/local/lib/ruby/1.8/webrick/httpserver.rb:104:in `service'
    /usr/local/lib/ruby/1.8/webrick/httpserver.rb:65:in `run'
    /usr/local/lib/ruby/1.8/webrick/server.rb:173:in `start_thread'
    /usr/local/lib/ruby/1.8/webrick/server.rb:162:in `start'
    /usr/local/lib/ruby/1.8/webrick/server.rb:162:in `start_thread'
    /usr/local/lib/ruby/1.8/webrick/server.rb:95:in `start'
    /usr/local/lib/ruby/1.8/webrick/server.rb:92:in `each'
    /usr/local/lib/ruby/1.8/webrick/server.rb:92:in `start'
    /usr/local/lib/ruby/1.8/webrick/server.rb:23:in `start'
    /usr/local/lib/ruby/1.8/webrick/server.rb:82:in `start'

Rendered rescues/_trace (83.7ms)
Rendered rescues/_request_and_response (0.5ms)
Rendering rescues/layout (internal_server_error)


Processing UsersController#new (for ::1 at 2009-11-27 01:46:30) [GET]
  Parameters: {"action"=>"new", "controller"=>"users"}
Rendering template within layouts/application
Rendering users/new
Completed in 31ms (View: 14, DB: 0) | 200 OK [http://localhost/users/new]


Processing UsersController#create (for ::1 at 2009-11-27 01:46:37) [POST]
  Parameters: {"commit"=>"Sign up", "action"=>"create", "authenticity_token"=>"rXKqjX6YxgJKhUlWQOi5z/PaSJLhJ/oqR23lB3hukSM=", "controller"=>"users", "user"=>{"password_confirmation"=>"[FILTERED]", "username"=>"eberner", "password"=>"[FILTERED]", "email"=>"eberner@gmail.com"}}
  [4;35;1mUser Load (0.3ms)[0m   [0mSELECT "users".id FROM "users" WHERE ("users"."username" = 'eberner') LIMIT 1[0m
  [4;36;1mUser Load (0.1ms)[0m   [0;1mSELECT "users".id FROM "users" WHERE ("users"."email" = 'eberner@gmail.com') LIMIT 1[0m
  [4;35;1mUser Create (25.1ms)[0m   [0mINSERT INTO "users" ("created_at", "updated_at", "username", "password_salt", "password_hash", "email") VALUES('2009-11-27 06:46:37', '2009-11-27 06:46:37', 'eberner', '2fd1ff45a4d38f78e718c29126ede2dcbf254462', 'bd980294dae72053663ef47ce64e87f75bc043ac', 'eberner@gmail.com')[0m
Redirected to http://localhost:3000/
Completed in 56ms (DB: 26) | 302 Found [http://localhost/users]


Processing UsersController#index (for ::1 at 2009-11-27 01:46:38) [GET]
  Parameters: {"action"=>"index", "controller"=>"users"}
  [4;36;1mUser Load (0.9ms)[0m   [0;1mSELECT * FROM "users" [0m
Rendering template within layouts/application
Rendering users/index

ActionView::TemplateError (undefined method `login' for #<User:0x1044505b0>) on line #3 of app/views/users/index.html.erb:
1: <%- title 'Listing Users' %>
2: <% for user in @users %>
3: 	<%= link_to ((h user.login), user) %>
4: <% end %>

    app/views/users/index.html.erb:3
    app/views/users/index.html.erb:2:in `each'
    app/views/users/index.html.erb:2
    /usr/local/lib/ruby/1.8/webrick/httpserver.rb:104:in `service'
    /usr/local/lib/ruby/1.8/webrick/httpserver.rb:65:in `run'
    /usr/local/lib/ruby/1.8/webrick/server.rb:173:in `start_thread'
    /usr/local/lib/ruby/1.8/webrick/server.rb:162:in `start'
    /usr/local/lib/ruby/1.8/webrick/server.rb:162:in `start_thread'
    /usr/local/lib/ruby/1.8/webrick/server.rb:95:in `start'
    /usr/local/lib/ruby/1.8/webrick/server.rb:92:in `each'
    /usr/local/lib/ruby/1.8/webrick/server.rb:92:in `start'
    /usr/local/lib/ruby/1.8/webrick/server.rb:23:in `start'
    /usr/local/lib/ruby/1.8/webrick/server.rb:82:in `start'

Rendered rescues/_trace (85.6ms)
Rendered rescues/_request_and_response (0.5ms)
Rendering rescues/layout (internal_server_error)


Processing UsersController#index (for ::1 at 2009-11-27 01:47:52) [GET]
  Parameters: {"action"=>"index", "controller"=>"users"}
  [4;35;1mUser Load (0.9ms)[0m   [0mSELECT * FROM "users" [0m
Rendering template within layouts/application
Rendering users/index
Completed in 33ms (View: 17, DB: 1) | 200 OK [http://localhost/]


Processing UsersController#index (for ::1 at 2009-11-27 01:47:56) [GET]
  Parameters: {"action"=>"index", "controller"=>"users"}
  [4;36;1mUser Load (0.9ms)[0m   [0;1mSELECT * FROM "users" [0m
Rendering template within layouts/application
Rendering users/index
Completed in 112ms (View: 9, DB: 1) | 200 OK [http://localhost/]


Processing UsersController#show (for ::1 at 2009-11-27 01:47:57) [GET]
  Parameters: {"action"=>"show", "id"=>"1", "controller"=>"users"}
Rendering template within layouts/application
Rendering users/show

ActionView::TemplateError (You have a nil object when you didn't expect it!
The error occurred while evaluating nil.login) on line #1 of app/views/users/show.html.erb:
1: <% title @user.login %>
2: <% for photo in @user.photos %>
3: 	<%= image_tag photo.public_filename %>
4: <% end %>

    app/views/users/show.html.erb:1
    /usr/local/lib/ruby/1.8/webrick/httpserver.rb:104:in `service'
    /usr/local/lib/ruby/1.8/webrick/httpserver.rb:65:in `run'
    /usr/local/lib/ruby/1.8/webrick/server.rb:173:in `start_thread'
    /usr/local/lib/ruby/1.8/webrick/server.rb:162:in `start'
    /usr/local/lib/ruby/1.8/webrick/server.rb:162:in `start_thread'
    /usr/local/lib/ruby/1.8/webrick/server.rb:95:in `start'
    /usr/local/lib/ruby/1.8/webrick/server.rb:92:in `each'
    /usr/local/lib/ruby/1.8/webrick/server.rb:92:in `start'
    /usr/local/lib/ruby/1.8/webrick/server.rb:23:in `start'
    /usr/local/lib/ruby/1.8/webrick/server.rb:82:in `start'

Rendered rescues/_trace (84.0ms)
Rendered rescues/_request_and_response (0.5ms)
Rendering rescues/layout (internal_server_error)


Processing UsersController#show (for ::1 at 2009-11-27 01:50:34) [GET]
  Parameters: {"action"=>"show", "id"=>"1", "controller"=>"users"}
Rendering template within layouts/application
Rendering users/show

ActionView::TemplateError (You have a nil object when you didn't expect it!
The error occurred while evaluating nil.username) on line #1 of app/views/users/show.html.erb:
1: <% title @user.username %>
2: <% for photo in @user.photos %>
3: 	<%= image_tag photo.public_filename %>
4: <% end %>

    app/views/users/show.html.erb:1
    /usr/local/lib/ruby/1.8/webrick/httpserver.rb:104:in `service'
    /usr/local/lib/ruby/1.8/webrick/httpserver.rb:65:in `run'
    /usr/local/lib/ruby/1.8/webrick/server.rb:173:in `start_thread'
    /usr/local/lib/ruby/1.8/webrick/server.rb:162:in `start'
    /usr/local/lib/ruby/1.8/webrick/server.rb:162:in `start_thread'
    /usr/local/lib/ruby/1.8/webrick/server.rb:95:in `start'
    /usr/local/lib/ruby/1.8/webrick/server.rb:92:in `each'
    /usr/local/lib/ruby/1.8/webrick/server.rb:92:in `start'
    /usr/local/lib/ruby/1.8/webrick/server.rb:23:in `start'
    /usr/local/lib/ruby/1.8/webrick/server.rb:82:in `start'

Rendered rescues/_trace (85.8ms)
Rendered rescues/_request_and_response (2.7ms)
Rendering rescues/layout (internal_server_error)


Processing UsersController#show (for ::1 at 2009-11-27 01:51:03) [GET]
  Parameters: {"action"=>"show", "id"=>"1", "controller"=>"users"}
  [4;36;1mUser Load (0.6ms)[0m   [0;1mSELECT * FROM "users" WHERE ("users"."id" = 1) [0m
Rendering template within layouts/application
Rendering users/show
  [4;35;1mPhoto Load (0.3ms)[0m   [0mSELECT * FROM "photos" WHERE ("photos".attachable_id = 1 AND "photos".attachable_type = 'User') [0m
Completed in 528ms (View: 517, DB: 1) | 200 OK [http://localhost/users/1]


Processing UsersController#index (for ::1 at 2009-11-27 01:51:39) [GET]
  Parameters: {"action"=>"index", "controller"=>"users"}
  [4;36;1mUser Load (0.9ms)[0m   [0;1mSELECT * FROM "users" [0m
Rendering template within layouts/application
Rendering users/index
Completed in 26ms (View: 17, DB: 1) | 200 OK [http://localhost/users/]


Processing UsersController#index (for ::1 at 2009-11-27 01:51:59) [GET]
  Parameters: {"action"=>"index", "controller"=>"users"}
  [4;35;1mUser Load (0.9ms)[0m   [0mSELECT * FROM "users" [0m
Rendering template within layouts/application
Rendering users/index
Completed in 17ms (View: 9, DB: 1) | 200 OK [http://localhost/]
  [4;36;1mSQL (1.0ms)[0m   [0;1m SELECT name
 FROM sqlite_master
 WHERE type = 'table' AND NOT name = 'sqlite_sequence'
[0m
  [4;35;1mSQL (0.5ms)[0m   [0mSELECT version FROM schema_migrations[0m
Migrating to CreatePhotos (20091125082400)
Migrating to CreateAds (20091127050415)
Migrating to CreateUsers (20091127052835)
Migrating to AddActiveToUsers (20091127070349)
  [4;36;1mSQL (0.2ms)[0m   [0;1mselect sqlite_version(*)[0m
  [4;35;1mSQL (32.0ms)[0m   [0mALTER TABLE "users" ADD "active" boolean[0m
  [4;36;1mSQL (0.2ms)[0m   [0;1mINSERT INTO schema_migrations (version) VALUES ('20091127070349')[0m
  [4;35;1mSQL (0.8ms)[0m   [0m SELECT name
 FROM sqlite_master
 WHERE type = 'table' AND NOT name = 'sqlite_sequence'
[0m
  [4;36;1mSQL (0.6ms)[0m   [0;1mSELECT version FROM schema_migrations[0m
  [4;35;1mSQL (0.5ms)[0m   [0m SELECT name
 FROM sqlite_master
 WHERE type = 'table' AND NOT name = 'sqlite_sequence'
[0m
  [4;36;1mSQL (0.1ms)[0m   [0;1mPRAGMA index_list("ads")[0m
  [4;35;1mSQL (0.7ms)[0m   [0mPRAGMA index_list("photos")[0m
  [4;36;1mSQL (0.4ms)[0m   [0;1mPRAGMA index_info('index_photos_on_attachable_id_and_attachable_type')[0m
  [4;35;1mSQL (0.3ms)[0m   [0mPRAGMA index_info('index_photos_on_parent_id')[0m
  [4;36;1mSQL (0.1ms)[0m   [0;1mPRAGMA index_list("users")[0m


Processing UsersController#index (for ::1 at 2009-11-27 02:24:35) [GET]
  Parameters: {"action"=>"index", "controller"=>"users"}
  [4;36;1mUser Load (18.1ms)[0m   [0;1mSELECT * FROM "users" [0m
Rendering template within layouts/application
Rendering users/index
Completed in 154ms (View: 76, DB: 18) | 200 OK [http://localhost/users/]


Processing UsersController#show (for ::1 at 2009-11-27 02:24:40) [GET]
  Parameters: {"action"=>"show", "id"=>"1", "controller"=>"users"}
  [4;35;1mUser Load (2.1ms)[0m   [0mSELECT * FROM "users" WHERE ("users"."id" = 1) [0m
  [4;36;1mCACHE (0.0ms)[0m   [0;1mSELECT * FROM "users" WHERE ("users"."id" = 1) [0m
Rendering template within layouts/application
Rendering users/show
  [4;35;1mPhoto Load (0.3ms)[0m   [0mSELECT * FROM "photos" WHERE ("photos".attachable_id = 1 AND "photos".attachable_type = 'User') [0m
Completed in 118ms (View: 104, DB: 2) | 200 OK [http://localhost/users/1]


Processing SessionsController#destroy (for ::1 at 2009-11-27 02:24:46) [GET]
  Parameters: {"action"=>"destroy", "controller"=>"sessions"}
Redirected to http://localhost:3000/
Completed in 6ms (DB: 0) | 302 Found [http://localhost/logout]


Processing UsersController#index (for ::1 at 2009-11-27 02:24:47) [GET]
  Parameters: {"action"=>"index", "controller"=>"users"}
  [4;36;1mUser Load (1.0ms)[0m   [0;1mSELECT * FROM "users" [0m
Rendering template within layouts/application
Rendering users/index
Completed in 18ms (View: 10, DB: 1) | 200 OK [http://localhost/]


Processing UsersController#show (for ::1 at 2009-11-27 02:24:48) [GET]
  Parameters: {"action"=>"show", "id"=>"1", "controller"=>"users"}
Redirected to http://localhost:3000/login
Filter chain halted as [:login_required] rendered_or_redirected.
Completed in 1ms (DB: 0) | 302 Found [http://localhost/users/1]


Processing SessionsController#new (for ::1 at 2009-11-27 02:24:48) [GET]
  Parameters: {"action"=>"new", "controller"=>"sessions"}
Rendering template within layouts/application
Rendering sessions/new
Completed in 53ms (View: 47, DB: 0) | 200 OK [http://localhost/login]


Processing SessionsController#create (for ::1 at 2009-11-27 02:24:53) [POST]
  Parameters: {"commit"=>"Log in", "action"=>"create", "authenticity_token"=>"rXKqjX6YxgJKhUlWQOi5z/PaSJLhJ/oqR23lB3hukSM=", "controller"=>"sessions", "login"=>"eberner", "password"=>"[FILTERED]"}
  [4;35;1mUser Load (0.7ms)[0m   [0mSELECT * FROM "users" WHERE ("users"."username" = 'eberner') LIMIT 1[0m
Rendering template within layouts/application
Rendering sessions/new
Completed in 22ms (View: 6, DB: 1) | 200 OK [http://localhost/sessions]


Processing SessionsController#create (for ::1 at 2009-11-27 02:25:00) [POST]
  Parameters: {"commit"=>"Log in", "action"=>"create", "authenticity_token"=>"rXKqjX6YxgJKhUlWQOi5z/PaSJLhJ/oqR23lB3hukSM=", "controller"=>"sessions", "login"=>"eberner@gmail.com", "password"=>"[FILTERED]"}
  [4;36;1mUser Load (0.2ms)[0m   [0;1mSELECT * FROM "users" WHERE ("users"."username" = 'eberner@gmail.com') LIMIT 1[0m
  [4;35;1mUser Load (0.6ms)[0m   [0mSELECT * FROM "users" WHERE ("users"."email" = 'eberner@gmail.com') LIMIT 1[0m
Rendering template within layouts/application
Rendering sessions/new
Completed in 22ms (View: 6, DB: 1) | 200 OK [http://localhost/sessions]


Processing UsersController#new (for ::1 at 2009-11-27 02:25:25) [GET]
  Parameters: {"action"=>"new", "controller"=>"users"}
Rendering template within layouts/application
Rendering users/new
Completed in 48ms (View: 38, DB: 0) | 200 OK [http://localhost/signup]


Processing UsersController#create (for ::1 at 2009-11-27 02:25:32) [POST]
  Parameters: {"commit"=>"Sign up", "action"=>"create", "authenticity_token"=>"rXKqjX6YxgJKhUlWQOi5z/PaSJLhJ/oqR23lB3hukSM=", "controller"=>"users", "user"=>{"password_confirmation"=>"[FILTERED]", "username"=>"eberner", "password"=>"[FILTERED]", "email"=>"eberner@gmail.com"}}
  [4;36;1mUser Load (0.4ms)[0m   [0;1mSELECT "users".id FROM "users" WHERE ("users"."username" = 'eberner') LIMIT 1[0m
  [4;35;1mUser Load (0.3ms)[0m   [0mSELECT "users".id FROM "users" WHERE ("users"."email" = 'eberner@gmail.com') LIMIT 1[0m
Rendering template within layouts/application
Rendering users/new
Completed in 48ms (View: 30, DB: 1) | 200 OK [http://localhost/users]


Processing SessionsController#new (for ::1 at 2009-11-27 02:25:34) [GET]
  Parameters: {"action"=>"new", "controller"=>"sessions"}
Rendering template within layouts/application
Rendering sessions/new
Completed in 12ms (View: 6, DB: 0) | 200 OK [http://localhost/login]


Processing SessionsController#create (for ::1 at 2009-11-27 02:25:38) [POST]
  Parameters: {"commit"=>"Log in", "action"=>"create", "authenticity_token"=>"rXKqjX6YxgJKhUlWQOi5z/PaSJLhJ/oqR23lB3hukSM=", "controller"=>"sessions", "login"=>"eberner", "password"=>"[FILTERED]"}
  [4;36;1mUser Load (0.6ms)[0m   [0;1mSELECT * FROM "users" WHERE ("users"."username" = 'eberner') LIMIT 1[0m
Rendering template within layouts/application
Rendering sessions/new
Completed in 21ms (View: 6, DB: 1) | 200 OK [http://localhost/sessions]


Processing UsersController#new (for ::1 at 2009-11-27 02:25:54) [GET]
  Parameters: {"action"=>"new", "controller"=>"users"}
Rendering template within layouts/application
Rendering users/new
Completed in 24ms (View: 14, DB: 0) | 200 OK [http://localhost/signup]


Processing UsersController#create (for ::1 at 2009-11-27 02:25:59) [POST]
  Parameters: {"commit"=>"Sign up", "action"=>"create", "authenticity_token"=>"rXKqjX6YxgJKhUlWQOi5z/PaSJLhJ/oqR23lB3hukSM=", "controller"=>"users", "user"=>{"password_confirmation"=>"[FILTERED]", "username"=>"ellis", "password"=>"[FILTERED]", "email"=>"bernee@rpi.edu"}}
  [4;35;1mUser Load (0.2ms)[0m   [0mSELECT "users".id FROM "users" WHERE ("users"."username" = 'ellis') LIMIT 1[0m
  [4;36;1mUser Load (0.1ms)[0m   [0;1mSELECT "users".id FROM "users" WHERE ("users"."email" = 'bernee@rpi.edu') LIMIT 1[0m
  [4;35;1mUser Create (20.9ms)[0m   [0mINSERT INTO "users" ("created_at", "updated_at", "username", "password_salt", "password_hash", "email", "active") VALUES('2009-11-27 07:25:59', '2009-11-27 07:25:59', 'ellis', 'a6bbbbb2cdd19f05a939ad481f2561218cbf6b92', '887ba11c8ee0723d18c5a9fa1060503414ea5748', 'bernee@rpi.edu', NULL)[0m

SyntaxError (/Users/ellis/src/PicPocket/app/models/user_mailer.rb:14: syntax error, unexpected tASSOC, expecting '}'
      body          { :user => user, :url => "http://beta.sp...
                              ^
/Users/ellis/src/PicPocket/app/models/user_mailer.rb:14: syntax error, unexpected tASSOC, expecting tCOLON2 or '[' or '.'
...      { :user => user, :url => "http://beta.spounce.com/logi...
                              ^):
  app/models/user_observer.rb:3:in `after_create'
  /usr/local/lib/ruby/1.8/observer.rb:185:in `notify_observers'
  /usr/local/lib/ruby/1.8/observer.rb:184:in `each'
  /usr/local/lib/ruby/1.8/observer.rb:184:in `notify_observers'
  app/controllers/users_controller.rb:18:in `create'
  /usr/local/lib/ruby/1.8/webrick/httpserver.rb:104:in `service'
  /usr/local/lib/ruby/1.8/webrick/httpserver.rb:65:in `run'
  /usr/local/lib/ruby/1.8/webrick/server.rb:173:in `start_thread'
  /usr/local/lib/ruby/1.8/webrick/server.rb:162:in `start'
  /usr/local/lib/ruby/1.8/webrick/server.rb:162:in `start_thread'
  /usr/local/lib/ruby/1.8/webrick/server.rb:95:in `start'
  /usr/local/lib/ruby/1.8/webrick/server.rb:92:in `each'
  /usr/local/lib/ruby/1.8/webrick/server.rb:92:in `start'
  /usr/local/lib/ruby/1.8/webrick/server.rb:23:in `start'
  /usr/local/lib/ruby/1.8/webrick/server.rb:82:in `start'

Rendered rescues/_trace (104.1ms)
Rendered rescues/_request_and_response (0.6ms)
Rendering rescues/layout (internal_server_error)


Processing UsersController#create (for ::1 at 2009-11-27 02:27:03) [POST]
  Parameters: {"commit"=>"Sign up", "action"=>"create", "authenticity_token"=>"rXKqjX6YxgJKhUlWQOi5z/PaSJLhJ/oqR23lB3hukSM=", "controller"=>"users", "user"=>{"password_confirmation"=>"[FILTERED]", "username"=>"ellis", "password"=>"[FILTERED]", "email"=>"bernee@rpi.edu"}}
  [4;36;1mUser Load (0.3ms)[0m   [0;1mSELECT "users".id FROM "users" WHERE ("users"."username" = 'ellis') LIMIT 1[0m
  [4;35;1mUser Load (0.2ms)[0m   [0mSELECT "users".id FROM "users" WHERE ("users"."email" = 'bernee@rpi.edu') LIMIT 1[0m
  [4;36;1mUser Create (0.5ms)[0m   [0;1mINSERT INTO "users" ("created_at", "updated_at", "username", "password_salt", "password_hash", "email", "active") VALUES('2009-11-27 07:27:03', '2009-11-27 07:27:03', 'ellis', 'd761ead4f57b9a53fa2fdc6f95f9db26ff7819be', '22d5f9eac34beec777b2f4baf67f0d13615baa1e', 'bernee@rpi.edu', NULL)[0m

SyntaxError (/Users/ellis/src/PicPocket/app/models/user_mailer.rb:14: syntax error, unexpected tASSOC, expecting '}'
      body          { :user => user, :url => "http://beta.sp...
                              ^
/Users/ellis/src/PicPocket/app/models/user_mailer.rb:14: syntax error, unexpected tASSOC, expecting tCOLON2 or '[' or '.'
...      { :user => user, :url => "http://beta.spounce.com/logi...
                              ^):
  app/models/user_observer.rb:3:in `after_create'
  /usr/local/lib/ruby/1.8/observer.rb:185:in `notify_observers'
  /usr/local/lib/ruby/1.8/observer.rb:184:in `each'
  /usr/local/lib/ruby/1.8/observer.rb:184:in `notify_observers'
  app/controllers/users_controller.rb:18:in `create'
  /usr/local/lib/ruby/1.8/webrick/httpserver.rb:104:in `service'
  /usr/local/lib/ruby/1.8/webrick/httpserver.rb:65:in `run'
  /usr/local/lib/ruby/1.8/webrick/server.rb:173:in `start_thread'
  /usr/local/lib/ruby/1.8/webrick/server.rb:162:in `start'
  /usr/local/lib/ruby/1.8/webrick/server.rb:162:in `start_thread'
  /usr/local/lib/ruby/1.8/webrick/server.rb:95:in `start'
  /usr/local/lib/ruby/1.8/webrick/server.rb:92:in `each'
  /usr/local/lib/ruby/1.8/webrick/server.rb:92:in `start'
  /usr/local/lib/ruby/1.8/webrick/server.rb:23:in `start'
  /usr/local/lib/ruby/1.8/webrick/server.rb:82:in `start'

Rendered rescues/_trace (102.4ms)
Rendered rescues/_request_and_response (0.6ms)
Rendering rescues/layout (internal_server_error)


Processing SessionsController#new (for ::1 at 2009-11-27 02:28:10) [GET]
  Parameters: {"action"=>"new", "controller"=>"sessions"}
Rendering template within layouts/application
Rendering sessions/new
Completed in 13ms (View: 7, DB: 0) | 200 OK [http://localhost/login]


Processing SessionsController#create (for ::1 at 2009-11-27 02:28:16) [POST]
  Parameters: {"commit"=>"Log in", "action"=>"create", "authenticity_token"=>"rXKqjX6YxgJKhUlWQOi5z/PaSJLhJ/oqR23lB3hukSM=", "controller"=>"sessions", "login"=>"ellis", "password"=>"[FILTERED]"}
  [4;35;1mUser Load (0.3ms)[0m   [0mSELECT * FROM "users" WHERE ("users"."username" = 'ellis') LIMIT 1[0m
  [4;36;1mUser Load (0.2ms)[0m   [0;1mSELECT * FROM "users" WHERE ("users"."email" = 'ellis') LIMIT 1[0m
Rendering template within layouts/application
Rendering sessions/new
Completed in 19ms (View: 6, DB: 0) | 200 OK [http://localhost/sessions]


Processing UsersController#new (for ::1 at 2009-11-27 02:28:18) [GET]
  Parameters: {"action"=>"new", "controller"=>"users"}
Rendering template within layouts/application
Rendering users/new
Completed in 24ms (View: 14, DB: 0) | 200 OK [http://localhost/signup]


Processing UsersController#create (for ::1 at 2009-11-27 02:28:23) [POST]
  Parameters: {"commit"=>"Sign up", "action"=>"create", "authenticity_token"=>"rXKqjX6YxgJKhUlWQOi5z/PaSJLhJ/oqR23lB3hukSM=", "controller"=>"users", "user"=>{"password_confirmation"=>"[FILTERED]", "username"=>"asdf", "password"=>"[FILTERED]", "email"=>"asdf@asdf.com"}}
  [4;35;1mUser Load (0.3ms)[0m   [0mSELECT "users".id FROM "users" WHERE ("users"."username" = 'asdf') LIMIT 1[0m
  [4;36;1mUser Load (0.1ms)[0m   [0;1mSELECT "users".id FROM "users" WHERE ("users"."email" = 'asdf@asdf.com') LIMIT 1[0m
  [4;35;1mUser Create (0.8ms)[0m   [0mINSERT INTO "users" ("created_at", "updated_at", "username", "password_salt", "password_hash", "email", "active") VALUES('2009-11-27 07:28:23', '2009-11-27 07:28:23', 'asdf', 'da2b1ffdacc0e9e6cd17667b6afb296d14c94465', 'b0202c9690de7d709f44c13c32847c7420bbbdcd', 'asdf@asdf.com', NULL)[0m

SyntaxError (/Users/ellis/src/PicPocket/app/models/user_mailer.rb:14: syntax error, unexpected tASSOC, expecting '}'
      body          { :user => user, :url => "http://beta.sp...
                              ^
/Users/ellis/src/PicPocket/app/models/user_mailer.rb:14: syntax error, unexpected tASSOC, expecting tCOLON2 or '[' or '.'
...      { :user => user, :url => "http://beta.spounce.com/logi...
                              ^):
  app/models/user_observer.rb:3:in `after_create'
  /usr/local/lib/ruby/1.8/observer.rb:185:in `notify_observers'
  /usr/local/lib/ruby/1.8/observer.rb:184:in `each'
  /usr/local/lib/ruby/1.8/observer.rb:184:in `notify_observers'
  app/controllers/users_controller.rb:18:in `create'
  /usr/local/lib/ruby/1.8/webrick/httpserver.rb:104:in `service'
  /usr/local/lib/ruby/1.8/webrick/httpserver.rb:65:in `run'
  /usr/local/lib/ruby/1.8/webrick/server.rb:173:in `start_thread'
  /usr/local/lib/ruby/1.8/webrick/server.rb:162:in `start'
  /usr/local/lib/ruby/1.8/webrick/server.rb:162:in `start_thread'
  /usr/local/lib/ruby/1.8/webrick/server.rb:95:in `start'
  /usr/local/lib/ruby/1.8/webrick/server.rb:92:in `each'
  /usr/local/lib/ruby/1.8/webrick/server.rb:92:in `start'
  /usr/local/lib/ruby/1.8/webrick/server.rb:23:in `start'
  /usr/local/lib/ruby/1.8/webrick/server.rb:82:in `start'

Rendered rescues/_trace (102.1ms)
Rendered rescues/_request_and_response (0.6ms)
Rendering rescues/layout (internal_server_error)


Processing UsersController#create (for ::1 at 2009-11-27 02:29:52) [POST]
  Parameters: {"commit"=>"Sign up", "action"=>"create", "authenticity_token"=>"rXKqjX6YxgJKhUlWQOi5z/PaSJLhJ/oqR23lB3hukSM=", "controller"=>"users", "user"=>{"password_confirmation"=>"[FILTERED]", "username"=>"asdf", "password"=>"[FILTERED]", "email"=>"asdf@asdf.com"}}
  [4;36;1mUser Load (0.2ms)[0m   [0;1mSELECT "users".id FROM "users" WHERE ("users"."username" = 'asdf') LIMIT 1[0m
  [4;35;1mUser Load (0.1ms)[0m   [0mSELECT "users".id FROM "users" WHERE ("users"."email" = 'asdf@asdf.com') LIMIT 1[0m
  [4;36;1mUser Create (0.4ms)[0m   [0;1mINSERT INTO "users" ("created_at", "updated_at", "username", "password_salt", "password_hash", "email", "active") VALUES('2009-11-27 07:29:52', '2009-11-27 07:29:52', 'asdf', '766c2ccde84deaef69a84537abc3b02094e5260b', '3df9b58c3a3521dae5bebf1ae95cae5ddfe24cd3', 'asdf@asdf.com', NULL)[0m

SyntaxError (/Users/ellis/src/PicPocket/app/models/user_mailer.rb:14: syntax error, unexpected tASSOC, expecting '}'
      body          { :user => user, :url => "http://beta.sp...
                              ^
/Users/ellis/src/PicPocket/app/models/user_mailer.rb:14: syntax error, unexpected tASSOC, expecting tCOLON2 or '[' or '.'
...      { :user => user, :url => "http://beta.spounce.com/logi...
                              ^):
  app/models/user_observer.rb:3:in `after_create'
  /usr/local/lib/ruby/1.8/observer.rb:185:in `notify_observers'
  /usr/local/lib/ruby/1.8/observer.rb:184:in `each'
  /usr/local/lib/ruby/1.8/observer.rb:184:in `notify_observers'
  app/controllers/users_controller.rb:18:in `create'
  /usr/local/lib/ruby/1.8/webrick/httpserver.rb:104:in `service'
  /usr/local/lib/ruby/1.8/webrick/httpserver.rb:65:in `run'
  /usr/local/lib/ruby/1.8/webrick/server.rb:173:in `start_thread'
  /usr/local/lib/ruby/1.8/webrick/server.rb:162:in `start'
  /usr/local/lib/ruby/1.8/webrick/server.rb:162:in `start_thread'
  /usr/local/lib/ruby/1.8/webrick/server.rb:95:in `start'
  /usr/local/lib/ruby/1.8/webrick/server.rb:92:in `each'
  /usr/local/lib/ruby/1.8/webrick/server.rb:92:in `start'
  /usr/local/lib/ruby/1.8/webrick/server.rb:23:in `start'
  /usr/local/lib/ruby/1.8/webrick/server.rb:82:in `start'

Rendered rescues/_trace (102.7ms)
Rendered rescues/_request_and_response (0.6ms)
Rendering rescues/layout (internal_server_error)


Processing UsersController#create (for ::1 at 2009-11-27 02:30:33) [POST]
  Parameters: {"commit"=>"Sign up", "action"=>"create", "authenticity_token"=>"rXKqjX6YxgJKhUlWQOi5z/PaSJLhJ/oqR23lB3hukSM=", "controller"=>"users", "user"=>{"password_confirmation"=>"[FILTERED]", "username"=>"asdf", "password"=>"[FILTERED]", "email"=>"asdf@asdf.com"}}
  [4;35;1mUser Load (0.2ms)[0m   [0mSELECT "users".id FROM "users" WHERE ("users"."username" = 'asdf') LIMIT 1[0m
  [4;36;1mUser Load (0.1ms)[0m   [0;1mSELECT "users".id FROM "users" WHERE ("users"."email" = 'asdf@asdf.com') LIMIT 1[0m
  [4;35;1mUser Create (0.4ms)[0m   [0mINSERT INTO "users" ("created_at", "updated_at", "username", "password_salt", "password_hash", "email", "active") VALUES('2009-11-27 07:30:33', '2009-11-27 07:30:33', 'asdf', 'a900f44d734c95d7ebcada55d9863dab3fea7ab1', 'bba1bd3d13ed39c102a8e8a19cfc76d86bb2922b', 'asdf@asdf.com', NULL)[0m

SyntaxError (/Users/ellis/src/PicPocket/app/models/user_mailer.rb:14: syntax error, unexpected tASSOC, expecting '}'
      body          {:user => user, :url => "http://example...
                             ^
/Users/ellis/src/PicPocket/app/models/user_mailer.rb:14: syntax error, unexpected tASSOC, expecting tCOLON2 or '[' or '.'
...       {:user => user, :url => "http://example.com/login"}
                              ^):
  app/models/user_observer.rb:3:in `after_create'
  /usr/local/lib/ruby/1.8/observer.rb:185:in `notify_observers'
  /usr/local/lib/ruby/1.8/observer.rb:184:in `each'
  /usr/local/lib/ruby/1.8/observer.rb:184:in `notify_observers'
  app/controllers/users_controller.rb:18:in `create'
  /usr/local/lib/ruby/1.8/webrick/httpserver.rb:104:in `service'
  /usr/local/lib/ruby/1.8/webrick/httpserver.rb:65:in `run'
  /usr/local/lib/ruby/1.8/webrick/server.rb:173:in `start_thread'
  /usr/local/lib/ruby/1.8/webrick/server.rb:162:in `start'
  /usr/local/lib/ruby/1.8/webrick/server.rb:162:in `start_thread'
  /usr/local/lib/ruby/1.8/webrick/server.rb:95:in `start'
  /usr/local/lib/ruby/1.8/webrick/server.rb:92:in `each'
  /usr/local/lib/ruby/1.8/webrick/server.rb:92:in `start'
  /usr/local/lib/ruby/1.8/webrick/server.rb:23:in `start'
  /usr/local/lib/ruby/1.8/webrick/server.rb:82:in `start'

Rendered rescues/_trace (203.6ms)
Rendered rescues/_request_and_response (0.6ms)
Rendering rescues/layout (internal_server_error)


Processing SessionsController#new (for ::1 at 2009-11-27 02:37:32) [GET]
  Parameters: {"action"=>"new", "controller"=>"sessions"}
Rendering template within layouts/application
Rendering sessions/new
Completed in 12ms (View: 7, DB: 0) | 200 OK [http://localhost/login]


Processing SessionsController#create (for ::1 at 2009-11-27 02:37:37) [POST]
  Parameters: {"commit"=>"Log in", "action"=>"create", "authenticity_token"=>"rXKqjX6YxgJKhUlWQOi5z/PaSJLhJ/oqR23lB3hukSM=", "controller"=>"sessions", "login"=>"eberner", "password"=>"[FILTERED]"}
  [4;36;1mUser Load (0.8ms)[0m   [0;1mSELECT * FROM "users" WHERE ("users"."username" = 'eberner') LIMIT 1[0m
Redirected to http://localhost:3000/users/1
Completed in 15ms (DB: 1) | 302 Found [http://localhost/sessions]


Processing UsersController#show (for ::1 at 2009-11-27 02:37:38) [GET]
  Parameters: {"action"=>"show", "id"=>"1", "controller"=>"users"}
  [4;35;1mUser Load (0.6ms)[0m   [0mSELECT * FROM "users" WHERE ("users"."id" = 1) [0m
  [4;36;1mCACHE (0.0ms)[0m   [0;1mSELECT * FROM "users" WHERE ("users"."id" = 1) [0m
Rendering template within layouts/application
Rendering users/show
  [4;35;1mPhoto Load (0.3ms)[0m   [0mSELECT * FROM "photos" WHERE ("photos".attachable_id = 1 AND "photos".attachable_type = 'User') [0m
Completed in 53ms (View: 41, DB: 1) | 200 OK [http://localhost/users/1]


Processing UsersController#show (for ::1 at 2009-11-27 02:37:39) [GET]
  Parameters: {"action"=>"show", "id"=>"1", "controller"=>"users"}
  [4;36;1mUser Load (0.7ms)[0m   [0;1mSELECT * FROM "users" WHERE ("users"."id" = 1) [0m
  [4;35;1mCACHE (0.0ms)[0m   [0mSELECT * FROM "users" WHERE ("users"."id" = 1) [0m
Rendering template within layouts/application
Rendering users/show
  [4;36;1mPhoto Load (0.4ms)[0m   [0;1mSELECT * FROM "photos" WHERE ("photos".attachable_id = 1 AND "photos".attachable_type = 'User') [0m
Completed in 138ms (View: 40, DB: 1) | 200 OK [http://localhost/users/1]
  [4;36;1mSQL (1.0ms)[0m   [0;1m SELECT name
 FROM sqlite_master
 WHERE type = 'table' AND NOT name = 'sqlite_sequence'
[0m
  [4;35;1mSQL (0.6ms)[0m   [0mSELECT version FROM schema_migrations[0m
  [4;36;1mSQL (0.5ms)[0m   [0;1m SELECT name
 FROM sqlite_master
 WHERE type = 'table' AND NOT name = 'sqlite_sequence'
[0m
  [4;35;1mSQL (0.8ms)[0m   [0mSELECT version FROM schema_migrations[0m
Migrating to AddActiveToUsers (20091127070349)
  [4;36;1mSQL (0.4ms)[0m   [0;1mselect sqlite_version(*)[0m
  [4;35;1mSQL (32.4ms)[0m   [0mCREATE TEMPORARY TABLE "altered_users" ("id" INTEGER PRIMARY KEY AUTOINCREMENT NOT NULL, "username" varchar(255), "email" varchar(255), "password_hash" varchar(255), "password_salt" varchar(255), "created_at" datetime, "updated_at" datetime, "active" boolean) [0m
  [4;36;1mSQL (0.1ms)[0m   [0;1mPRAGMA index_list("users")[0m
  [4;35;1mSQL (0.7ms)[0m   [0mDROP TABLE "users"[0m
  [4;36;1mSQL (0.3ms)[0m   [0;1mCREATE TABLE "users" ("id" INTEGER PRIMARY KEY AUTOINCREMENT NOT NULL, "username" varchar(255), "email" varchar(255), "password_hash" varchar(255), "password_salt" varchar(255), "created_at" datetime, "updated_at" datetime) [0m
  [4;35;1mSQL (0.1ms)[0m   [0mPRAGMA index_list("altered_users")[0m
  [4;36;1mSQL (0.6ms)[0m   [0;1mDROP TABLE "altered_users"[0m
  [4;35;1mSQL (0.2ms)[0m   [0mDELETE FROM schema_migrations WHERE version = '20091127070349'[0m
Migrating to CreateUsers (20091127052835)
  [4;36;1mSQL (1.0ms)[0m   [0;1mDROP TABLE "users"[0m
  [4;35;1mSQL (0.3ms)[0m   [0mDELETE FROM schema_migrations WHERE version = '20091127052835'[0m
Migrating to CreateAds (20091127050415)
  [4;36;1mSQL (0.8ms)[0m   [0;1mDROP TABLE "ads"[0m
  [4;35;1mSQL (0.4ms)[0m   [0mDELETE FROM schema_migrations WHERE version = '20091127050415'[0m
Migrating to CreatePhotos (20091125082400)
  [4;36;1mSQL (1.0ms)[0m   [0;1mDROP TABLE "photos"[0m
  [4;35;1mSQL (0.2ms)[0m   [0mDELETE FROM schema_migrations WHERE version = '20091125082400'[0m
  [4;36;1mSQL (0.4ms)[0m   [0;1m SELECT name
 FROM sqlite_master
 WHERE type = 'table' AND NOT name = 'sqlite_sequence'
[0m
  [4;35;1mSQL (0.3ms)[0m   [0mSELECT version FROM schema_migrations[0m
  [4;36;1mSQL (0.3ms)[0m   [0;1m SELECT name
 FROM sqlite_master
 WHERE type = 'table' AND NOT name = 'sqlite_sequence'
[0m
  [4;36;1mSQL (0.6ms)[0m   [0;1m SELECT name
 FROM sqlite_master
 WHERE type = 'table' AND NOT name = 'sqlite_sequence'
[0m
  [4;35;1mSQL (0.3ms)[0m   [0mSELECT version FROM schema_migrations[0m
Migrating to CreatePhotos (20091125082400)
  [4;36;1mSQL (0.2ms)[0m   [0;1mselect sqlite_version(*)[0m
  [4;35;1mSQL (0.7ms)[0m   [0mCREATE TABLE "photos" ("id" INTEGER PRIMARY KEY AUTOINCREMENT NOT NULL, "title" varchar(255), "size" integer, "height" integer, "width" integer, "parent_id" integer, "attachable_id" integer, "position" integer, "content_type" varchar(255), "filename" varchar(255), "thumbnail" varchar(255), "attachable_type" varchar(255), "created_at" datetime, "updated_at" datetime) [0m
  [4;36;1mSQL (0.2ms)[0m   [0;1mCREATE INDEX "index_photos_on_parent_id" ON "photos" ("parent_id")[0m
  [4;35;1mSQL (0.2ms)[0m   [0mCREATE INDEX "index_photos_on_attachable_id_and_attachable_type" ON "photos" ("attachable_id", "attachable_type")[0m
  [4;36;1mSQL (0.2ms)[0m   [0;1mINSERT INTO schema_migrations (version) VALUES ('20091125082400')[0m
Migrating to CreateAds (20091127050415)
  [4;35;1mSQL (0.6ms)[0m   [0mCREATE TABLE "ads" ("id" INTEGER PRIMARY KEY AUTOINCREMENT NOT NULL, "sponsor" varchar(255), "product_name" varchar(255), "video_length" time, "created_at" datetime, "updated_at" datetime) [0m
  [4;36;1mSQL (0.2ms)[0m   [0;1mINSERT INTO schema_migrations (version) VALUES ('20091127050415')[0m
Migrating to CreateUsers (20091127052835)
  [4;35;1mSQL (1.8ms)[0m   [0mCREATE TABLE "users" ("id" INTEGER PRIMARY KEY AUTOINCREMENT NOT NULL, "username" varchar(255), "email" varchar(255), "password_hash" varchar(255), "password_salt" varchar(255), "activation_code" varchar(255), "activated_at" datetime, "reset_code" varchar(255), "created_at" datetime, "updated_at" datetime) [0m
  [4;36;1mSQL (0.5ms)[0m   [0;1mINSERT INTO schema_migrations (version) VALUES ('20091127052835')[0m
  [4;35;1mSQL (0.7ms)[0m   [0m SELECT name
 FROM sqlite_master
 WHERE type = 'table' AND NOT name = 'sqlite_sequence'
[0m
  [4;36;1mSQL (0.5ms)[0m   [0;1mSELECT version FROM schema_migrations[0m
  [4;35;1mSQL (0.5ms)[0m   [0m SELECT name
 FROM sqlite_master
 WHERE type = 'table' AND NOT name = 'sqlite_sequence'
[0m
  [4;36;1mSQL (0.1ms)[0m   [0;1mPRAGMA index_list("ads")[0m
  [4;35;1mSQL (0.5ms)[0m   [0mPRAGMA index_list("photos")[0m
  [4;36;1mSQL (0.4ms)[0m   [0;1mPRAGMA index_info('index_photos_on_attachable_id_and_attachable_type')[0m
  [4;35;1mSQL (0.3ms)[0m   [0mPRAGMA index_info('index_photos_on_parent_id')[0m
  [4;36;1mSQL (0.2ms)[0m   [0;1mPRAGMA index_list("users")[0m


Processing UsersController#index (for ::1 at 2009-11-27 03:42:24) [GET]
  Parameters: {"action"=>"index", "controller"=>"users"}
  [4;35;1mUser Load (0.6ms)[0m   [0mSELECT * FROM "users" [0m
Rendering template within layouts/application
Rendering users/index
Completed in 156ms (View: 149, DB: 1) | 200 OK [http://localhost/]


Processing UsersController#new (for ::1 at 2009-11-27 03:42:28) [GET]
  Parameters: {"action"=>"new", "controller"=>"users"}
Rendering template within layouts/application
Rendering users/new
Completed in 26ms (View: 15, DB: 0) | 200 OK [http://localhost/signup]


Processing UsersController#create (for ::1 at 2009-11-27 03:42:37) [POST]
  Parameters: {"commit"=>"Sign up", "action"=>"create", "authenticity_token"=>"rXKqjX6YxgJKhUlWQOi5z/PaSJLhJ/oqR23lB3hukSM=", "controller"=>"users", "user"=>{"password_confirmation"=>"[FILTERED]", "username"=>"bernee", "password"=>"[FILTERED]", "email"=>"bernee@rpi.edu"}}
  [4;36;1mUser Load (0.3ms)[0m   [0;1mSELECT "users".id FROM "users" WHERE ("users"."username" = 'bernee') LIMIT 1[0m
  [4;35;1mUser Load (0.1ms)[0m   [0mSELECT "users".id FROM "users" WHERE ("users"."email" = 'bernee@rpi.edu') LIMIT 1[0m
  [4;36;1mUser Create (17.4ms)[0m   [0;1mINSERT INTO "users" ("activated_at", "created_at", "updated_at", "username", "activation_code", "password_salt", "password_hash", "reset_code", "email") VALUES(NULL, '2009-11-27 08:42:37', '2009-11-27 08:42:37', 'bernee', NULL, '0fde4c51d7e3073669c13c59576f273048da26f7', 'd3c7f08b63dde85c406bcda4e651c741c5f891c5', NULL, 'bernee@rpi.edu')[0m

NameError (undefined local variable or method `current_user' for #<UserObserver:0x103fd31b8>):
  app/models/user_observer.rb:3:in `after_create'
  /usr/local/lib/ruby/1.8/observer.rb:185:in `notify_observers'
  /usr/local/lib/ruby/1.8/observer.rb:184:in `each'
  /usr/local/lib/ruby/1.8/observer.rb:184:in `notify_observers'
  app/controllers/users_controller.rb:18:in `create'
  /usr/local/lib/ruby/1.8/webrick/httpserver.rb:104:in `service'
  /usr/local/lib/ruby/1.8/webrick/httpserver.rb:65:in `run'
  /usr/local/lib/ruby/1.8/webrick/server.rb:173:in `start_thread'
  /usr/local/lib/ruby/1.8/webrick/server.rb:162:in `start'
  /usr/local/lib/ruby/1.8/webrick/server.rb:162:in `start_thread'
  /usr/local/lib/ruby/1.8/webrick/server.rb:95:in `start'
  /usr/local/lib/ruby/1.8/webrick/server.rb:92:in `each'
  /usr/local/lib/ruby/1.8/webrick/server.rb:92:in `start'
  /usr/local/lib/ruby/1.8/webrick/server.rb:23:in `start'
  /usr/local/lib/ruby/1.8/webrick/server.rb:82:in `start'

Rendered rescues/_trace (178.1ms)
Rendered rescues/_request_and_response (0.6ms)
Rendering rescues/layout (internal_server_error)


Processing UsersController#create (for ::1 at 2009-11-27 03:42:56) [POST]
  Parameters: {"commit"=>"Sign up", "action"=>"create", "authenticity_token"=>"rXKqjX6YxgJKhUlWQOi5z/PaSJLhJ/oqR23lB3hukSM=", "controller"=>"users", "user"=>{"password_confirmation"=>"[FILTERED]", "username"=>"bernee", "password"=>"[FILTERED]", "email"=>"bernee@rpi.edu"}}
  [4;35;1mUser Load (0.3ms)[0m   [0mSELECT "users".id FROM "users" WHERE ("users"."username" = 'bernee') LIMIT 1[0m
  [4;36;1mUser Load (0.2ms)[0m   [0;1mSELECT "users".id FROM "users" WHERE ("users"."email" = 'bernee@rpi.edu') LIMIT 1[0m
  [4;35;1mUser Create (0.5ms)[0m   [0mINSERT INTO "users" ("activated_at", "created_at", "updated_at", "username", "activation_code", "password_salt", "password_hash", "reset_code", "email") VALUES(NULL, '2009-11-27 08:42:56', '2009-11-27 08:42:56', 'bernee', NULL, 'be1d9488e784fd189cb3bfa1b301375c14949409', '0498d94ed53f0dddaa6017e31ab4e316ec69b858', NULL, 'bernee@rpi.edu')[0m

NoMethodError (undefined method `welcome_email' for #<UserMailer:0x1042df2d0>):
  app/models/user_observer.rb:3:in `after_create'
  /usr/local/lib/ruby/1.8/observer.rb:185:in `notify_observers'
  /usr/local/lib/ruby/1.8/observer.rb:184:in `each'
  /usr/local/lib/ruby/1.8/observer.rb:184:in `notify_observers'
  app/controllers/users_controller.rb:18:in `create'
  /usr/local/lib/ruby/1.8/webrick/httpserver.rb:104:in `service'
  /usr/local/lib/ruby/1.8/webrick/httpserver.rb:65:in `run'
  /usr/local/lib/ruby/1.8/webrick/server.rb:173:in `start_thread'
  /usr/local/lib/ruby/1.8/webrick/server.rb:162:in `start'
  /usr/local/lib/ruby/1.8/webrick/server.rb:162:in `start_thread'
  /usr/local/lib/ruby/1.8/webrick/server.rb:95:in `start'
  /usr/local/lib/ruby/1.8/webrick/server.rb:92:in `each'
  /usr/local/lib/ruby/1.8/webrick/server.rb:92:in `start'
  /usr/local/lib/ruby/1.8/webrick/server.rb:23:in `start'
  /usr/local/lib/ruby/1.8/webrick/server.rb:82:in `start'

Rendered rescues/_trace (96.3ms)
Rendered rescues/_request_and_response (0.6ms)
Rendering rescues/layout (internal_server_error)


Processing UsersController#create (for ::1 at 2009-11-27 03:43:42) [POST]
  Parameters: {"commit"=>"Sign up", "action"=>"create", "authenticity_token"=>"rXKqjX6YxgJKhUlWQOi5z/PaSJLhJ/oqR23lB3hukSM=", "controller"=>"users", "user"=>{"password_confirmation"=>"[FILTERED]", "username"=>"bernee", "password"=>"[FILTERED]", "email"=>"bernee@rpi.edu"}}
  [4;36;1mUser Load (0.2ms)[0m   [0;1mSELECT "users".id FROM "users" WHERE ("users"."username" = 'bernee') LIMIT 1[0m
  [4;35;1mUser Load (0.1ms)[0m   [0mSELECT "users".id FROM "users" WHERE ("users"."email" = 'bernee@rpi.edu') LIMIT 1[0m
  [4;36;1mUser Create (0.5ms)[0m   [0;1mINSERT INTO "users" ("activated_at", "created_at", "updated_at", "username", "activation_code", "password_salt", "password_hash", "reset_code", "email") VALUES(NULL, '2009-11-27 08:43:42', '2009-11-27 08:43:42', 'bernee', NULL, '3bb1bc4827b7536f367627559efb7c228809e57a', '47fab883a9487b9760b2fb164c70b24b12111bc4', NULL, 'bernee@rpi.edu')[0m

ActionView::TemplateError (undefined method `login' for #<User:0x103f73240>) on line #3 of app/views/user_mailer/signup_notification.html.erb:
1: Your account has been created.
2: 
3:   Username: <%= @user.login %>
4:   Password: <%= @user.password %>
5: 
6: Visit this url to activate your account:

    app/views/user_mailer/signup_notification.html.erb:3
    app/models/user_observer.rb:3:in `after_create'
    /usr/local/lib/ruby/1.8/observer.rb:185:in `notify_observers'
    /usr/local/lib/ruby/1.8/observer.rb:184:in `each'
    /usr/local/lib/ruby/1.8/observer.rb:184:in `notify_observers'
    app/controllers/users_controller.rb:18:in `create'
    /usr/local/lib/ruby/1.8/webrick/httpserver.rb:104:in `service'
    /usr/local/lib/ruby/1.8/webrick/httpserver.rb:65:in `run'
    /usr/local/lib/ruby/1.8/webrick/server.rb:173:in `start_thread'
    /usr/local/lib/ruby/1.8/webrick/server.rb:162:in `start'
    /usr/local/lib/ruby/1.8/webrick/server.rb:162:in `start_thread'
    /usr/local/lib/ruby/1.8/webrick/server.rb:95:in `start'
    /usr/local/lib/ruby/1.8/webrick/server.rb:92:in `each'
    /usr/local/lib/ruby/1.8/webrick/server.rb:92:in `start'
    /usr/local/lib/ruby/1.8/webrick/server.rb:23:in `start'
    /usr/local/lib/ruby/1.8/webrick/server.rb:82:in `start'

Rendered rescues/_trace (106.8ms)
Rendered rescues/_request_and_response (0.6ms)
Rendering rescues/layout (internal_server_error)


Processing UsersController#create (for ::1 at 2009-11-27 03:44:35) [POST]
  Parameters: {"commit"=>"Sign up", "action"=>"create", "authenticity_token"=>"rXKqjX6YxgJKhUlWQOi5z/PaSJLhJ/oqR23lB3hukSM=", "controller"=>"users", "user"=>{"password_confirmation"=>"[FILTERED]", "username"=>"bernee", "password"=>"[FILTERED]", "email"=>"bernee@rpi.edu"}}
  [4;35;1mUser Load (0.2ms)[0m   [0mSELECT "users".id FROM "users" WHERE ("users"."username" = 'bernee') LIMIT 1[0m
  [4;36;1mUser Load (0.1ms)[0m   [0;1mSELECT "users".id FROM "users" WHERE ("users"."email" = 'bernee@rpi.edu') LIMIT 1[0m
  [4;35;1mUser Create (0.4ms)[0m   [0mINSERT INTO "users" ("activated_at", "created_at", "updated_at", "username", "activation_code", "password_salt", "password_hash", "reset_code", "email") VALUES(NULL, '2009-11-27 08:44:35', '2009-11-27 08:44:35', 'bernee', NULL, 'fa29d23ac89150ab914bb458e72a0271fe01dac4', '2743ebc119d1f8a71314611eec50b0a9c4114355', NULL, 'bernee@rpi.edu')[0m
Sent mail to bernee@rpi.edu

Date: Fri, 27 Nov 2009 03:44:35 -0500
From: no-reply@spounce.com
To: bernee@rpi.edu
Subject: [beta.spounce.com] Please activate your new account
Mime-Version: 1.0
Content-Type: text/plain; charset=iso-8859-1

Your account has been created.

  Username: bernee
  Password: rabbit2.5

Visit this url to activate your account:

  http://beta.spounce.com/activate/
Redirected to http://localhost:3000/
Completed in 727ms (DB: 1) | 302 Found [http://localhost/users]


Processing UsersController#index (for ::1 at 2009-11-27 03:44:37) [GET]
  Parameters: {"action"=>"index", "controller"=>"users"}
  [4;36;1mUser Load (1.1ms)[0m   [0;1mSELECT * FROM "users" [0m
Rendering template within layouts/application
Rendering users/index
Completed in 26ms (View: 17, DB: 1) | 200 OK [http://localhost/]


Processing UsersController#show (for ::1 at 2009-11-27 03:48:59) [GET]
  Parameters: {"action"=>"show", "id"=>"1", "controller"=>"users"}
  [4;35;1mUser Load (0.7ms)[0m   [0mSELECT * FROM "users" WHERE ("users"."id" = 1) [0m
  [4;36;1mCACHE (0.0ms)[0m   [0;1mSELECT * FROM "users" WHERE ("users"."id" = 1) [0m
Rendering template within layouts/application
Rendering users/show
  [4;35;1mPhoto Load (0.3ms)[0m   [0mSELECT * FROM "photos" WHERE ("photos".attachable_id = 1 AND "photos".attachable_type = 'User') [0m
Completed in 77ms (View: 63, DB: 1) | 200 OK [http://localhost/users/1]


Processing UsersController#index (for ::1 at 2009-11-27 03:49:03) [GET]
  Parameters: {"action"=>"index", "controller"=>"users"}
  [4;36;1mUser Load (1.2ms)[0m   [0;1mSELECT * FROM "users" [0m
Rendering template within layouts/application
Rendering users/index
Completed in 21ms (View: 11, DB: 1) | 200 OK [http://localhost/]


Processing SessionsController#destroy (for ::1 at 2009-11-27 03:49:06) [GET]
  Parameters: {"action"=>"destroy", "controller"=>"sessions"}
Redirected to http://localhost:3000/
Completed in 7ms (DB: 0) | 302 Found [http://localhost/logout]


Processing UsersController#index (for ::1 at 2009-11-27 03:49:06) [GET]
  Parameters: {"action"=>"index", "controller"=>"users"}
  [4;35;1mUser Load (1.0ms)[0m   [0mSELECT * FROM "users" [0m
Rendering template within layouts/application
Rendering users/index
Completed in 19ms (View: 11, DB: 1) | 200 OK [http://localhost/]


Processing UsersController#show (for ::1 at 2009-11-27 03:49:09) [GET]
  Parameters: {"action"=>"show", "id"=>"1", "controller"=>"users"}
Redirected to http://localhost:3000/login
Filter chain halted as [:login_required] rendered_or_redirected.
Completed in 2ms (DB: 0) | 302 Found [http://localhost/users/1]


Processing SessionsController#new (for ::1 at 2009-11-27 03:49:09) [GET]
  Parameters: {"action"=>"new", "controller"=>"sessions"}
Rendering template within layouts/application
Rendering sessions/new
Completed in 32ms (View: 26, DB: 0) | 200 OK [http://localhost/login]


Processing UsersController#new (for ::1 at 2009-11-27 03:49:10) [GET]
  Parameters: {"action"=>"new", "controller"=>"users"}
Rendering template within layouts/application
Rendering users/new
Completed in 26ms (View: 16, DB: 0) | 200 OK [http://localhost/signup]


Processing UsersController#create (for ::1 at 2009-11-27 03:49:17) [POST]
  Parameters: {"commit"=>"Sign up", "action"=>"create", "authenticity_token"=>"rXKqjX6YxgJKhUlWQOi5z/PaSJLhJ/oqR23lB3hukSM=", "controller"=>"users", "user"=>{"password_confirmation"=>"[FILTERED]", "username"=>"asdf", "password"=>"[FILTERED]", "email"=>"asdf@asdf.com"}}
  [4;36;1mUser Load (0.2ms)[0m   [0;1mSELECT "users".id FROM "users" WHERE ("users"."username" = 'asdf') LIMIT 1[0m
  [4;35;1mUser Load (0.1ms)[0m   [0mSELECT "users".id FROM "users" WHERE ("users"."email" = 'asdf@asdf.com') LIMIT 1[0m
  [4;36;1mUser Create (0.5ms)[0m   [0;1mINSERT INTO "users" ("activated_at", "created_at", "updated_at", "username", "activation_code", "password_salt", "password_hash", "reset_code", "email") VALUES(NULL, '2009-11-27 08:49:17', '2009-11-27 08:49:17', 'asdf', NULL, 'cacc7fae10b4a7cdb6b663e082798dbb625cdf2f', '94ef37818690270e22d84722d901364d6e9e020b', NULL, 'asdf@asdf.com')[0m
Sent mail to asdf@asdf.com

Date: Fri, 27 Nov 2009 03:49:17 -0500
From: no-reply@spounce.com
To: asdf@asdf.com
Subject: [beta.spounce.com] Please activate your new account
Mime-Version: 1.0
Content-Type: text/plain; charset=iso-8859-1

Your account has been created.

  Username: asdf
  Password: asdf

Visit this url to activate your account:

  http://beta.spounce.com/activate/
Redirected to http://localhost:3000/
Completed in 115ms (DB: 1) | 302 Found [http://localhost/users]


Processing UsersController#index (for ::1 at 2009-11-27 03:49:17) [GET]
  Parameters: {"action"=>"index", "controller"=>"users"}
  [4;35;1mUser Load (1.4ms)[0m   [0mSELECT * FROM "users" [0m
Rendering template within layouts/application
Rendering users/index
Completed in 22ms (View: 13, DB: 1) | 200 OK [http://localhost/]


Processing UsersController#index (for ::1 at 2009-11-27 03:54:15) [GET]
  Parameters: {"action"=>"index", "controller"=>"users"}
  [4;36;1mUser Load (1.5ms)[0m   [0;1mSELECT * FROM "users" [0m
Rendering template within layouts/application
Rendering users/index
Completed in 22ms (View: 12, DB: 2) | 200 OK [http://localhost/]


Processing UsersController#new (for ::1 at 2009-11-27 03:58:37) [GET]
  Parameters: {"action"=>"new", "controller"=>"users"}
Rendering template within layouts/application
Rendering users/new
Completed in 27ms (View: 16, DB: 0) | 200 OK [http://localhost/signup]


Processing UsersController#create (for ::1 at 2009-11-27 03:58:57) [POST]
  Parameters: {"commit"=>"Sign up", "action"=>"create", "authenticity_token"=>"rXKqjX6YxgJKhUlWQOi5z/PaSJLhJ/oqR23lB3hukSM=", "controller"=>"users", "user"=>{"password_confirmation"=>"[FILTERED]", "username"=>"testing", "password"=>"[FILTERED]", "email"=>"test@test.com"}}
  [4;35;1mUser Load (0.3ms)[0m   [0mSELECT "users".id FROM "users" WHERE ("users"."username" = 'testing') LIMIT 1[0m
  [4;36;1mUser Load (0.1ms)[0m   [0;1mSELECT "users".id FROM "users" WHERE ("users"."email" = 'test@test.com') LIMIT 1[0m
  [4;35;1mUser Create (0.5ms)[0m   [0mINSERT INTO "users" ("activated_at", "created_at", "updated_at", "username", "activation_code", "password_salt", "password_hash", "reset_code", "email") VALUES(NULL, '2009-11-27 08:58:57', '2009-11-27 08:58:57', 'testing', 'bbfba3d56162aea1cc3623ebec6faede8ead82e0', '5f6dad03dc714427fa0cc9979ef68fc8e75ae779', 'f8a8fbecf100670f768145ca3d9e18f824b7fe82', NULL, 'test@test.com')[0m
Sent mail to test@test.com

Date: Fri, 27 Nov 2009 03:58:57 -0500
From: no-reply@spounce.com
To: test@test.com
Subject: [beta.spounce.com] Please activate your new account
Mime-Version: 1.0
Content-Type: text/plain; charset=iso-8859-1

Your account has been created.

  Username: testing
  Password: test

Visit this url to activate your account:

  http://beta.spounce.com/activate/bbfba3d56162aea1cc3623ebec6faede8ead82e0
Redirected to http://localhost:3000/
Completed in 117ms (DB: 1) | 302 Found [http://localhost/users]


Processing UsersController#index (for ::1 at 2009-11-27 03:58:57) [GET]
  Parameters: {"action"=>"index", "controller"=>"users"}
  [4;36;1mUser Load (1.7ms)[0m   [0;1mSELECT * FROM "users" [0m
Rendering template within layouts/application
Rendering users/index
Completed in 23ms (View: 14, DB: 2) | 200 OK [http://localhost/]


Processing UsersController#activate (for ::1 at 2009-11-27 03:59:56) [GET]
  Parameters: {"activation_code"=>"bbfba3d56162aea1cc3623ebec6faede8ead82e0", "action"=>"activate", "controller"=>"users"}
  [4;35;1mUser Load (0.8ms)[0m   [0mSELECT * FROM "users" WHERE ("users"."activation_code" = 'bbfba3d56162aea1cc3623ebec6faede8ead82e0') LIMIT 1[0m

NoMethodError (undefined method `current_user=' for #<UsersController:0x103f15848>):
  app/controllers/users_controller.rb:27:in `activate'
  /usr/local/lib/ruby/1.8/webrick/httpserver.rb:104:in `service'
  /usr/local/lib/ruby/1.8/webrick/httpserver.rb:65:in `run'
  /usr/local/lib/ruby/1.8/webrick/server.rb:173:in `start_thread'
  /usr/local/lib/ruby/1.8/webrick/server.rb:162:in `start'
  /usr/local/lib/ruby/1.8/webrick/server.rb:162:in `start_thread'
  /usr/local/lib/ruby/1.8/webrick/server.rb:95:in `start'
  /usr/local/lib/ruby/1.8/webrick/server.rb:92:in `each'
  /usr/local/lib/ruby/1.8/webrick/server.rb:92:in `start'
  /usr/local/lib/ruby/1.8/webrick/server.rb:23:in `start'
  /usr/local/lib/ruby/1.8/webrick/server.rb:82:in `start'

Rendered rescues/_trace (70.2ms)
Rendered rescues/_request_and_response (0.5ms)
Rendering rescues/layout (internal_server_error)
  [4;36;1mUser Load (1.7ms)[0m   [0;1mSELECT * FROM "users" [0m


Processing UsersController#activate (for ::1 at 2009-11-27 04:04:10) [GET]
  Parameters: {"activation_code"=>"bbfba3d56162aea1cc3623ebec6faede8ead82e0", "action"=>"activate", "controller"=>"users"}
  [4;36;1mUser Load (0.8ms)[0m   [0;1mSELECT * FROM "users" WHERE ("users"."activation_code" = 'bbfba3d56162aea1cc3623ebec6faede8ead82e0') LIMIT 1[0m

NoMethodError (undefined method `current_user=' for #<UsersController:0x1041899a8>):
  app/controllers/users_controller.rb:27:in `activate'
  /usr/local/lib/ruby/1.8/webrick/httpserver.rb:104:in `service'
  /usr/local/lib/ruby/1.8/webrick/httpserver.rb:65:in `run'
  /usr/local/lib/ruby/1.8/webrick/server.rb:173:in `start_thread'
  /usr/local/lib/ruby/1.8/webrick/server.rb:162:in `start'
  /usr/local/lib/ruby/1.8/webrick/server.rb:162:in `start_thread'
  /usr/local/lib/ruby/1.8/webrick/server.rb:95:in `start'
  /usr/local/lib/ruby/1.8/webrick/server.rb:92:in `each'
  /usr/local/lib/ruby/1.8/webrick/server.rb:92:in `start'
  /usr/local/lib/ruby/1.8/webrick/server.rb:23:in `start'
  /usr/local/lib/ruby/1.8/webrick/server.rb:82:in `start'

Rendered rescues/_trace (68.1ms)
Rendered rescues/_request_and_response (0.5ms)
Rendering rescues/layout (internal_server_error)


Processing UsersController#activate (for ::1 at 2009-11-27 04:04:11) [GET]
  Parameters: {"activation_code"=>"bbfba3d56162aea1cc3623ebec6faede8ead82e0", "action"=>"activate", "controller"=>"users"}
  [4;35;1mUser Load (0.8ms)[0m   [0mSELECT * FROM "users" WHERE ("users"."activation_code" = 'bbfba3d56162aea1cc3623ebec6faede8ead82e0') LIMIT 1[0m

NoMethodError (undefined method `current_user=' for #<UsersController:0x103f44788>):
  app/controllers/users_controller.rb:27:in `activate'
  /usr/local/lib/ruby/1.8/webrick/httpserver.rb:104:in `service'
  /usr/local/lib/ruby/1.8/webrick/httpserver.rb:65:in `run'
  /usr/local/lib/ruby/1.8/webrick/server.rb:173:in `start_thread'
  /usr/local/lib/ruby/1.8/webrick/server.rb:162:in `start'
  /usr/local/lib/ruby/1.8/webrick/server.rb:162:in `start_thread'
  /usr/local/lib/ruby/1.8/webrick/server.rb:95:in `start'
  /usr/local/lib/ruby/1.8/webrick/server.rb:92:in `each'
  /usr/local/lib/ruby/1.8/webrick/server.rb:92:in `start'
  /usr/local/lib/ruby/1.8/webrick/server.rb:23:in `start'
  /usr/local/lib/ruby/1.8/webrick/server.rb:82:in `start'

Rendered rescues/_trace (163.4ms)
Rendered rescues/_request_and_response (0.5ms)
Rendering rescues/layout (internal_server_error)


Processing UsersController#activate (for ::1 at 2009-11-27 04:05:32) [GET]
  Parameters: {"activation_code"=>"bbfba3d56162aea1cc3623ebec6faede8ead82e0", "action"=>"activate", "controller"=>"users"}
  [4;36;1mUser Load (0.8ms)[0m   [0;1mSELECT * FROM "users" WHERE ("users"."activation_code" = 'bbfba3d56162aea1cc3623ebec6faede8ead82e0') LIMIT 1[0m
Redirected to http://localhost:3000/
Completed in 15ms (DB: 1) | 302 Found [http://localhost/activate/bbfba3d56162aea1cc3623ebec6faede8ead82e0]


Processing UsersController#index (for ::1 at 2009-11-27 04:05:33) [GET]
  Parameters: {"action"=>"index", "controller"=>"users"}
  [4;35;1mUser Load (1.6ms)[0m   [0mSELECT * FROM "users" [0m
Rendering template within layouts/application
Rendering users/index
Completed in 22ms (View: 13, DB: 2) | 200 OK [http://localhost/]
  [4;35;1mUser Load (1.4ms)[0m   [0mSELECT * FROM "users" [0m
  [4;36;1mUser Load (1.4ms)[0m   [0;1mSELECT * FROM "users" [0m


Processing UsersController#index (for ::1 at 2009-11-27 04:06:13) [GET]
  Parameters: {"action"=>"index", "controller"=>"users"}
  [4;36;1mUser Load (1.6ms)[0m   [0;1mSELECT * FROM "users" [0m
Rendering template within layouts/application
Rendering users/index
Completed in 22ms (View: 13, DB: 2) | 200 OK [http://localhost/]


Processing UsersController#activate (for ::1 at 2009-11-27 04:06:38) [GET]
  Parameters: {"activation_code"=>"bbfba3d56162aea1cc3623ebec6faede8ead82e0", "action"=>"activate", "controller"=>"users"}
  [4;35;1mUser Load (0.7ms)[0m   [0mSELECT * FROM "users" WHERE ("users"."activation_code" = 'bbfba3d56162aea1cc3623ebec6faede8ead82e0') LIMIT 1[0m
Redirected to http://localhost:3000/
Completed in 13ms (DB: 1) | 302 Found [http://localhost/activate/bbfba3d56162aea1cc3623ebec6faede8ead82e0]


Processing UsersController#index (for ::1 at 2009-11-27 04:06:38) [GET]
  Parameters: {"action"=>"index", "controller"=>"users"}
  [4;36;1mUser Load (1.6ms)[0m   [0;1mSELECT * FROM "users" [0m
Rendering template within layouts/application
Rendering users/index
Completed in 22ms (View: 13, DB: 2) | 200 OK [http://localhost/]


Processing UsersController#activate (for ::1 at 2009-11-27 04:06:47) [GET]
  Parameters: {"activation_code"=>"b4572f40647388dd4d6cd5cff80586cd595363c9", "action"=>"activate", "controller"=>"users"}
  [4;35;1mUser Load (0.3ms)[0m   [0mSELECT * FROM "users" WHERE ("users"."activation_code" = 'b4572f40647388dd4d6cd5cff80586cd595363c9') LIMIT 1[0m
Redirected to http://localhost:3000/
Completed in 13ms (DB: 0) | 302 Found [http://localhost/activate/b4572f40647388dd4d6cd5cff80586cd595363c9]


Processing UsersController#index (for ::1 at 2009-11-27 04:06:47) [GET]
  Parameters: {"action"=>"index", "controller"=>"users"}
  [4;36;1mUser Load (1.6ms)[0m   [0;1mSELECT * FROM "users" [0m
Rendering template within layouts/application
Rendering users/index
Completed in 22ms (View: 13, DB: 2) | 200 OK [http://localhost/]


Processing UsersController#new (for ::1 at 2009-11-27 04:14:35) [GET]
  Parameters: {"action"=>"new", "controller"=>"users"}
Rendering template within layouts/application
Rendering users/new
Completed in 34ms (View: 24, DB: 0) | 200 OK [http://localhost/signup]


Processing UsersController#create (for ::1 at 2009-11-27 04:14:43) [POST]
  Parameters: {"commit"=>"Sign up", "action"=>"create", "authenticity_token"=>"rXKqjX6YxgJKhUlWQOi5z/PaSJLhJ/oqR23lB3hukSM=", "controller"=>"users", "user"=>{"password_confirmation"=>"[FILTERED]", "username"=>"test2", "password"=>"[FILTERED]", "email"=>"test2@test.com"}}
  [4;35;1mUser Load (0.3ms)[0m   [0mSELECT "users".id FROM "users" WHERE ("users"."username" = 'test2') LIMIT 1[0m
  [4;36;1mUser Load (0.1ms)[0m   [0;1mSELECT "users".id FROM "users" WHERE ("users"."email" = 'test2@test.com') LIMIT 1[0m
  [4;35;1mUser Create (19.7ms)[0m   [0mINSERT INTO "users" ("activated_at", "created_at", "updated_at", "username", "activation_code", "password_salt", "password_hash", "reset_code", "email") VALUES(NULL, '2009-11-27 09:14:43', '2009-11-27 09:14:43', 'test2', '7b6097000136984ad774713111fcf1df7ee6d547', '47f6177d2e05ca4441b1bef723e92bf7874d3823', 'f827a4d0536f9f58675ce5f57dbfb01725934efa', NULL, 'test2@test.com')[0m
Sent mail to test2@test.com

Date: Fri, 27 Nov 2009 04:14:43 -0500
From: no-reply@spounce.com
To: test2@test.com
Subject: [beta.spounce.com] Please activate your new account
Mime-Version: 1.0
Content-Type: text/plain; charset=iso-8859-1

Your account has been created.

  Username: test2
  Password: test2

Visit this url to activate your account:

  http://beta.spounce.com/activate/7b6097000136984ad774713111fcf1df7ee6d547
Redirected to http://localhost:3000/
Completed in 686ms (DB: 20) | 302 Found [http://localhost/users]


Processing UsersController#index (for ::1 at 2009-11-27 04:14:43) [GET]
  Parameters: {"action"=>"index", "controller"=>"users"}
  [4;36;1mUser Load (2.1ms)[0m   [0;1mSELECT * FROM "users" [0m
Rendering template within layouts/application
Rendering users/index
Completed in 26ms (View: 15, DB: 2) | 200 OK [http://localhost/]


Processing UsersController#activate (for ::1 at 2009-11-27 04:15:01) [GET]
  Parameters: {"activation_code"=>"7b6097000136984ad774713111fcf1df7ee6d547", "action"=>"activate", "controller"=>"users"}
  [4;35;1mUser Load (0.7ms)[0m   [0mSELECT * FROM "users" WHERE ("users"."activation_code" = '7b6097000136984ad774713111fcf1df7ee6d547') LIMIT 1[0m
Redirected to http://localhost:3000/
Completed in 14ms (DB: 1) | 302 Found [http://localhost/activate/7b6097000136984ad774713111fcf1df7ee6d547]


Processing UsersController#index (for ::1 at 2009-11-27 04:15:01) [GET]
  Parameters: {"action"=>"index", "controller"=>"users"}
  [4;36;1mUser Load (1.9ms)[0m   [0;1mSELECT * FROM "users" [0m
Rendering template within layouts/application
Rendering users/index
Completed in 25ms (View: 15, DB: 2) | 200 OK [http://localhost/]
  [4;35;1mUser Load (1.9ms)[0m   [0mSELECT * FROM "users" [0m
  [4;36;1mUser Load (0.8ms)[0m   [0;1mSELECT * FROM "users" WHERE ("users"."id" = 1) [0m
  [4;35;1mUser Load (1.3ms)[0m   [0mSELECT * FROM "users" WHERE ("users"."activation_code" = '7b6097000136984ad774713111fcf1df7ee6d547') LIMIT 1[0m
  [4;36;1mUser Update (0.6ms)[0m   [0;1mUPDATE "users" SET "updated_at" = '2009-11-27 09:19:53', "activated_at" = '2009-11-27 09:19:53', "activation_code" = NULL WHERE "id" = 4[0m


Processing UsersController#show (for ::1 at 2009-11-27 04:20:22) [GET]
  Parameters: {"action"=>"show", "id"=>"4", "controller"=>"users"}
Redirected to http://localhost:3000/login
Filter chain halted as [:login_required] rendered_or_redirected.
Completed in 1ms (DB: 0) | 302 Found [http://localhost/users/4]


Processing SessionsController#new (for ::1 at 2009-11-27 04:20:23) [GET]
  Parameters: {"action"=>"new", "controller"=>"sessions"}
Rendering template within layouts/application
Rendering sessions/new
Completed in 178ms (View: 172, DB: 0) | 200 OK [http://localhost/login]


Processing SessionsController#create (for ::1 at 2009-11-27 04:20:28) [POST]
  Parameters: {"commit"=>"Log in", "action"=>"create", "authenticity_token"=>"rXKqjX6YxgJKhUlWQOi5z/PaSJLhJ/oqR23lB3hukSM=", "controller"=>"sessions", "login"=>"test2", "password"=>"[FILTERED]"}
  [4;36;1mUser Load (0.7ms)[0m   [0;1mSELECT * FROM "users" WHERE ("users"."username" = 'test2') LIMIT 1[0m
Redirected to http://localhost:3000/users/4
Completed in 19ms (DB: 1) | 302 Found [http://localhost/sessions]


Processing UsersController#show (for ::1 at 2009-11-27 04:20:28) [GET]
  Parameters: {"action"=>"show", "id"=>"4", "controller"=>"users"}
  [4;35;1mUser Load (0.7ms)[0m   [0mSELECT * FROM "users" WHERE ("users"."id" = 4) [0m
  [4;36;1mCACHE (0.0ms)[0m   [0;1mSELECT * FROM "users" WHERE ("users"."id" = 4) [0m
Rendering template within layouts/application
Rendering users/show
  [4;35;1mPhoto Load (0.4ms)[0m   [0mSELECT * FROM "photos" WHERE ("photos".attachable_id = 4 AND "photos".attachable_type = 'User') [0m
Completed in 754ms (View: 741, DB: 1) | 200 OK [http://localhost/users/4]


Processing UsersController#show (for ::1 at 2009-11-27 04:20:33) [GET]
  Parameters: {"action"=>"show", "id"=>"3", "controller"=>"users"}
  [4;36;1mUser Load (0.7ms)[0m   [0;1mSELECT * FROM "users" WHERE ("users"."id" = 4) [0m
  [4;35;1mUser Load (0.7ms)[0m   [0mSELECT * FROM "users" WHERE ("users"."id" = 3) [0m
Rendering template within layouts/application
Rendering users/show
  [4;36;1mPhoto Load (0.3ms)[0m   [0;1mSELECT * FROM "photos" WHERE ("photos".attachable_id = 3 AND "photos".attachable_type = 'User') [0m
Completed in 55ms (View: 40, DB: 2) | 200 OK [http://localhost/users/3]


Processing UsersController#new (for ::1 at 2009-11-27 04:20:40) [GET]
  Parameters: {"action"=>"new", "controller"=>"users"}
Rendering template within layouts/application
Rendering users/new
Completed in 51ms (View: 41, DB: 0) | 200 OK [http://localhost/signup]


Processing UsersController#create (for ::1 at 2009-11-27 04:20:50) [POST]
  Parameters: {"commit"=>"Sign up", "action"=>"create", "authenticity_token"=>"rXKqjX6YxgJKhUlWQOi5z/PaSJLhJ/oqR23lB3hukSM=", "controller"=>"users", "user"=>{"password_confirmation"=>"[FILTERED]", "username"=>"test3", "password"=>"[FILTERED]", "email"=>"test3@test3.com"}}
  [4;35;1mUser Load (0.2ms)[0m   [0mSELECT "users".id FROM "users" WHERE ("users"."username" = 'test3') LIMIT 1[0m
  [4;36;1mUser Load (0.1ms)[0m   [0;1mSELECT "users".id FROM "users" WHERE ("users"."email" = 'test3@test3.com') LIMIT 1[0m
  [4;35;1mUser Create (0.6ms)[0m   [0mINSERT INTO "users" ("activated_at", "created_at", "updated_at", "username", "activation_code", "password_salt", "password_hash", "reset_code", "email") VALUES(NULL, '2009-11-27 09:20:50', '2009-11-27 09:20:50', 'test3', '76d245ca0f6cda692125b761ac3013179dd42d50', '70ff679e2923bb775d743c8ee1ba60c260b2be44', 'e1d836e7a9290ab32ad0a35e2e43be4f5125abf1', NULL, 'test3@test3.com')[0m
Sent mail to test3@test3.com

Date: Fri, 27 Nov 2009 04:20:51 -0500
From: no-reply@spounce.com
To: test3@test3.com
Subject: [beta.spounce.com] Please activate your new account
Mime-Version: 1.0
Content-Type: text/plain; charset=utf-8

Your account has been created.

  Username: test3
  Password: test3

Visit this url to activate your account:

  http://beta.spounce.com/activate/76d245ca0f6cda692125b761ac3013179dd42d50
Redirected to http://localhost:3000/
Completed in 733ms (DB: 1) | 302 Found [http://localhost/users]


Processing UsersController#index (for ::1 at 2009-11-27 04:20:51) [GET]
  Parameters: {"action"=>"index", "controller"=>"users"}
  [4;36;1mUser Load (2.4ms)[0m   [0;1mSELECT * FROM "users" [0m
Rendering template within layouts/application
Rendering users/index
Completed in 72ms (View: 59, DB: 2) | 200 OK [http://localhost/]


Processing UsersController#activate (for ::1 at 2009-11-27 04:21:06) [GET]
  Parameters: {"activation_code"=>"76d245ca0f6cda692125b761ac3013179dd42d50", "action"=>"activate", "controller"=>"users"}
  [4;35;1mUser Load (0.8ms)[0m   [0mSELECT * FROM "users" WHERE ("users"."activation_code" = '76d245ca0f6cda692125b761ac3013179dd42d50') LIMIT 1[0m
  [4;36;1mUser Load (0.7ms)[0m   [0;1mSELECT * FROM "users" WHERE ("users"."id" = 4) [0m
  [4;35;1mUser Update (0.5ms)[0m   [0mUPDATE "users" SET "updated_at" = '2009-11-27 09:21:06', "activated_at" = '2009-11-27 09:21:06', "activation_code" = NULL WHERE "id" = 5[0m
Sent mail to test3@test3.com

Date: Fri, 27 Nov 2009 04:21:06 -0500
From: no-reply@spounce.com
To: test3@test3.com
Subject: [beta.spounce.com] Your account has been activated!
Mime-Version: 1.0
Content-Type: text/plain; charset=utf-8

test3, your account has been activated.
http://beta.spounce.com/
Redirected to http://localhost:3000/
Completed in 393ms (DB: 2) | 302 Found [http://localhost/activate/76d245ca0f6cda692125b761ac3013179dd42d50]


Processing UsersController#index (for ::1 at 2009-11-27 04:21:06) [GET]
  Parameters: {"action"=>"index", "controller"=>"users"}
  [4;36;1mUser Load (2.3ms)[0m   [0;1mSELECT * FROM "users" [0m
Rendering template within layouts/application
Rendering users/index
Completed in 25ms (View: 15, DB: 2) | 200 OK [http://localhost/]


Processing UsersController#forgot (for ::1 at 2009-11-27 04:22:00) [GET]
  Parameters: {"action"=>"forgot", "controller"=>"users"}
Rendering template within layouts/application
Rendering users/forgot
Completed in 36ms (View: 29, DB: 0) | 200 OK [http://localhost/forgot]


Processing UsersController#forgot (for ::1 at 2009-11-27 04:22:07) [POST]
  Parameters: {"commit"=>"Submit", "action"=>"forgot", "authenticity_token"=>"rXKqjX6YxgJKhUlWQOi5z/PaSJLhJ/oqR23lB3hukSM=", "controller"=>"users", "user"=>{"email"=>"test3@test3.com"}}
  [4;35;1mUser Load (0.7ms)[0m   [0mSELECT * FROM "users" WHERE ("users"."email" = 'test3@test3.com') LIMIT 1[0m
  [4;36;1mUser Update (0.5ms)[0m   [0;1mUPDATE "users" SET "updated_at" = '2009-11-27 09:22:07', "reset_code" = '907ac35c965112332080f901ac17a7026ab17818' WHERE "id" = 5[0m
Sent mail to test3@test3.com

Date: Fri, 27 Nov 2009 04:22:07 -0500
From: no-reply@spounce.com
To: test3@test3.com
Subject: [beta.spounce.com] Link to reset your password
Mime-Version: 1.0
Content-Type: text/plain; charset=utf-8

Request to reset password received for test3

Visit this url to choose a new password:

beta.spounce.com/reset/907ac35c965112332080f901ac17a7026ab17818
(Your password will remain the same if no action is taken)
Redirected to http://localhost:3000/login
Completed in 159ms (DB: 1) | 302 Found [http://localhost/forgot]


Processing SessionsController#new (for ::1 at 2009-11-27 04:22:07) [GET]
  Parameters: {"action"=>"new", "controller"=>"sessions"}
Rendering template within layouts/application
Rendering sessions/new
Completed in 44ms (View: 38, DB: 0) | 200 OK [http://localhost/login]


Processing UsersController#reset (for ::1 at 2009-11-27 04:22:20) [GET]
  Parameters: {"action"=>"reset", "controller"=>"users", "reset_code"=>"907ac35c965112332080f901ac17a7026ab17818"}
  [4;35;1mUser Load (0.7ms)[0m   [0mSELECT * FROM "users" WHERE ("users"."reset_code" = '907ac35c965112332080f901ac17a7026ab17818') LIMIT 1[0m
Rendering template within layouts/application
Rendering users/reset
Completed in 61ms (View: 47, DB: 1) | 200 OK [http://localhost/reset/907ac35c965112332080f901ac17a7026ab17818]


Processing UsersController#reset (for ::1 at 2009-11-27 04:22:27) [POST]
  Parameters: {"commit"=>"Reset", "action"=>"reset", "authenticity_token"=>"rXKqjX6YxgJKhUlWQOi5z/PaSJLhJ/oqR23lB3hukSM=", "controller"=>"users", "reset_code"=>"907ac35c965112332080f901ac17a7026ab17818", "user"=>{"password_confirmation"=>"[FILTERED]", "password"=>"[FILTERED]"}}
  [4;36;1mUser Load (0.8ms)[0m   [0;1mSELECT * FROM "users" WHERE ("users"."reset_code" = '907ac35c965112332080f901ac17a7026ab17818') LIMIT 1[0m
  [4;35;1mUser Load (0.3ms)[0m   [0mSELECT "users".id FROM "users" WHERE ("users"."username" = 'test3' AND "users".id <> 5) LIMIT 1[0m
  [4;36;1mUser Load (0.2ms)[0m   [0;1mSELECT "users".id FROM "users" WHERE ("users"."email" = 'test3@test3.com' AND "users".id <> 5) LIMIT 1[0m
  [4;35;1mUser Update (0.4ms)[0m   [0mUPDATE "users" SET "updated_at" = '2009-11-27 09:22:27', "password_hash" = 'e28cd598281f40ae9e9336cd46cf60ba2c452801', "password_salt" = '1085992a028501d059e87c941285137bc20c1453' WHERE "id" = 5[0m

NoMethodError (undefined method `current_user=' for #<UsersController:0x104341a48>):
  app/controllers/users_controller.rb:61:in `reset'
  /usr/local/lib/ruby/1.8/webrick/httpserver.rb:104:in `service'
  /usr/local/lib/ruby/1.8/webrick/httpserver.rb:65:in `run'
  /usr/local/lib/ruby/1.8/webrick/server.rb:173:in `start_thread'
  /usr/local/lib/ruby/1.8/webrick/server.rb:162:in `start'
  /usr/local/lib/ruby/1.8/webrick/server.rb:162:in `start_thread'
  /usr/local/lib/ruby/1.8/webrick/server.rb:95:in `start'
  /usr/local/lib/ruby/1.8/webrick/server.rb:92:in `each'
  /usr/local/lib/ruby/1.8/webrick/server.rb:92:in `start'
  /usr/local/lib/ruby/1.8/webrick/server.rb:23:in `start'
  /usr/local/lib/ruby/1.8/webrick/server.rb:82:in `start'

Rendered rescues/_trace (69.2ms)
Rendered rescues/_request_and_response (2.8ms)
Rendering rescues/layout (internal_server_error)


Processing UsersController#reset (for ::1 at 2009-11-27 04:30:32) [POST]
  Parameters: {"commit"=>"Reset", "action"=>"reset", "authenticity_token"=>"rXKqjX6YxgJKhUlWQOi5z/PaSJLhJ/oqR23lB3hukSM=", "controller"=>"users", "reset_code"=>"907ac35c965112332080f901ac17a7026ab17818", "user"=>{"password_confirmation"=>"[FILTERED]", "password"=>"[FILTERED]"}}
  [4;36;1mUser Load (0.7ms)[0m   [0;1mSELECT * FROM "users" WHERE ("users"."reset_code" = '907ac35c965112332080f901ac17a7026ab17818') LIMIT 1[0m
  [4;35;1mUser Load (0.3ms)[0m   [0mSELECT "users".id FROM "users" WHERE ("users"."username" = 'test3' AND "users".id <> 5) LIMIT 1[0m
  [4;36;1mUser Load (0.2ms)[0m   [0;1mSELECT "users".id FROM "users" WHERE ("users"."email" = 'test3@test3.com' AND "users".id <> 5) LIMIT 1[0m
  [4;35;1mUser Update (9.7ms)[0m   [0mUPDATE "users" SET "updated_at" = '2009-11-27 09:30:32', "password_hash" = '3e1c040b5936fc43586a4c55bcb822f61f15a4e4', "password_salt" = '00f1c83607ada828e26a0c1969442641c2c46ecb' WHERE "id" = 5[0m

NoMethodError (undefined method `current_user=' for #<UsersController:0x103ffddf0>):
  app/controllers/users_controller.rb:39:in `reset'
  /usr/local/lib/ruby/1.8/webrick/httpserver.rb:104:in `service'
  /usr/local/lib/ruby/1.8/webrick/httpserver.rb:65:in `run'
  /usr/local/lib/ruby/1.8/webrick/server.rb:173:in `start_thread'
  /usr/local/lib/ruby/1.8/webrick/server.rb:162:in `start'
  /usr/local/lib/ruby/1.8/webrick/server.rb:162:in `start_thread'
  /usr/local/lib/ruby/1.8/webrick/server.rb:95:in `start'
  /usr/local/lib/ruby/1.8/webrick/server.rb:92:in `each'
  /usr/local/lib/ruby/1.8/webrick/server.rb:92:in `start'
  /usr/local/lib/ruby/1.8/webrick/server.rb:23:in `start'
  /usr/local/lib/ruby/1.8/webrick/server.rb:82:in `start'

Rendered rescues/_trace (69.4ms)
Rendered rescues/_request_and_response (0.6ms)
Rendering rescues/layout (internal_server_error)


Processing UsersController#reset (for ::1 at 2009-11-27 04:32:54) [POST]
  Parameters: {"commit"=>"Reset", "action"=>"reset", "authenticity_token"=>"rXKqjX6YxgJKhUlWQOi5z/PaSJLhJ/oqR23lB3hukSM=", "controller"=>"users", "reset_code"=>"907ac35c965112332080f901ac17a7026ab17818", "user"=>{"password_confirmation"=>"[FILTERED]", "password"=>"[FILTERED]"}}
  [4;36;1mUser Load (0.7ms)[0m   [0;1mSELECT * FROM "users" WHERE ("users"."reset_code" = '907ac35c965112332080f901ac17a7026ab17818') LIMIT 1[0m
  [4;35;1mUser Load (0.3ms)[0m   [0mSELECT "users".id FROM "users" WHERE ("users"."username" = 'test3' AND "users".id <> 5) LIMIT 1[0m
  [4;36;1mUser Load (0.2ms)[0m   [0;1mSELECT "users".id FROM "users" WHERE ("users"."email" = 'test3@test3.com' AND "users".id <> 5) LIMIT 1[0m
  [4;35;1mUser Update (4.8ms)[0m   [0mUPDATE "users" SET "updated_at" = '2009-11-27 09:32:54', "password_hash" = 'a43a65f63bbcf41d7ab684f9b6344fb86e0ddf53', "password_salt" = 'e6c8b601740701d708e491fab701c6ea492dfc61' WHERE "id" = 5[0m
  [4;36;1mUser Update (0.4ms)[0m   [0;1mUPDATE "users" SET "updated_at" = '2009-11-27 09:32:54', "reset_code" = NULL, "password_hash" = '8c1c95ea505782132691db7d842b8fab3223683a', "password_salt" = '44dc0aa4b1d6fec626db8c581c896b4ff4ac52a0' WHERE "id" = 5[0m
Redirected to http://localhost:3000/
Completed in 42ms (DB: 6) | 302 Found [http://localhost/reset/907ac35c965112332080f901ac17a7026ab17818]


Processing UsersController#index (for ::1 at 2009-11-27 04:32:55) [GET]
  Parameters: {"action"=>"index", "controller"=>"users"}
  [4;35;1mUser Load (2.1ms)[0m   [0mSELECT * FROM "users" [0m
Rendering template within layouts/application
Rendering users/index
Completed in 75ms (View: 65, DB: 2) | 200 OK [http://localhost/]


Processing UsersController#index (for ::1 at 2009-11-27 04:32:59) [GET]
  Parameters: {"action"=>"index", "controller"=>"users"}
  [4;36;1mUser Load (2.1ms)[0m   [0;1mSELECT * FROM "users" [0m
Rendering template within layouts/application
Rendering users/index
Completed in 24ms (View: 14, DB: 2) | 200 OK [http://localhost/]


Processing UsersController#index (for ::1 at 2009-11-27 04:36:03) [GET]
  Parameters: {"action"=>"index", "controller"=>"users"}
  [4;35;1mUser Load (2.2ms)[0m   [0mSELECT * FROM "users" [0m
Rendering template within layouts/application
Rendering users/index
  [4;36;1mUser Load (0.8ms)[0m   [0;1mSELECT * FROM "users" WHERE ("users"."id" = 4) [0m
Completed in 30ms (View: 19, DB: 3) | 200 OK [http://localhost/]


Processing SessionsController#destroy (for ::1 at 2009-11-27 04:36:07) [GET]
  Parameters: {"action"=>"destroy", "controller"=>"sessions"}
Redirected to http://localhost:3000/
Completed in 6ms (DB: 0) | 302 Found [http://localhost/logout]


Processing UsersController#index (for ::1 at 2009-11-27 04:36:07) [GET]
  Parameters: {"action"=>"index", "controller"=>"users"}
  [4;35;1mUser Load (2.1ms)[0m   [0mSELECT * FROM "users" [0m
Rendering template within layouts/application
Rendering users/index
Completed in 13ms (View: 3, DB: 2) | 200 OK [http://localhost/]


Processing UsersController#index (for ::1 at 2009-11-27 04:36:09) [GET]
  Parameters: {"action"=>"index", "controller"=>"users"}
  [4;36;1mUser Load (2.1ms)[0m   [0;1mSELECT * FROM "users" [0m
Rendering template within layouts/application
Rendering users/index
Completed in 13ms (View: 3, DB: 2) | 200 OK [http://localhost/]
  [4;36;1mSQL (1.0ms)[0m   [0;1m SELECT name
 FROM sqlite_master
 WHERE type = 'table' AND NOT name = 'sqlite_sequence'
[0m
  [4;35;1mSQL (0.5ms)[0m   [0mSELECT version FROM schema_migrations[0m
Migrating to CreatePhotos (20091125082400)
Migrating to CreateAds (20091127050415)
Migrating to CreateUsers (20091127052835)
Migrating to CreatePages (20091127095615)
  [4;36;1mSQL (0.2ms)[0m   [0;1mselect sqlite_version(*)[0m
  [4;35;1mSQL (0.7ms)[0m   [0mCREATE TABLE "pages" ("id" INTEGER PRIMARY KEY AUTOINCREMENT NOT NULL, "name" varchar(255), "permalink" varchar(255), "content" text, "created_at" datetime, "updated_at" datetime) [0m
  [4;36;1mSQL (0.2ms)[0m   [0;1mINSERT INTO schema_migrations (version) VALUES ('20091127095615')[0m
  [4;35;1mSQL (1.0ms)[0m   [0m SELECT name
 FROM sqlite_master
 WHERE type = 'table' AND NOT name = 'sqlite_sequence'
[0m
  [4;36;1mSQL (0.8ms)[0m   [0;1mSELECT version FROM schema_migrations[0m
  [4;35;1mSQL (0.8ms)[0m   [0m SELECT name
 FROM sqlite_master
 WHERE type = 'table' AND NOT name = 'sqlite_sequence'
[0m
  [4;36;1mSQL (0.1ms)[0m   [0;1mPRAGMA index_list("ads")[0m
  [4;35;1mSQL (0.1ms)[0m   [0mPRAGMA index_list("pages")[0m
  [4;36;1mSQL (0.4ms)[0m   [0;1mPRAGMA index_list("photos")[0m
  [4;35;1mSQL (0.4ms)[0m   [0mPRAGMA index_info('index_photos_on_attachable_id_and_attachable_type')[0m
  [4;36;1mSQL (0.3ms)[0m   [0;1mPRAGMA index_info('index_photos_on_parent_id')[0m
  [4;35;1mSQL (0.1ms)[0m   [0mPRAGMA index_list("users")[0m


Processing UsersController#index (for ::1 at 2009-11-27 04:56:43) [GET]
  Parameters: {"action"=>"index", "controller"=>"users"}
  [4;35;1mUser Load (2.2ms)[0m   [0mSELECT * FROM "users" [0m
Rendering template within layouts/application
Rendering users/index
Completed in 14ms (View: 3, DB: 2) | 200 OK [http://localhost/]


Processing PagesController#index (for ::1 at 2009-11-27 04:56:46) [GET]
  Parameters: {"action"=>"index", "controller"=>"pages"}
  [4;36;1mPage Load (0.6ms)[0m   [0;1mSELECT * FROM "pages" [0m
Rendering template within layouts/application
Rendering pages/index
Completed in 59ms (View: 45, DB: 1) | 200 OK [http://localhost/pages]


Processing PagesController#new (for ::1 at 2009-11-27 04:56:47) [GET]
  Parameters: {"action"=>"new", "controller"=>"pages"}
Rendering template within layouts/application
Rendering pages/new
Rendered pages/_form (12.4ms)
Completed in 48ms (View: 33, DB: 0) | 200 OK [http://localhost/pages/new]


Processing PagesController#index (for ::1 at 2009-11-27 05:00:09) [GET]
  Parameters: {"action"=>"index", "controller"=>"pages"}
  [4;35;1mPage Load (0.6ms)[0m   [0mSELECT * FROM "pages" [0m
Rendering template within layouts/application
Rendering pages/index
Completed in 16ms (View: 3, DB: 1) | 200 OK [http://localhost/pages]


Processing PagesController#new (for ::1 at 2009-11-27 05:00:11) [GET]
  Parameters: {"action"=>"new", "controller"=>"pages"}
Rendering template within layouts/application
Rendering pages/new
Rendered pages/_form (10.3ms)
Completed in 52ms (View: 37, DB: 0) | 200 OK [http://localhost/pages/new]


Processing PagesController#create (for ::1 at 2009-11-27 05:00:35) [POST]
  Parameters: {"commit"=>"Submit", "action"=>"create", "authenticity_token"=>"rXKqjX6YxgJKhUlWQOi5z/PaSJLhJ/oqR23lB3hukSM=", "page"=>{"permalink"=>"about", "name"=>"About Us", "content"=>"Lorem ipsum dolor sit amet, consectetur adipisicing elit, sed do eiusmod tempor incididunt ut labore et dolore magna aliqua. Ut enim ad minim veniam, quis nostrud exercitation ullamco laboris nisi ut aliquip ex ea commodo consequat. Duis aute irure dolor in reprehenderit in voluptate velit esse cillum dolore eu fugiat nulla pariatur. Excepteur sint occaecat cupidatat non proident, sunt in culpa qui officia deserunt mollit anim id est laborum."}, "controller"=>"pages"}
  [4;36;1mPage Create (6.7ms)[0m   [0;1mINSERT INTO "pages" ("name", "permalink", "created_at", "updated_at", "content") VALUES('About Us', 'about', '2009-11-27 10:00:35', '2009-11-27 10:00:35', 'Lorem ipsum dolor sit amet, consectetur adipisicing elit, sed do eiusmod tempor incididunt ut labore et dolore magna aliqua. Ut enim ad minim veniam, quis nostrud exercitation ullamco laboris nisi ut aliquip ex ea commodo consequat. Duis aute irure dolor in reprehenderit in voluptate velit esse cillum dolore eu fugiat nulla pariatur. Excepteur sint occaecat cupidatat non proident, sunt in culpa qui officia deserunt mollit anim id est laborum.')[0m
Redirected to http://localhost:3000/pages/1
Completed in 33ms (DB: 7) | 302 Found [http://localhost/pages]


Processing PagesController#show (for ::1 at 2009-11-27 05:00:35) [GET]
  Parameters: {"action"=>"show", "id"=>"1", "controller"=>"pages"}
  [4;35;1mPage Load (0.5ms)[0m   [0mSELECT * FROM "pages" WHERE ("pages"."id" = 1) [0m
Rendering template within layouts/application
Rendering pages/show
ERROR: compiling _run_erb_app47views47pages47show46html46erb RAISED compile error
/Users/ellis/src/PicPocket/app/views/pages/show.html.erb:7: syntax error, unexpected ')', expecting kEND
...', :method => :delete) ).to_s); @output_buffer.concat " |\n\...
                              ^
Function body:           def _run_erb_app47views47pages47show46html46erb(local_assigns)
            old_output_buffer = output_buffer;;@output_buffer = '';  __in_erb_template=true ;  title @page.name ; @output_buffer.concat "\n"
; @output_buffer.concat((h @page.content ).to_s); @output_buffer.concat "\n"
; @output_buffer.concat(( simple_format @page.content ).to_s); @output_buffer.concat "\n\n<p>\n\t"


; @output_buffer.concat(( link_to "Edit", edit_page_path(@page) ).to_s); @output_buffer.concat " |\n\t"
; @output_buffer.concat(( link_to "Destroy", @page, :confirm => 'Are you sure?', :method => :delete) ).to_s); @output_buffer.concat " |\n\t"
; @output_buffer.concat(( link_to "View All", pages_path ).to_s); @output_buffer.concat "\n</p>"
; @output_buffer
          ensure
            self.output_buffer = old_output_buffer
          end
Backtrace: /Users/ellis/src/PicPocket/app/views/pages/show.html.erb:12:in `compile!'
/usr/local/lib/ruby/gems/1.8/gems/actionpack-2.3.4/lib/action_view/renderable.rb:61:in `compile'
/usr/local/lib/ruby/gems/1.8/gems/actionpack-2.3.4/lib/action_view/renderable.rb:28:in `render'
/usr/local/lib/ruby/gems/1.8/gems/actionpack-2.3.4/lib/action_view/template.rb:199:in `render_template'
/usr/local/lib/ruby/gems/1.8/gems/actionpack-2.3.4/lib/action_view/base.rb:260:in `render'
/usr/local/lib/ruby/gems/1.8/gems/actionpack-2.3.4/lib/action_view/base.rb:343:in `_render_with_layout'
/usr/local/lib/ruby/gems/1.8/gems/actionpack-2.3.4/lib/action_view/base.rb:257:in `render'
/usr/local/lib/ruby/gems/1.8/gems/actionpack-2.3.4/lib/action_controller/base.rb:1250:in `render_for_file'
/usr/local/lib/ruby/gems/1.8/gems/actionpack-2.3.4/lib/action_controller/base.rb:945:in `render_without_benchmark'
/usr/local/lib/ruby/gems/1.8/gems/actionpack-2.3.4/lib/action_controller/benchmarking.rb:51:in `render'
/usr/local/lib/ruby/gems/1.8/gems/activesupport-2.3.4/lib/active_support/core_ext/benchmark.rb:17:in `ms'
/usr/local/lib/ruby/1.8/benchmark.rb:308:in `realtime'
/usr/local/lib/ruby/gems/1.8/gems/activesupport-2.3.4/lib/active_support/core_ext/benchmark.rb:17:in `ms'
/usr/local/lib/ruby/gems/1.8/gems/actionpack-2.3.4/lib/action_controller/benchmarking.rb:51:in `render'
/usr/local/lib/ruby/gems/1.8/gems/actionpack-2.3.4/lib/action_controller/base.rb:1326:in `default_render'
/usr/local/lib/ruby/gems/1.8/gems/actionpack-2.3.4/lib/action_controller/base.rb:1332:in `perform_action_without_filters'
/usr/local/lib/ruby/gems/1.8/gems/actionpack-2.3.4/lib/action_controller/filters.rb:617:in `call_filters'
/usr/local/lib/ruby/gems/1.8/gems/actionpack-2.3.4/lib/action_controller/filters.rb:610:in `perform_action_without_benchmark'
/usr/local/lib/ruby/gems/1.8/gems/actionpack-2.3.4/lib/action_controller/benchmarking.rb:68:in `perform_action_without_rescue'
/usr/local/lib/ruby/gems/1.8/gems/activesupport-2.3.4/lib/active_support/core_ext/benchmark.rb:17:in `ms'
/usr/local/lib/ruby/1.8/benchmark.rb:308:in `realtime'
/usr/local/lib/ruby/gems/1.8/gems/activesupport-2.3.4/lib/active_support/core_ext/benchmark.rb:17:in `ms'
/usr/local/lib/ruby/gems/1.8/gems/actionpack-2.3.4/lib/action_controller/benchmarking.rb:68:in `perform_action_without_rescue'
/usr/local/lib/ruby/gems/1.8/gems/actionpack-2.3.4/lib/action_controller/rescue.rb:160:in `perform_action_without_flash'
/usr/local/lib/ruby/gems/1.8/gems/actionpack-2.3.4/lib/action_controller/flash.rb:146:in `perform_action'
/usr/local/lib/ruby/gems/1.8/gems/actionpack-2.3.4/lib/action_controller/base.rb:532:in `send'
/usr/local/lib/ruby/gems/1.8/gems/actionpack-2.3.4/lib/action_controller/base.rb:532:in `process_without_filters'
/usr/local/lib/ruby/gems/1.8/gems/actionpack-2.3.4/lib/action_controller/filters.rb:606:in `process'
/usr/local/lib/ruby/gems/1.8/gems/actionpack-2.3.4/lib/action_controller/base.rb:391:in `process'
/usr/local/lib/ruby/gems/1.8/gems/actionpack-2.3.4/lib/action_controller/base.rb:386:in `call'
/usr/local/lib/ruby/gems/1.8/gems/actionpack-2.3.4/lib/action_controller/routing/route_set.rb:437:in `call'
/usr/local/lib/ruby/gems/1.8/gems/actionpack-2.3.4/lib/action_controller/dispatcher.rb:87:in `dispatch'
/usr/local/lib/ruby/gems/1.8/gems/actionpack-2.3.4/lib/action_controller/dispatcher.rb:121:in `_call'
/usr/local/lib/ruby/gems/1.8/gems/actionpack-2.3.4/lib/action_controller/dispatcher.rb:130:in `build_middleware_stack'
/usr/local/lib/ruby/gems/1.8/gems/activerecord-2.3.4/lib/active_record/query_cache.rb:29:in `call'
/usr/local/lib/ruby/gems/1.8/gems/activerecord-2.3.4/lib/active_record/query_cache.rb:29:in `call'
/usr/local/lib/ruby/gems/1.8/gems/activerecord-2.3.4/lib/active_record/connection_adapters/abstract/query_cache.rb:34:in `cache'
/usr/local/lib/ruby/gems/1.8/gems/activerecord-2.3.4/lib/active_record/query_cache.rb:9:in `cache'
/usr/local/lib/ruby/gems/1.8/gems/activerecord-2.3.4/lib/active_record/query_cache.rb:28:in `call'
/usr/local/lib/ruby/gems/1.8/gems/activerecord-2.3.4/lib/active_record/connection_adapters/abstract/connection_pool.rb:361:in `call'
/usr/local/lib/ruby/gems/1.8/gems/rack-1.0.0/lib/rack/head.rb:9:in `call'
/usr/local/lib/ruby/gems/1.8/gems/rack-1.0.0/lib/rack/methodoverride.rb:24:in `call'
/usr/local/lib/ruby/gems/1.8/gems/actionpack-2.3.4/lib/action_controller/params_parser.rb:15:in `call'
/usr/local/lib/ruby/gems/1.8/gems/actionpack-2.3.4/lib/action_controller/session/cookie_store.rb:93:in `call'
/usr/local/lib/ruby/gems/1.8/gems/actionpack-2.3.4/lib/action_controller/failsafe.rb:26:in `call'
/usr/local/lib/ruby/gems/1.8/gems/rack-1.0.0/lib/rack/lock.rb:11:in `call'
/usr/local/lib/ruby/gems/1.8/gems/rack-1.0.0/lib/rack/lock.rb:11:in `synchronize'
/usr/local/lib/ruby/gems/1.8/gems/rack-1.0.0/lib/rack/lock.rb:11:in `call'
/usr/local/lib/ruby/gems/1.8/gems/actionpack-2.3.4/lib/action_controller/dispatcher.rb:114:in `call'
/usr/local/lib/ruby/gems/1.8/gems/actionpack-2.3.4/lib/action_controller/reloader.rb:34:in `run'
/usr/local/lib/ruby/gems/1.8/gems/actionpack-2.3.4/lib/action_controller/dispatcher.rb:108:in `call'
/usr/local/lib/ruby/gems/1.8/gems/rails-2.3.4/lib/rails/rack/static.rb:31:in `call'
/usr/local/lib/ruby/gems/1.8/gems/rack-1.0.0/lib/rack/urlmap.rb:46:in `call'
/usr/local/lib/ruby/gems/1.8/gems/rack-1.0.0/lib/rack/urlmap.rb:40:in `each'
/usr/local/lib/ruby/gems/1.8/gems/rack-1.0.0/lib/rack/urlmap.rb:40:in `call'
/usr/local/lib/ruby/gems/1.8/gems/rails-2.3.4/lib/rails/rack/log_tailer.rb:17:in `call'
/usr/local/lib/ruby/gems/1.8/gems/rack-1.0.0/lib/rack/content_length.rb:13:in `call'
/usr/local/lib/ruby/gems/1.8/gems/rack-1.0.0/lib/rack/handler/webrick.rb:46:in `service'
/usr/local/lib/ruby/1.8/webrick/httpserver.rb:104:in `service'
/usr/local/lib/ruby/1.8/webrick/httpserver.rb:65:in `run'
/usr/local/lib/ruby/1.8/webrick/server.rb:173:in `start_thread'
/usr/local/lib/ruby/1.8/webrick/server.rb:162:in `start'
/usr/local/lib/ruby/1.8/webrick/server.rb:162:in `start_thread'
/usr/local/lib/ruby/1.8/webrick/server.rb:95:in `start'
/usr/local/lib/ruby/1.8/webrick/server.rb:92:in `each'
/usr/local/lib/ruby/1.8/webrick/server.rb:92:in `start'
/usr/local/lib/ruby/1.8/webrick/server.rb:23:in `start'
/usr/local/lib/ruby/1.8/webrick/server.rb:82:in `start'
/usr/local/lib/ruby/gems/1.8/gems/rack-1.0.0/lib/rack/handler/webrick.rb:13:in `run'
/usr/local/lib/ruby/gems/1.8/gems/rails-2.3.4/lib/commands/server.rb:111
/usr/local/lib/ruby/site_ruby/1.8/rubygems/custom_require.rb:31:in `gem_original_require'
/usr/local/lib/ruby/site_ruby/1.8/rubygems/custom_require.rb:31:in `require'
script/server:3

ActionView::TemplateError (compile error
/Users/ellis/src/PicPocket/app/views/pages/show.html.erb:7: syntax error, unexpected ')', expecting kEND
...', :method => :delete) ).to_s); @output_buffer.concat " |\n\...
                              ^) on line #7 of app/views/pages/show.html.erb:
4: 
5: <p>
6: 	<%= link_to "Edit", edit_page_path(@page) %> |
7: 	<%= link_to "Destroy", @page, :confirm => 'Are you sure?', :method => :delete) %> |
8: 	<%= link_to "View All", pages_path %>
9: </p>

    app/views/pages/show.html.erb:12:in `compile!'
    /usr/local/lib/ruby/1.8/webrick/httpserver.rb:104:in `service'
    /usr/local/lib/ruby/1.8/webrick/httpserver.rb:65:in `run'
    /usr/local/lib/ruby/1.8/webrick/server.rb:173:in `start_thread'
    /usr/local/lib/ruby/1.8/webrick/server.rb:162:in `start'
    /usr/local/lib/ruby/1.8/webrick/server.rb:162:in `start_thread'
    /usr/local/lib/ruby/1.8/webrick/server.rb:95:in `start'
    /usr/local/lib/ruby/1.8/webrick/server.rb:92:in `each'
    /usr/local/lib/ruby/1.8/webrick/server.rb:92:in `start'
    /usr/local/lib/ruby/1.8/webrick/server.rb:23:in `start'
    /usr/local/lib/ruby/1.8/webrick/server.rb:82:in `start'

Rendered rescues/_trace (174.8ms)
Rendered rescues/_request_and_response (0.5ms)
Rendering rescues/layout (internal_server_error)


Processing PagesController#show (for ::1 at 2009-11-27 05:00:47) [GET]
  Parameters: {"action"=>"show", "id"=>"1", "controller"=>"pages"}
  [4;36;1mPage Load (0.5ms)[0m   [0;1mSELECT * FROM "pages" WHERE ("pages"."id" = 1) [0m
Rendering template within layouts/application
Rendering pages/show
ERROR: compiling _run_erb_app47views47pages47show46html46erb RAISED compile error
/Users/ellis/src/PicPocket/app/views/pages/show.html.erb:6: syntax error, unexpected ')', expecting kEND
...', :method => :delete) ).to_s); @output_buffer.concat " |\n\...
                              ^
Function body:           def _run_erb_app47views47pages47show46html46erb(local_assigns)
            old_output_buffer = output_buffer;;@output_buffer = '';  __in_erb_template=true ;  title @page.name ; @output_buffer.concat "\n"
; @output_buffer.concat((h @page.content ).to_s); @output_buffer.concat "\n\n<p>\n\t"


; @output_buffer.concat(( link_to "Edit", edit_page_path(@page) ).to_s); @output_buffer.concat " |\n\t"
; @output_buffer.concat(( link_to "Destroy", @page, :confirm => 'Are you sure?', :method => :delete) ).to_s); @output_buffer.concat " |\n\t"
; @output_buffer.concat(( link_to "View All", pages_path ).to_s); @output_buffer.concat "\n</p>\n\n"


; @output_buffer
          ensure
            self.output_buffer = old_output_buffer
          end
Backtrace: /Users/ellis/src/PicPocket/app/views/pages/show.html.erb:13:in `compile!'
/usr/local/lib/ruby/gems/1.8/gems/actionpack-2.3.4/lib/action_view/renderable.rb:61:in `compile'
/usr/local/lib/ruby/gems/1.8/gems/actionpack-2.3.4/lib/action_view/renderable.rb:28:in `render'
/usr/local/lib/ruby/gems/1.8/gems/actionpack-2.3.4/lib/action_view/template.rb:199:in `render_template'
/usr/local/lib/ruby/gems/1.8/gems/actionpack-2.3.4/lib/action_view/base.rb:260:in `render'
/usr/local/lib/ruby/gems/1.8/gems/actionpack-2.3.4/lib/action_view/base.rb:343:in `_render_with_layout'
/usr/local/lib/ruby/gems/1.8/gems/actionpack-2.3.4/lib/action_view/base.rb:257:in `render'
/usr/local/lib/ruby/gems/1.8/gems/actionpack-2.3.4/lib/action_controller/base.rb:1250:in `render_for_file'
/usr/local/lib/ruby/gems/1.8/gems/actionpack-2.3.4/lib/action_controller/base.rb:945:in `render_without_benchmark'
/usr/local/lib/ruby/gems/1.8/gems/actionpack-2.3.4/lib/action_controller/benchmarking.rb:51:in `render'
/usr/local/lib/ruby/gems/1.8/gems/activesupport-2.3.4/lib/active_support/core_ext/benchmark.rb:17:in `ms'
/usr/local/lib/ruby/1.8/benchmark.rb:308:in `realtime'
/usr/local/lib/ruby/gems/1.8/gems/activesupport-2.3.4/lib/active_support/core_ext/benchmark.rb:17:in `ms'
/usr/local/lib/ruby/gems/1.8/gems/actionpack-2.3.4/lib/action_controller/benchmarking.rb:51:in `render'
/usr/local/lib/ruby/gems/1.8/gems/actionpack-2.3.4/lib/action_controller/base.rb:1326:in `default_render'
/usr/local/lib/ruby/gems/1.8/gems/actionpack-2.3.4/lib/action_controller/base.rb:1332:in `perform_action_without_filters'
/usr/local/lib/ruby/gems/1.8/gems/actionpack-2.3.4/lib/action_controller/filters.rb:617:in `call_filters'
/usr/local/lib/ruby/gems/1.8/gems/actionpack-2.3.4/lib/action_controller/filters.rb:610:in `perform_action_without_benchmark'
/usr/local/lib/ruby/gems/1.8/gems/actionpack-2.3.4/lib/action_controller/benchmarking.rb:68:in `perform_action_without_rescue'
/usr/local/lib/ruby/gems/1.8/gems/activesupport-2.3.4/lib/active_support/core_ext/benchmark.rb:17:in `ms'
/usr/local/lib/ruby/1.8/benchmark.rb:308:in `realtime'
/usr/local/lib/ruby/gems/1.8/gems/activesupport-2.3.4/lib/active_support/core_ext/benchmark.rb:17:in `ms'
/usr/local/lib/ruby/gems/1.8/gems/actionpack-2.3.4/lib/action_controller/benchmarking.rb:68:in `perform_action_without_rescue'
/usr/local/lib/ruby/gems/1.8/gems/actionpack-2.3.4/lib/action_controller/rescue.rb:160:in `perform_action_without_flash'
/usr/local/lib/ruby/gems/1.8/gems/actionpack-2.3.4/lib/action_controller/flash.rb:146:in `perform_action'
/usr/local/lib/ruby/gems/1.8/gems/actionpack-2.3.4/lib/action_controller/base.rb:532:in `send'
/usr/local/lib/ruby/gems/1.8/gems/actionpack-2.3.4/lib/action_controller/base.rb:532:in `process_without_filters'
/usr/local/lib/ruby/gems/1.8/gems/actionpack-2.3.4/lib/action_controller/filters.rb:606:in `process'
/usr/local/lib/ruby/gems/1.8/gems/actionpack-2.3.4/lib/action_controller/base.rb:391:in `process'
/usr/local/lib/ruby/gems/1.8/gems/actionpack-2.3.4/lib/action_controller/base.rb:386:in `call'
/usr/local/lib/ruby/gems/1.8/gems/actionpack-2.3.4/lib/action_controller/routing/route_set.rb:437:in `call'
/usr/local/lib/ruby/gems/1.8/gems/actionpack-2.3.4/lib/action_controller/dispatcher.rb:87:in `dispatch'
/usr/local/lib/ruby/gems/1.8/gems/actionpack-2.3.4/lib/action_controller/dispatcher.rb:121:in `_call'
/usr/local/lib/ruby/gems/1.8/gems/actionpack-2.3.4/lib/action_controller/dispatcher.rb:130:in `build_middleware_stack'
/usr/local/lib/ruby/gems/1.8/gems/activerecord-2.3.4/lib/active_record/query_cache.rb:29:in `call'
/usr/local/lib/ruby/gems/1.8/gems/activerecord-2.3.4/lib/active_record/query_cache.rb:29:in `call'
/usr/local/lib/ruby/gems/1.8/gems/activerecord-2.3.4/lib/active_record/connection_adapters/abstract/query_cache.rb:34:in `cache'
/usr/local/lib/ruby/gems/1.8/gems/activerecord-2.3.4/lib/active_record/query_cache.rb:9:in `cache'
/usr/local/lib/ruby/gems/1.8/gems/activerecord-2.3.4/lib/active_record/query_cache.rb:28:in `call'
/usr/local/lib/ruby/gems/1.8/gems/activerecord-2.3.4/lib/active_record/connection_adapters/abstract/connection_pool.rb:361:in `call'
/usr/local/lib/ruby/gems/1.8/gems/rack-1.0.0/lib/rack/head.rb:9:in `call'
/usr/local/lib/ruby/gems/1.8/gems/rack-1.0.0/lib/rack/methodoverride.rb:24:in `call'
/usr/local/lib/ruby/gems/1.8/gems/actionpack-2.3.4/lib/action_controller/params_parser.rb:15:in `call'
/usr/local/lib/ruby/gems/1.8/gems/actionpack-2.3.4/lib/action_controller/session/cookie_store.rb:93:in `call'
/usr/local/lib/ruby/gems/1.8/gems/actionpack-2.3.4/lib/action_controller/failsafe.rb:26:in `call'
/usr/local/lib/ruby/gems/1.8/gems/rack-1.0.0/lib/rack/lock.rb:11:in `call'
/usr/local/lib/ruby/gems/1.8/gems/rack-1.0.0/lib/rack/lock.rb:11:in `synchronize'
/usr/local/lib/ruby/gems/1.8/gems/rack-1.0.0/lib/rack/lock.rb:11:in `call'
/usr/local/lib/ruby/gems/1.8/gems/actionpack-2.3.4/lib/action_controller/dispatcher.rb:114:in `call'
/usr/local/lib/ruby/gems/1.8/gems/actionpack-2.3.4/lib/action_controller/reloader.rb:34:in `run'
/usr/local/lib/ruby/gems/1.8/gems/actionpack-2.3.4/lib/action_controller/dispatcher.rb:108:in `call'
/usr/local/lib/ruby/gems/1.8/gems/rails-2.3.4/lib/rails/rack/static.rb:31:in `call'
/usr/local/lib/ruby/gems/1.8/gems/rack-1.0.0/lib/rack/urlmap.rb:46:in `call'
/usr/local/lib/ruby/gems/1.8/gems/rack-1.0.0/lib/rack/urlmap.rb:40:in `each'
/usr/local/lib/ruby/gems/1.8/gems/rack-1.0.0/lib/rack/urlmap.rb:40:in `call'
/usr/local/lib/ruby/gems/1.8/gems/rails-2.3.4/lib/rails/rack/log_tailer.rb:17:in `call'
/usr/local/lib/ruby/gems/1.8/gems/rack-1.0.0/lib/rack/content_length.rb:13:in `call'
/usr/local/lib/ruby/gems/1.8/gems/rack-1.0.0/lib/rack/handler/webrick.rb:46:in `service'
/usr/local/lib/ruby/1.8/webrick/httpserver.rb:104:in `service'
/usr/local/lib/ruby/1.8/webrick/httpserver.rb:65:in `run'
/usr/local/lib/ruby/1.8/webrick/server.rb:173:in `start_thread'
/usr/local/lib/ruby/1.8/webrick/server.rb:162:in `start'
/usr/local/lib/ruby/1.8/webrick/server.rb:162:in `start_thread'
/usr/local/lib/ruby/1.8/webrick/server.rb:95:in `start'
/usr/local/lib/ruby/1.8/webrick/server.rb:92:in `each'
/usr/local/lib/ruby/1.8/webrick/server.rb:92:in `start'
/usr/local/lib/ruby/1.8/webrick/server.rb:23:in `start'
/usr/local/lib/ruby/1.8/webrick/server.rb:82:in `start'
/usr/local/lib/ruby/gems/1.8/gems/rack-1.0.0/lib/rack/handler/webrick.rb:13:in `run'
/usr/local/lib/ruby/gems/1.8/gems/rails-2.3.4/lib/commands/server.rb:111
/usr/local/lib/ruby/site_ruby/1.8/rubygems/custom_require.rb:31:in `gem_original_require'
/usr/local/lib/ruby/site_ruby/1.8/rubygems/custom_require.rb:31:in `require'
script/server:3

ActionView::TemplateError (compile error
/Users/ellis/src/PicPocket/app/views/pages/show.html.erb:6: syntax error, unexpected ')', expecting kEND
...', :method => :delete) ).to_s); @output_buffer.concat " |\n\...
                              ^) on line #6 of app/views/pages/show.html.erb:
3: 
4: <p>
5: 	<%= link_to "Edit", edit_page_path(@page) %> |
6: 	<%= link_to "Destroy", @page, :confirm => 'Are you sure?', :method => :delete) %> |
7: 	<%= link_to "View All", pages_path %>
8: </p>

    app/views/pages/show.html.erb:13:in `compile!'
    /usr/local/lib/ruby/1.8/webrick/httpserver.rb:104:in `service'
    /usr/local/lib/ruby/1.8/webrick/httpserver.rb:65:in `run'
    /usr/local/lib/ruby/1.8/webrick/server.rb:173:in `start_thread'
    /usr/local/lib/ruby/1.8/webrick/server.rb:162:in `start'
    /usr/local/lib/ruby/1.8/webrick/server.rb:162:in `start_thread'
    /usr/local/lib/ruby/1.8/webrick/server.rb:95:in `start'
    /usr/local/lib/ruby/1.8/webrick/server.rb:92:in `each'
    /usr/local/lib/ruby/1.8/webrick/server.rb:92:in `start'
    /usr/local/lib/ruby/1.8/webrick/server.rb:23:in `start'
    /usr/local/lib/ruby/1.8/webrick/server.rb:82:in `start'

Rendered rescues/_trace (85.9ms)
Rendered rescues/_request_and_response (0.6ms)
Rendering rescues/layout (internal_server_error)


Processing PagesController#show (for ::1 at 2009-11-27 05:01:09) [GET]
  Parameters: {"action"=>"show", "id"=>"1", "controller"=>"pages"}
  [4;35;1mPage Load (0.5ms)[0m   [0mSELECT * FROM "pages" WHERE ("pages"."id" = 1) [0m
Rendering template within layouts/application
Rendering pages/show
Completed in 42ms (View: 26, DB: 1) | 200 OK [http://localhost/pages/1]


Processing PagesController#edit (for ::1 at 2009-11-27 05:01:11) [GET]
  Parameters: {"action"=>"edit", "id"=>"1", "controller"=>"pages"}
  [4;36;1mPage Load (0.6ms)[0m   [0;1mSELECT * FROM "pages" WHERE ("pages"."id" = 1) [0m
Rendering template within layouts/application
Rendering pages/edit
Rendered pages/_form (11.6ms)
Completed in 125ms (View: 109, DB: 1) | 200 OK [http://localhost/pages/1/edit]


Processing PagesController#index (for ::1 at 2009-11-27 05:01:16) [GET]
  Parameters: {"action"=>"index", "controller"=>"pages"}
  [4;35;1mPage Load (0.9ms)[0m   [0mSELECT * FROM "pages" [0m
Rendering template within layouts/application
Rendering pages/index
Completed in 31ms (View: 18, DB: 1) | 200 OK [http://localhost/pages]


Processing PagesController#edit (for ::1 at 2009-11-27 05:01:21) [GET]
  Parameters: {"action"=>"edit", "id"=>"1", "controller"=>"pages"}
  [4;36;1mPage Load (0.6ms)[0m   [0;1mSELECT * FROM "pages" WHERE ("pages"."id" = 1) [0m
Rendering template within layouts/application
Rendering pages/edit
Rendered pages/_form (11.2ms)
Completed in 31ms (View: 15, DB: 1) | 200 OK [http://localhost/pages/1/edit]


Processing PagesController#index (for ::1 at 2009-11-27 05:02:46) [GET]
  Parameters: {"action"=>"index", "controller"=>"pages"}
  [4;35;1mPage Load (0.9ms)[0m   [0mSELECT * FROM "pages" [0m
Rendering template within layouts/application
Rendering pages/index
Completed in 34ms (View: 19, DB: 1) | 200 OK [http://localhost/pages]


Processing PagesController#show (for ::1 at 2009-11-27 05:02:49) [GET]
  Parameters: {"action"=>"show", "id"=>"1", "controller"=>"pages"}
  [4;36;1mPage Load (0.6ms)[0m   [0;1mSELECT * FROM "pages" WHERE ("pages"."id" = 1) [0m
Rendering template within layouts/application
Rendering pages/show

ActionView::TemplateError (uninitialized constant ActionView::Helpers::TextHelper::RedCloth) on line #3 of app/views/pages/show.html.erb:
1: <% title @page.name %>
2: 
3: <%= textilize @page.content %>
4: 
5: <p>
6: 	<%= link_to "Edit", edit_page_path(@page) %> |

    app/views/pages/show.html.erb:3
    /usr/local/lib/ruby/1.8/webrick/httpserver.rb:104:in `service'
    /usr/local/lib/ruby/1.8/webrick/httpserver.rb:65:in `run'
    /usr/local/lib/ruby/1.8/webrick/server.rb:173:in `start_thread'
    /usr/local/lib/ruby/1.8/webrick/server.rb:162:in `start'
    /usr/local/lib/ruby/1.8/webrick/server.rb:162:in `start_thread'
    /usr/local/lib/ruby/1.8/webrick/server.rb:95:in `start'
    /usr/local/lib/ruby/1.8/webrick/server.rb:92:in `each'
    /usr/local/lib/ruby/1.8/webrick/server.rb:92:in `start'
    /usr/local/lib/ruby/1.8/webrick/server.rb:23:in `start'
    /usr/local/lib/ruby/1.8/webrick/server.rb:82:in `start'

Rendered rescues/_trace (98.5ms)
Rendered rescues/_request_and_response (0.5ms)
Rendering rescues/layout (internal_server_error)


Processing PagesController#show (for ::1 at 2009-11-27 05:03:17) [GET]
  Parameters: {"action"=>"show", "id"=>"1", "controller"=>"pages"}
  [4;36;1mPage Load (0.7ms)[0m   [0;1mSELECT * FROM "pages" WHERE ("pages"."id" = 1) [0m
Rendering template within layouts/application
Rendering pages/show

ActionView::TemplateError (uninitialized constant ActionView::Helpers::TextHelper::RedCloth) on line #3 of app/views/pages/show.html.erb:
1: <% title @page.name %>
2: 
3: <%= textilize @page.content %>
4: 
5: <p>
6: 	<%= link_to "Edit", edit_page_path(@page) %> |

    app/views/pages/show.html.erb:3
    /usr/local/lib/ruby/1.8/webrick/httpserver.rb:104:in `service'
    /usr/local/lib/ruby/1.8/webrick/httpserver.rb:65:in `run'
    /usr/local/lib/ruby/1.8/webrick/server.rb:173:in `start_thread'
    /usr/local/lib/ruby/1.8/webrick/server.rb:162:in `start'
    /usr/local/lib/ruby/1.8/webrick/server.rb:162:in `start_thread'
    /usr/local/lib/ruby/1.8/webrick/server.rb:95:in `start'
    /usr/local/lib/ruby/1.8/webrick/server.rb:92:in `each'
    /usr/local/lib/ruby/1.8/webrick/server.rb:92:in `start'
    /usr/local/lib/ruby/1.8/webrick/server.rb:23:in `start'
    /usr/local/lib/ruby/1.8/webrick/server.rb:82:in `start'

Rendered rescues/_trace (94.1ms)
Rendered rescues/_request_and_response (2.8ms)
Rendering rescues/layout (internal_server_error)


Processing UsersController#index (for ::1 at 2009-11-27 05:04:51) [GET]
  Parameters: {"action"=>"index", "controller"=>"users"}
  [4;35;1mUser Load (2.3ms)[0m   [0mSELECT * FROM "users" [0m
Rendering template within layouts/application
Rendering users/index
Completed in 94ms (View: 84, DB: 2) | 200 OK [http://localhost/]


Processing PagesController#index (for ::1 at 2009-11-27 05:04:54) [GET]
  Parameters: {"action"=>"index", "controller"=>"pages"}
  [4;36;1mPage Load (0.9ms)[0m   [0;1mSELECT * FROM "pages" [0m
Rendering template within layouts/application
Rendering pages/index
Completed in 62ms (View: 48, DB: 1) | 200 OK [http://localhost/pages]


Processing PagesController#show (for ::1 at 2009-11-27 05:04:55) [GET]
  Parameters: {"action"=>"show", "id"=>"1", "controller"=>"pages"}
  [4;35;1mPage Load (0.5ms)[0m   [0mSELECT * FROM "pages" WHERE ("pages"."id" = 1) [0m
Rendering template within layouts/application
Rendering pages/show

ActionView::TemplateError (uninitialized constant ActionView::Helpers::TextHelper::RedCloth) on line #3 of app/views/pages/show.html.erb:
1: <% title @page.name %>
2: 
3: <%= textilize @page.content %>
4: 
5: <p>
6: 	<%= link_to "Edit", edit_page_path(@page) %> |

    app/views/pages/show.html.erb:3
    /usr/local/lib/ruby/1.8/webrick/httpserver.rb:104:in `service'
    /usr/local/lib/ruby/1.8/webrick/httpserver.rb:65:in `run'
    /usr/local/lib/ruby/1.8/webrick/server.rb:173:in `start_thread'
    /usr/local/lib/ruby/1.8/webrick/server.rb:162:in `start'
    /usr/local/lib/ruby/1.8/webrick/server.rb:162:in `start_thread'
    /usr/local/lib/ruby/1.8/webrick/server.rb:95:in `start'
    /usr/local/lib/ruby/1.8/webrick/server.rb:92:in `each'
    /usr/local/lib/ruby/1.8/webrick/server.rb:92:in `start'
    /usr/local/lib/ruby/1.8/webrick/server.rb:23:in `start'
    /usr/local/lib/ruby/1.8/webrick/server.rb:82:in `start'

Rendered rescues/_trace (89.5ms)
Rendered rescues/_request_and_response (0.5ms)
Rendering rescues/layout (internal_server_error)


Processing PagesController#show (for ::1 at 2009-11-27 05:04:57) [GET]
  Parameters: {"action"=>"show", "id"=>"1", "controller"=>"pages"}
  [4;36;1mPage Load (0.6ms)[0m   [0;1mSELECT * FROM "pages" WHERE ("pages"."id" = 1) [0m
Rendering template within layouts/application
Rendering pages/show

ActionView::TemplateError (uninitialized constant ActionView::Helpers::TextHelper::RedCloth) on line #3 of app/views/pages/show.html.erb:
1: <% title @page.name %>
2: 
3: <%= textilize @page.content %>
4: 
5: <p>
6: 	<%= link_to "Edit", edit_page_path(@page) %> |

    app/views/pages/show.html.erb:3
    /usr/local/lib/ruby/1.8/webrick/httpserver.rb:104:in `service'
    /usr/local/lib/ruby/1.8/webrick/httpserver.rb:65:in `run'
    /usr/local/lib/ruby/1.8/webrick/server.rb:173:in `start_thread'
    /usr/local/lib/ruby/1.8/webrick/server.rb:162:in `start'
    /usr/local/lib/ruby/1.8/webrick/server.rb:162:in `start_thread'
    /usr/local/lib/ruby/1.8/webrick/server.rb:95:in `start'
    /usr/local/lib/ruby/1.8/webrick/server.rb:92:in `each'
    /usr/local/lib/ruby/1.8/webrick/server.rb:92:in `start'
    /usr/local/lib/ruby/1.8/webrick/server.rb:23:in `start'
    /usr/local/lib/ruby/1.8/webrick/server.rb:82:in `start'

Rendered rescues/_trace (90.7ms)
Rendered rescues/_request_and_response (0.5ms)
Rendering rescues/layout (internal_server_error)


Processing PagesController#show (for ::1 at 2009-11-27 05:05:50) [GET]
  Parameters: {"action"=>"show", "id"=>"1", "controller"=>"pages"}
  [4;36;1mPage Load (0.6ms)[0m   [0;1mSELECT * FROM "pages" WHERE ("pages"."id" = 1) [0m
Rendering template within layouts/application
Rendering pages/show
Completed in 118ms (View: 101, DB: 1) | 200 OK [http://localhost/pages/1]


Processing PagesController#edit (for ::1 at 2009-11-27 05:05:52) [GET]
  Parameters: {"action"=>"edit", "id"=>"1", "controller"=>"pages"}
  [4;35;1mPage Load (0.5ms)[0m   [0mSELECT * FROM "pages" WHERE ("pages"."id" = 1) [0m
Rendering template within layouts/application
Rendering pages/edit
Rendered pages/_form (14.1ms)
Completed in 90ms (View: 73, DB: 1) | 200 OK [http://localhost/pages/1/edit]


Processing PagesController#update (for ::1 at 2009-11-27 05:06:49) [PUT]
  Parameters: {"commit"=>"Submit", "action"=>"update", "_method"=>"put", "authenticity_token"=>"rXKqjX6YxgJKhUlWQOi5z/PaSJLhJ/oqR23lB3hukSM=", "id"=>"1", "page"=>{"permalink"=>"about", "name"=>"About Us", "content"=>"[code]Lorem ipsum dolor sit amet, consectetur adipisicing elit, sed do eiusmod tempor incididunt ut labore et dolore magna aliqua. Ut enim ad minim veniam,[/code] quis nostrud exercitation ullamco laboris nisi ut aliquip ex ea commodo consequat. Duis aute irure dolor in reprehenderit in voluptate velit esse cillum dolore eu fugiat nulla pariatur. Excepteur sint occaecat cupidatat non proident, sunt in culpa qui officia deserunt mollit anim id est laborum."}, "controller"=>"pages"}
  [4;36;1mPage Load (0.5ms)[0m   [0;1mSELECT * FROM "pages" WHERE ("pages"."id" = 1) [0m
  [4;35;1mPage Update (11.3ms)[0m   [0mUPDATE "pages" SET "updated_at" = '2009-11-27 10:06:49', "content" = '[code]Lorem ipsum dolor sit amet, consectetur adipisicing elit, sed do eiusmod tempor incididunt ut labore et dolore magna aliqua. Ut enim ad minim veniam,[/code] quis nostrud exercitation ullamco laboris nisi ut aliquip ex ea commodo consequat. Duis aute irure dolor in reprehenderit in voluptate velit esse cillum dolore eu fugiat nulla pariatur. Excepteur sint occaecat cupidatat non proident, sunt in culpa qui officia deserunt mollit anim id est laborum.' WHERE "id" = 1[0m
Redirected to http://localhost:3000/pages/1
Completed in 40ms (DB: 12) | 302 Found [http://localhost/pages/1]


Processing PagesController#show (for ::1 at 2009-11-27 05:06:51) [GET]
  Parameters: {"action"=>"show", "id"=>"1", "controller"=>"pages"}
  [4;36;1mPage Load (0.5ms)[0m   [0;1mSELECT * FROM "pages" WHERE ("pages"."id" = 1) [0m
Rendering template within layouts/application
Rendering pages/show
Completed in 56ms (View: 40, DB: 1) | 200 OK [http://localhost/pages/1]


Processing PagesController#edit (for ::1 at 2009-11-27 05:06:56) [GET]
  Parameters: {"action"=>"edit", "id"=>"1", "controller"=>"pages"}
  [4;35;1mPage Load (0.5ms)[0m   [0mSELECT * FROM "pages" WHERE ("pages"."id" = 1) [0m
Rendering template within layouts/application
Rendering pages/edit
Rendered pages/_form (12.9ms)
Completed in 33ms (View: 17, DB: 1) | 200 OK [http://localhost/pages/1/edit]


Processing PagesController#update (for ::1 at 2009-11-27 05:07:05) [PUT]
  Parameters: {"commit"=>"Submit", "action"=>"update", "_method"=>"put", "authenticity_token"=>"rXKqjX6YxgJKhUlWQOi5z/PaSJLhJ/oqR23lB3hukSM=", "id"=>"1", "page"=>{"permalink"=>"about", "name"=>"About Us", "content"=>"[code]Lorem ipsum dolor sit amet, consectetur adipisicing elit, sed do eiusmod tempor incididunt ut labore et dolore magna aliqua. Ut enim ad minim veniam, quis nostrud exercitation ullamco laboris nisi ut aliquip ex ea commodo consequat. Duis aute irure dolor in reprehenderit in voluptate velit esse cillum dolore eu fugiat nulla pariatur. Excepteur sint occaecat cupidatat non proident, sunt in culpa qui officia deserunt mollit anim id est laborum.[/code]"}, "controller"=>"pages"}
  [4;36;1mPage Load (0.6ms)[0m   [0;1mSELECT * FROM "pages" WHERE ("pages"."id" = 1) [0m
  [4;35;1mPage Update (0.4ms)[0m   [0mUPDATE "pages" SET "updated_at" = '2009-11-27 10:07:05', "content" = '[code]Lorem ipsum dolor sit amet, consectetur adipisicing elit, sed do eiusmod tempor incididunt ut labore et dolore magna aliqua. Ut enim ad minim veniam, quis nostrud exercitation ullamco laboris nisi ut aliquip ex ea commodo consequat. Duis aute irure dolor in reprehenderit in voluptate velit esse cillum dolore eu fugiat nulla pariatur. Excepteur sint occaecat cupidatat non proident, sunt in culpa qui officia deserunt mollit anim id est laborum.[/code]' WHERE "id" = 1[0m
Redirected to http://localhost:3000/pages/1
Completed in 27ms (DB: 1) | 302 Found [http://localhost/pages/1]


Processing PagesController#show (for ::1 at 2009-11-27 05:07:05) [GET]
  Parameters: {"action"=>"show", "id"=>"1", "controller"=>"pages"}
  [4;36;1mPage Load (0.5ms)[0m   [0;1mSELECT * FROM "pages" WHERE ("pages"."id" = 1) [0m
Rendering template within layouts/application
Rendering pages/show
Completed in 33ms (View: 17, DB: 1) | 200 OK [http://localhost/pages/1]


Processing PagesController#show (for ::1 at 2009-11-27 05:09:32) [GET]
  Parameters: {"action"=>"show", "id"=>"about", "controller"=>"pages"}
  [4;35;1mPage Load (0.2ms)[0m   [0mSELECT * FROM "pages" WHERE ("pages"."id" = 0) [0m

ActiveRecord::RecordNotFound (Couldn't find Page with ID=about):
  app/controllers/pages_controller.rb:7:in `show'
  /usr/local/lib/ruby/1.8/webrick/httpserver.rb:104:in `service'
  /usr/local/lib/ruby/1.8/webrick/httpserver.rb:65:in `run'
  /usr/local/lib/ruby/1.8/webrick/server.rb:173:in `start_thread'
  /usr/local/lib/ruby/1.8/webrick/server.rb:162:in `start'
  /usr/local/lib/ruby/1.8/webrick/server.rb:162:in `start_thread'
  /usr/local/lib/ruby/1.8/webrick/server.rb:95:in `start'
  /usr/local/lib/ruby/1.8/webrick/server.rb:92:in `each'
  /usr/local/lib/ruby/1.8/webrick/server.rb:92:in `start'
  /usr/local/lib/ruby/1.8/webrick/server.rb:23:in `start'
  /usr/local/lib/ruby/1.8/webrick/server.rb:82:in `start'

Rendered rescues/_trace (72.4ms)
Rendered rescues/_request_and_response (2.7ms)
Rendering rescues/layout (not_found)


Processing PagesController#show (for ::1 at 2009-11-27 05:09:35) [GET]
  Parameters: {"permalink"=>"about", "action"=>"show", "controller"=>"pages"}

ActiveRecord::RecordNotFound (Couldn't find Page without an ID):
  app/controllers/pages_controller.rb:7:in `show'
  /usr/local/lib/ruby/1.8/webrick/httpserver.rb:104:in `service'
  /usr/local/lib/ruby/1.8/webrick/httpserver.rb:65:in `run'
  /usr/local/lib/ruby/1.8/webrick/server.rb:173:in `start_thread'
  /usr/local/lib/ruby/1.8/webrick/server.rb:162:in `start'
  /usr/local/lib/ruby/1.8/webrick/server.rb:162:in `start_thread'
  /usr/local/lib/ruby/1.8/webrick/server.rb:95:in `start'
  /usr/local/lib/ruby/1.8/webrick/server.rb:92:in `each'
  /usr/local/lib/ruby/1.8/webrick/server.rb:92:in `start'
  /usr/local/lib/ruby/1.8/webrick/server.rb:23:in `start'
  /usr/local/lib/ruby/1.8/webrick/server.rb:82:in `start'

Rendered rescues/_trace (70.2ms)
Rendered rescues/_request_and_response (0.5ms)
Rendering rescues/layout (not_found)


Processing PagesController#show (for ::1 at 2009-11-27 05:09:40) [GET]
  Parameters: {"permalink"=>"about", "action"=>"show", "controller"=>"pages"}

ActiveRecord::RecordNotFound (Couldn't find Page without an ID):
  app/controllers/pages_controller.rb:7:in `show'
  /usr/local/lib/ruby/1.8/webrick/httpserver.rb:104:in `service'
  /usr/local/lib/ruby/1.8/webrick/httpserver.rb:65:in `run'
  /usr/local/lib/ruby/1.8/webrick/server.rb:173:in `start_thread'
  /usr/local/lib/ruby/1.8/webrick/server.rb:162:in `start'
  /usr/local/lib/ruby/1.8/webrick/server.rb:162:in `start_thread'
  /usr/local/lib/ruby/1.8/webrick/server.rb:95:in `start'
  /usr/local/lib/ruby/1.8/webrick/server.rb:92:in `each'
  /usr/local/lib/ruby/1.8/webrick/server.rb:92:in `start'
  /usr/local/lib/ruby/1.8/webrick/server.rb:23:in `start'
  /usr/local/lib/ruby/1.8/webrick/server.rb:82:in `start'

Rendered rescues/_trace (68.7ms)
Rendered rescues/_request_and_response (0.6ms)
Rendering rescues/layout (not_found)


Processing PagesController#show (for ::1 at 2009-11-27 05:10:25) [GET]
  Parameters: {"permalink"=>"about", "action"=>"show", "controller"=>"pages"}
  [4;36;1mPage Load (0.6ms)[0m   [0;1mSELECT * FROM "pages" WHERE ("pages"."permalink" = 'about') LIMIT 1[0m
Rendering template within layouts/application
Rendering pages/show
Completed in 132ms (View: 19, DB: 1) | 200 OK [http://localhost/about]


Processing PagesController#show (for ::1 at 2009-11-27 05:10:40) [GET]
  Parameters: {"permalink"=>"asdf", "action"=>"show", "controller"=>"pages"}
  [4;35;1mPage Load (0.2ms)[0m   [0mSELECT * FROM "pages" WHERE ("pages"."permalink" = 'asdf') LIMIT 1[0m

ActiveRecord::RecordNotFound (Page not found):
  app/controllers/pages_controller.rb:5:in `show'
  /usr/local/lib/ruby/1.8/webrick/httpserver.rb:104:in `service'
  /usr/local/lib/ruby/1.8/webrick/httpserver.rb:65:in `run'
  /usr/local/lib/ruby/1.8/webrick/server.rb:173:in `start_thread'
  /usr/local/lib/ruby/1.8/webrick/server.rb:162:in `start'
  /usr/local/lib/ruby/1.8/webrick/server.rb:162:in `start_thread'
  /usr/local/lib/ruby/1.8/webrick/server.rb:95:in `start'
  /usr/local/lib/ruby/1.8/webrick/server.rb:92:in `each'
  /usr/local/lib/ruby/1.8/webrick/server.rb:92:in `start'
  /usr/local/lib/ruby/1.8/webrick/server.rb:23:in `start'
  /usr/local/lib/ruby/1.8/webrick/server.rb:82:in `start'

Rendered rescues/_trace (70.5ms)
Rendered rescues/_request_and_response (0.5ms)
Rendering rescues/layout (not_found)


Processing PagesController#edit (for ::1 at 2009-11-27 05:11:43) [GET]
  Parameters: {"action"=>"edit", "id"=>"1", "controller"=>"pages"}
Rendering template within layouts/application
Rendering pages/edit

ActionView::TemplateError (Called id for nil, which would mistakenly be 4 -- if you really wanted the id of nil, use object_id) on line #1 of app/views/pages/_form.html.erb:
1: <% form_for @page do |f| %>
2:   <%= f.error_messages %>
3:   <p>
4:     <%= f.label :name %><br />

    app/views/pages/_form.html.erb:1
    app/views/pages/edit.html.erb:3
    /usr/local/lib/ruby/1.8/webrick/httpserver.rb:104:in `service'
    /usr/local/lib/ruby/1.8/webrick/httpserver.rb:65:in `run'
    /usr/local/lib/ruby/1.8/webrick/server.rb:173:in `start_thread'
    /usr/local/lib/ruby/1.8/webrick/server.rb:162:in `start'
    /usr/local/lib/ruby/1.8/webrick/server.rb:162:in `start_thread'
    /usr/local/lib/ruby/1.8/webrick/server.rb:95:in `start'
    /usr/local/lib/ruby/1.8/webrick/server.rb:92:in `each'
    /usr/local/lib/ruby/1.8/webrick/server.rb:92:in `start'
    /usr/local/lib/ruby/1.8/webrick/server.rb:23:in `start'
    /usr/local/lib/ruby/1.8/webrick/server.rb:82:in `start'

Rendered rescues/_trace (203.1ms)
Rendered rescues/_request_and_response (0.5ms)
Rendering rescues/layout (internal_server_error)


Processing PagesController#edit (for ::1 at 2009-11-27 05:11:46) [GET]
  Parameters: {"action"=>"edit", "id"=>"1", "controller"=>"pages"}
Rendering template within layouts/application
Rendering pages/edit

ActionView::TemplateError (Called id for nil, which would mistakenly be 4 -- if you really wanted the id of nil, use object_id) on line #1 of app/views/pages/_form.html.erb:
1: <% form_for @page do |f| %>
2:   <%= f.error_messages %>
3:   <p>
4:     <%= f.label :name %><br />

    app/views/pages/_form.html.erb:1
    app/views/pages/edit.html.erb:3
    /usr/local/lib/ruby/1.8/webrick/httpserver.rb:104:in `service'
    /usr/local/lib/ruby/1.8/webrick/httpserver.rb:65:in `run'
    /usr/local/lib/ruby/1.8/webrick/server.rb:173:in `start_thread'
    /usr/local/lib/ruby/1.8/webrick/server.rb:162:in `start'
    /usr/local/lib/ruby/1.8/webrick/server.rb:162:in `start_thread'
    /usr/local/lib/ruby/1.8/webrick/server.rb:95:in `start'
    /usr/local/lib/ruby/1.8/webrick/server.rb:92:in `each'
    /usr/local/lib/ruby/1.8/webrick/server.rb:92:in `start'
    /usr/local/lib/ruby/1.8/webrick/server.rb:23:in `start'
    /usr/local/lib/ruby/1.8/webrick/server.rb:82:in `start'

Rendered rescues/_trace (110.8ms)
Rendered rescues/_request_and_response (0.5ms)
Rendering rescues/layout (internal_server_error)


Processing PagesController#edit (for ::1 at 2009-11-27 05:12:12) [GET]
  Parameters: {"action"=>"edit", "id"=>"1", "controller"=>"pages"}
  [4;36;1mPage Load (0.6ms)[0m   [0;1mSELECT * FROM "pages" WHERE ("pages"."id" = 1) [0m
Rendering template within layouts/application
Rendering pages/edit
Rendered pages/_form (11.2ms)
Completed in 31ms (View: 15, DB: 1) | 200 OK [http://localhost/pages/1/edit]


Processing PagesController#update (for ::1 at 2009-11-27 05:12:21) [PUT]
  Parameters: {"commit"=>"Submit", "action"=>"update", "_method"=>"put", "authenticity_token"=>"rXKqjX6YxgJKhUlWQOi5z/PaSJLhJ/oqR23lB3hukSM=", "id"=>"1", "page"=>{"permalink"=>"about", "name"=>"About Us", "content"=>"*Lorem ipsum dolor sit amet, consectetur adipisicing elit, sed do eiusmod tempor incididunt ut labore et dolore magna aliqua. Ut enim ad minim veniam, quis nostrud exercitation ullamco laboris nisi ut aliquip ex ea commodo consequat. Duis aute irure dolor in reprehenderit in voluptate velit esse cillum dolore eu fugiat nulla pariatur. Excepteur sint occaecat cupidatat non proident, sunt in culpa qui officia deserunt mollit anim id est laborum.*"}, "controller"=>"pages"}
  [4;35;1mPage Load (0.5ms)[0m   [0mSELECT * FROM "pages" WHERE ("pages"."id" = 1) [0m
  [4;36;1mPage Update (0.4ms)[0m   [0;1mUPDATE "pages" SET "updated_at" = '2009-11-27 10:12:21', "content" = '*Lorem ipsum dolor sit amet, consectetur adipisicing elit, sed do eiusmod tempor incididunt ut labore et dolore magna aliqua. Ut enim ad minim veniam, quis nostrud exercitation ullamco laboris nisi ut aliquip ex ea commodo consequat. Duis aute irure dolor in reprehenderit in voluptate velit esse cillum dolore eu fugiat nulla pariatur. Excepteur sint occaecat cupidatat non proident, sunt in culpa qui officia deserunt mollit anim id est laborum.*' WHERE "id" = 1[0m
Redirected to http://localhost:3000/pages/1
Completed in 27ms (DB: 1) | 302 Found [http://localhost/pages/1]


Processing PagesController#show (for ::1 at 2009-11-27 05:12:21) [GET]
  Parameters: {"action"=>"show", "id"=>"1", "controller"=>"pages"}
  [4;35;1mPage Load (1.2ms)[0m   [0mSELECT * FROM "pages" WHERE ("pages"."id" = 1) [0m
Rendering template within layouts/application
Rendering pages/show
Completed in 35ms (View: 16, DB: 1) | 200 OK [http://localhost/pages/1]


Processing PagesController#show (for ::1 at 2009-11-27 05:14:30) [GET]
  Parameters: {"permalink"=>"ab", "action"=>"show", "controller"=>"pages"}
  [4;36;1mPage Load (0.3ms)[0m   [0;1mSELECT * FROM "pages" WHERE ("pages"."permalink" = 'ab') LIMIT 1[0m

ActiveRecord::RecordNotFound (Page not found):
  app/controllers/pages_controller.rb:11:in `show'
  /usr/local/lib/ruby/1.8/webrick/httpserver.rb:104:in `service'
  /usr/local/lib/ruby/1.8/webrick/httpserver.rb:65:in `run'
  /usr/local/lib/ruby/1.8/webrick/server.rb:173:in `start_thread'
  /usr/local/lib/ruby/1.8/webrick/server.rb:162:in `start'
  /usr/local/lib/ruby/1.8/webrick/server.rb:162:in `start_thread'
  /usr/local/lib/ruby/1.8/webrick/server.rb:95:in `start'
  /usr/local/lib/ruby/1.8/webrick/server.rb:92:in `each'
  /usr/local/lib/ruby/1.8/webrick/server.rb:92:in `start'
  /usr/local/lib/ruby/1.8/webrick/server.rb:23:in `start'
  /usr/local/lib/ruby/1.8/webrick/server.rb:82:in `start'

Rendered rescues/_trace (157.2ms)
Rendered rescues/_request_and_response (0.5ms)
Rendering rescues/layout (not_found)


Processing PagesController#show (for ::1 at 2009-11-27 05:14:33) [GET]
  Parameters: {"permalink"=>"about", "action"=>"show", "controller"=>"pages"}
  [4;35;1mPage Load (0.5ms)[0m   [0mSELECT * FROM "pages" WHERE ("pages"."permalink" = 'about') LIMIT 1[0m
Rendering template within layouts/application
Rendering pages/show
Completed in 33ms (View: 17, DB: 1) | 200 OK [http://localhost/about]


Processing PagesController#edit (for ::1 at 2009-11-27 05:14:35) [GET]
  Parameters: {"action"=>"edit", "id"=>"1", "controller"=>"pages"}
Redirected to http://localhost:3000/login
Filter chain halted as [:login_required] rendered_or_redirected.
Completed in 1ms (DB: 0) | 302 Found [http://localhost/pages/1/edit]


Processing PagesController#show (for ::1 at 2009-11-27 05:14:35) [GET]
  Parameters: {"permalink"=>"login", "action"=>"show", "controller"=>"pages"}
  [4;36;1mPage Load (0.2ms)[0m   [0;1mSELECT * FROM "pages" WHERE ("pages"."permalink" = 'login') LIMIT 1[0m

ActiveRecord::RecordNotFound (Page not found):
  app/controllers/pages_controller.rb:11:in `show'
  /usr/local/lib/ruby/1.8/webrick/httpserver.rb:104:in `service'
  /usr/local/lib/ruby/1.8/webrick/httpserver.rb:65:in `run'
  /usr/local/lib/ruby/1.8/webrick/server.rb:173:in `start_thread'
  /usr/local/lib/ruby/1.8/webrick/server.rb:162:in `start'
  /usr/local/lib/ruby/1.8/webrick/server.rb:162:in `start_thread'
  /usr/local/lib/ruby/1.8/webrick/server.rb:95:in `start'
  /usr/local/lib/ruby/1.8/webrick/server.rb:92:in `each'
  /usr/local/lib/ruby/1.8/webrick/server.rb:92:in `start'
  /usr/local/lib/ruby/1.8/webrick/server.rb:23:in `start'
  /usr/local/lib/ruby/1.8/webrick/server.rb:82:in `start'

Rendered rescues/_trace (159.4ms)
Rendered rescues/_request_and_response (0.6ms)
Rendering rescues/layout (not_found)


Processing PagesController#index (for ::1 at 2009-11-27 05:14:44) [GET]
  Parameters: {"action"=>"index", "controller"=>"pages"}
Redirected to http://localhost:3000/login
Filter chain halted as [:login_required] rendered_or_redirected.
Completed in 1ms (DB: 0) | 302 Found [http://localhost/pages]


Processing PagesController#show (for ::1 at 2009-11-27 05:14:44) [GET]
  Parameters: {"permalink"=>"login", "action"=>"show", "controller"=>"pages"}
  [4;35;1mPage Load (0.2ms)[0m   [0mSELECT * FROM "pages" WHERE ("pages"."permalink" = 'login') LIMIT 1[0m

ActiveRecord::RecordNotFound (Page not found):
  app/controllers/pages_controller.rb:11:in `show'
  /usr/local/lib/ruby/1.8/webrick/httpserver.rb:104:in `service'
  /usr/local/lib/ruby/1.8/webrick/httpserver.rb:65:in `run'
  /usr/local/lib/ruby/1.8/webrick/server.rb:173:in `start_thread'
  /usr/local/lib/ruby/1.8/webrick/server.rb:162:in `start'
  /usr/local/lib/ruby/1.8/webrick/server.rb:162:in `start_thread'
  /usr/local/lib/ruby/1.8/webrick/server.rb:95:in `start'
  /usr/local/lib/ruby/1.8/webrick/server.rb:92:in `each'
  /usr/local/lib/ruby/1.8/webrick/server.rb:92:in `start'
  /usr/local/lib/ruby/1.8/webrick/server.rb:23:in `start'
  /usr/local/lib/ruby/1.8/webrick/server.rb:82:in `start'

Rendered rescues/_trace (68.1ms)
Rendered rescues/_request_and_response (0.5ms)
Rendering rescues/layout (not_found)


Processing PagesController#index (for ::1 at 2009-11-27 05:14:49) [GET]
  Parameters: {"action"=>"index", "controller"=>"pages"}
Redirected to http://localhost:3000/login
Filter chain halted as [:login_required] rendered_or_redirected.
Completed in 1ms (DB: 0) | 302 Found [http://localhost/pages]


Processing PagesController#show (for ::1 at 2009-11-27 05:14:49) [GET]
  Parameters: {"permalink"=>"login", "action"=>"show", "controller"=>"pages"}
  [4;36;1mPage Load (0.2ms)[0m   [0;1mSELECT * FROM "pages" WHERE ("pages"."permalink" = 'login') LIMIT 1[0m

ActiveRecord::RecordNotFound (Page not found):
  app/controllers/pages_controller.rb:11:in `show'
  /usr/local/lib/ruby/1.8/webrick/httpserver.rb:104:in `service'
  /usr/local/lib/ruby/1.8/webrick/httpserver.rb:65:in `run'
  /usr/local/lib/ruby/1.8/webrick/server.rb:173:in `start_thread'
  /usr/local/lib/ruby/1.8/webrick/server.rb:162:in `start'
  /usr/local/lib/ruby/1.8/webrick/server.rb:162:in `start_thread'
  /usr/local/lib/ruby/1.8/webrick/server.rb:95:in `start'
  /usr/local/lib/ruby/1.8/webrick/server.rb:92:in `each'
  /usr/local/lib/ruby/1.8/webrick/server.rb:92:in `start'
  /usr/local/lib/ruby/1.8/webrick/server.rb:23:in `start'
  /usr/local/lib/ruby/1.8/webrick/server.rb:82:in `start'

Rendered rescues/_trace (66.6ms)
Rendered rescues/_request_and_response (0.5ms)
Rendering rescues/layout (not_found)
